--------------------------------------------------------------------------
[[15155,1],0]: A high-performance Open MPI point-to-point messaging module
was unable to find any relevant network interfaces:

Module: OpenFabrics (openib)
  Host: ip-172-31-19-165

Another transport will be used instead, although this may result in
lower performance.

NOTE: You can disable this warning by setting the MCA parameter
btl_base_warn_component_unused to 0.
--------------------------------------------------------------------------
<?xml version="1.0" encoding="UTF-8"?>
<fpmd:simulation xmlns:fpmd="http://www.quantum-simulation.org/ns/fpmd/fpmd-1.0">
<uuid> c3ae23c6-1d54-11ea-bc63-06b03d31dcd0 </uuid>

                   ============================
                   I qbox 1.63.8              I
                   I                          I
                   I                          I
                   I                          I
                   I                          I
                   I                          I
                   I                          I
                   I                          I
                   I                          I
                   I                          I
                   I                          I
                   I                          I
                   I http://qboxcode.org      I
                   ============================


<release> 1.63.8  </release>
<svn_version>  </svn_version>
<user> ubuntu </user>
<sysname> Linux </sysname>
<nodename> ip-172-31-19-165 </nodename>
<start_time> 2019-12-13T03:00:48Z </start_time>
<mpi_processes count="1">
<process id="0"> ip-172-31-19-165 </process>
</mpi_processes>
[qbox] <cmd>species oxygen O_HSCV_LDA-1.0.xml</cmd>
  SpeciesCmd: defining species oxygen as O_HSCV_LDA-1.0.xml

Warning at file , line 0, char 0
  Message: unable to open primary document entity '/home/ubuntu/computation/species.xsd'

 species oxygen:
<species name="oxygen">
 <description>
 PSGen-1.6.1 pseudopotential: HSCV O xc=LDA
 Generated by PSGen-1.6.1 on 2009-10-11T04:37:28Z
 psgen arguments:
 -element O -xc LDA -smooth_v -bound l=0:rc=0.8 -bound l=1:rc=0.8
 </description>
 <symbol>O</symbol>
 <atomic_number>8</atomic_number>
 <mass>15.9994</mass>
 <norm_conserving_pseudopotential>
 <valence_charge>6</valence_charge>
 <lmax>1</lmax>
 <llocal>1</llocal>
 <nquad>0</nquad>
 <rquad>0</rquad>
 <mesh_spacing>0.01</mesh_spacing>
 </norm_conserving_pseudopotential>
</species>
 Kleinman-Bylander potential
 rcps_ =   1.5
[qbox] <cmd>species hydrogen H_HSCV_LDA-1.0.xml</cmd>
  SpeciesCmd: defining species hydrogen as H_HSCV_LDA-1.0.xml

Warning at file , line 0, char 0
  Message: unable to open primary document entity '/home/ubuntu/computation/species.xsd'

 species hydrogen:
<species name="hydrogen">
 <description>
 PSGen-1.6.1 pseudopotential: HSCV H xc=LDA
 Generated by PSGen-1.6.1 on 2009-10-11T04:37:09Z
 psgen arguments:
 -element H -xc LDA -smooth_v -bound l=0:rc=0.5
 </description>
 <symbol>H</symbol>
 <atomic_number>1</atomic_number>
 <mass>1.00794</mass>
 <norm_conserving_pseudopotential>
 <valence_charge>1</valence_charge>
 <lmax>0</lmax>
 <llocal>0</llocal>
 <nquad>0</nquad>
 <rquad>0</rquad>
 <mesh_spacing>0.01</mesh_spacing>
 </norm_conserving_pseudopotential>
</species>
 local potential
 rcps_ =   1.5
[qbox] <cmd>set cell 16.0 0 0  0 16.0 0  0 0 16.0</cmd>
<unit_cell 
    a=" 16.00000000   0.00000000   0.00000000"
    b="  0.00000000  16.00000000   0.00000000"
    c="  0.00000000   0.00000000  16.00000000" />
[qbox] <cmd>atom O oxygen  0.00000000 0.00000000 0.00000000 </cmd>
[qbox] <cmd>atom H1 hydrogen  0.00000000 1.43153712 1.10941390</cmd>
[qbox] <cmd>atom H2 hydrogen   0.00000000 -1.43153712 1.10941390</cmd>
[qbox] <cmd>set xc LDA</cmd>
[qbox] <cmd>set ecut 100</cmd>
[qbox] <cmd>set ecutprec 5</cmd>
[qbox] <cmd>set wf_dyn PSDA</cmd>
[qbox] <cmd>set scf_tol 0.000000001</cmd>
[qbox] <cmd>randomize_wf</cmd>
[qbox] <cmd>run 0 400</cmd>
  EnergyFunctional: np0v,np1v,np2v: 112 112 112
  EnergyFunctional: vft->np012(): 1404928
<wavefunction ecut="50.00000000" nspin="1" nel="8" nempty="0">
<cell a="16.000000 0.000000 0.000000"
      b="0.000000 16.000000 0.000000"
      c="0.000000 0.000000 16.000000"/>
 reciprocal lattice vectors
 0.392699 0.000000 0.000000
 0.000000 0.392699 0.000000
 0.000000 0.000000 0.392699
<refcell a="0.000000 0.000000 0.000000"
         b="0.000000 0.000000 0.000000"
         c="0.000000 0.000000 0.000000"/>
<grid nx="56" ny="56" nz="56"/>
 kpoint: 0.000000 0.000000 0.000000 weight: 1.000000
<slater_determinant kpoint="0.000000 0.000000 0.000000" size="4">
 sdcontext: 1x1
 basis size: 34500
 c dimensions: 34500x4   (34500x4 blocks)
 <density_matrix form="diagonal" size="4">
 </density_matrix>
</slater_determinant>
</wavefunction>
<iteration count="1">
  total_electronic_charge: 8.00000000
  <eigenvalue_sum>  92.98509412 </eigenvalue_sum>
  <etotal_int>     184.68022358 </etotal_int>
  total_electronic_charge: 7.99717157
  <eigenvalue_sum>  13.88166053 </eigenvalue_sum>
  Anderson extrapolation: theta=0.26239836 (0.26239836)
  <etotal_int>      27.37203008 </etotal_int>
  total_electronic_charge: 7.99999839
  <eigenvalue_sum>  -1.78505307 </eigenvalue_sum>
  Anderson extrapolation: theta=0.00736583 (0.00736583)
  <etotal_int>      -2.88927813 </etotal_int>
  total_electronic_charge: 8.00000000
  <eigenvalue_sum>  -2.78519007 </eigenvalue_sum>
  Anderson extrapolation: theta=0.61527595 (0.61527595)
  <etotal_int>      -5.29938433 </etotal_int>
  total_electronic_charge: 8.00000000
  <eigenvalue_sum>  -3.43760493 </eigenvalue_sum>
  Anderson extrapolation: theta=-0.03071458 (-0.03071458)
  <etotal_int>      -6.80437399 </etotal_int>
  total_electronic_charge: 8.00000000
  <eigenvalue_sum>  -3.63506318 </eigenvalue_sum>
  Anderson extrapolation: theta=-1.94566070 (0.00000000)
  <etotal_int>      -7.27233724 </etotal_int>
  total_electronic_charge: 8.00000000
  <eigenvalue_sum>  -3.88773602 </eigenvalue_sum>
  Anderson extrapolation: theta=-2.53588307 (0.00000000)
  <etotal_int>      -7.96162981 </etotal_int>
  total_electronic_charge: 8.00000000
  <eigenvalue_sum>  -4.20332437 </eigenvalue_sum>
  Anderson extrapolation: theta=-2.63840519 (0.00000000)
  <etotal_int>      -9.03222481 </etotal_int>
  total_electronic_charge: 8.00000000
  <eigenvalue_sum>  -4.49131209 </eigenvalue_sum>
  Anderson extrapolation: theta=-1.33296296 (0.00000000)
  <etotal_int>     -10.49874321 </etotal_int>
  total_electronic_charge: 8.00000000
  <eigenvalue_sum>  -4.57322235 </eigenvalue_sum>
  Anderson extrapolation: theta=0.71028489 (0.71028489)
  <etotal_int>     -12.01611952 </etotal_int>
  total_electronic_charge: 8.00000000
  <eigenvalue_sum>  -4.22810717 </eigenvalue_sum>
  Anderson extrapolation: theta=0.52833360 (0.52833360)
  <etotal_int>     -13.88343421 </etotal_int>
  total_electronic_charge: 8.00000000
  <eigenvalue_sum>  -3.73880728 </eigenvalue_sum>
  Anderson extrapolation: theta=0.63717222 (0.63717222)
  <etotal_int>     -14.95837063 </etotal_int>
  total_electronic_charge: 8.00000000
  <eigenvalue_sum>  -3.37774951 </eigenvalue_sum>
  Anderson extrapolation: theta=0.68674604 (0.68674604)
  <etotal_int>     -15.58337533 </etotal_int>
  total_electronic_charge: 8.00000000
  <eigenvalue_sum>  -3.19173684 </eigenvalue_sum>
  Anderson extrapolation: theta=0.40807647 (0.40807647)
  <etotal_int>     -15.93721600 </etotal_int>
  total_electronic_charge: 8.00000000
  <eigenvalue_sum>  -3.10473468 </eigenvalue_sum>
  Anderson extrapolation: theta=0.06165386 (0.06165386)
  <etotal_int>     -16.11075331 </etotal_int>
  total_electronic_charge: 8.00000000
  <eigenvalue_sum>  -3.04110550 </eigenvalue_sum>
  Anderson extrapolation: theta=-0.95837921 (-0.95837921)
  <etotal_int>     -16.20093272 </etotal_int>
  total_electronic_charge: 8.00000000
  <eigenvalue_sum>  -3.04459301 </eigenvalue_sum>
  Anderson extrapolation: theta=-7.93488419 (0.00000000)
  <etotal_int>     -16.19536274 </etotal_int>
  total_electronic_charge: 8.00000000
  <eigenvalue_sum>  -2.98117421 </eigenvalue_sum>
  Anderson extrapolation: theta=-1.31364590 (0.00000000)
  <etotal_int>     -16.27775651 </etotal_int>
  total_electronic_charge: 8.00000000
  <eigenvalue_sum>  -2.91168653 </eigenvalue_sum>
  Anderson extrapolation: theta=-0.47099245 (-0.47099245)
  <etotal_int>     -16.36147624 </etotal_int>
  total_electronic_charge: 8.00000000
  <eigenvalue_sum>  -2.87320486 </eigenvalue_sum>
  Anderson extrapolation: theta=1.60439274 (1.60439274)
  <etotal_int>     -16.40588866 </etotal_int>
  total_electronic_charge: 8.00000000
  <eigenvalue_sum>  -2.72747345 </eigenvalue_sum>
  Anderson extrapolation: theta=1.30269810 (1.30269810)
  <etotal_int>     -16.55771822 </etotal_int>
  total_electronic_charge: 8.00000000
  <eigenvalue_sum>  -2.44153351 </eigenvalue_sum>
  Anderson extrapolation: theta=1.15213396 (1.15213396)
  <etotal_int>     -16.79978029 </etotal_int>
  total_electronic_charge: 8.00000000
  <eigenvalue_sum>  -2.11586926 </eigenvalue_sum>
  Anderson extrapolation: theta=0.53282652 (0.53282652)
  <etotal_int>     -17.02202575 </etotal_int>
  total_electronic_charge: 8.00000000
  <eigenvalue_sum>  -2.02390948 </eigenvalue_sum>
  Anderson extrapolation: theta=0.75891978 (0.75891978)
  <etotal_int>     -17.10096100 </etotal_int>
  total_electronic_charge: 8.00000000
  <eigenvalue_sum>  -2.01915478 </eigenvalue_sum>
  Anderson extrapolation: theta=0.45703908 (0.45703908)
  <etotal_int>     -17.13812902 </etotal_int>
  total_electronic_charge: 8.00000000
  <eigenvalue_sum>  -2.03349746 </eigenvalue_sum>
  Anderson extrapolation: theta=0.87162118 (0.87162118)
  <etotal_int>     -17.14964781 </etotal_int>
  total_electronic_charge: 8.00000000
  <eigenvalue_sum>  -2.05091174 </eigenvalue_sum>
  Anderson extrapolation: theta=0.48399739 (0.48399739)
  <etotal_int>     -17.15601542 </etotal_int>
  total_electronic_charge: 8.00000000
  <eigenvalue_sum>  -2.05676109 </eigenvalue_sum>
  Anderson extrapolation: theta=0.95582195 (0.95582195)
  <etotal_int>     -17.15836169 </etotal_int>
  total_electronic_charge: 8.00000000
  <eigenvalue_sum>  -2.06136725 </eigenvalue_sum>
  Anderson extrapolation: theta=0.49034332 (0.49034332)
  <etotal_int>     -17.15991732 </etotal_int>
  total_electronic_charge: 8.00000000
  <eigenvalue_sum>  -2.06178311 </eigenvalue_sum>
  Anderson extrapolation: theta=1.07266716 (1.07266716)
  <etotal_int>     -17.16069274 </etotal_int>
  total_electronic_charge: 8.00000000
  <eigenvalue_sum>  -2.06159908 </eigenvalue_sum>
  Anderson extrapolation: theta=0.55420325 (0.55420325)
  <etotal_int>     -17.16139316 </etotal_int>
  total_electronic_charge: 8.00000000
  <eigenvalue_sum>  -2.06067186 </eigenvalue_sum>
  Anderson extrapolation: theta=1.14161720 (1.14161720)
  <etotal_int>     -17.16181247 </etotal_int>
  total_electronic_charge: 8.00000000
  <eigenvalue_sum>  -2.05928719 </eigenvalue_sum>
  Anderson extrapolation: theta=0.59813236 (0.59813236)
  <etotal_int>     -17.16221643 </etotal_int>
  total_electronic_charge: 8.00000000
  <eigenvalue_sum>  -2.05807278 </eigenvalue_sum>
  Anderson extrapolation: theta=1.10271733 (1.10271733)
  <etotal_int>     -17.16245185 </etotal_int>
  total_electronic_charge: 8.00000000
  <eigenvalue_sum>  -2.05666634 </eigenvalue_sum>
  Anderson extrapolation: theta=0.59891929 (0.59891929)
  <etotal_int>     -17.16265978 </etotal_int>
  total_electronic_charge: 8.00000000
  <eigenvalue_sum>  -2.05572775 </eigenvalue_sum>
  Anderson extrapolation: theta=1.05824538 (1.05824538)
  <etotal_int>     -17.16277520 </etotal_int>
  total_electronic_charge: 8.00000000
  <eigenvalue_sum>  -2.05480677 </eigenvalue_sum>
  Anderson extrapolation: theta=0.60379092 (0.60379092)
  <etotal_int>     -17.16287197 </etotal_int>
  total_electronic_charge: 8.00000000
  <eigenvalue_sum>  -2.05428595 </eigenvalue_sum>
  Anderson extrapolation: theta=1.05258517 (1.05258517)
  <etotal_int>     -17.16292690 </etotal_int>
  total_electronic_charge: 8.00000000
  <eigenvalue_sum>  -2.05383327 </eigenvalue_sum>
  Anderson extrapolation: theta=0.61119320 (0.61119320)
  <etotal_int>     -17.16297341 </etotal_int>
  total_electronic_charge: 8.00000000
  <eigenvalue_sum>  -2.05361495 </eigenvalue_sum>
  Anderson extrapolation: theta=1.04866748 (1.04866748)
  <etotal_int>     -17.16300102 </etotal_int>
  total_electronic_charge: 8.00000000
  <eigenvalue_sum>  -2.05345621 </eigenvalue_sum>
  Anderson extrapolation: theta=0.61841593 (0.61841593)
  <etotal_int>     -17.16302524 </etotal_int>
  total_electronic_charge: 8.00000000
  <eigenvalue_sum>  -2.05340241 </eigenvalue_sum>
  Anderson extrapolation: theta=1.06480292 (1.06480292)
  <etotal_int>     -17.16304055 </etotal_int>
  total_electronic_charge: 8.00000000
  <eigenvalue_sum>  -2.05338856 </eigenvalue_sum>
  Anderson extrapolation: theta=0.64458519 (0.64458519)
  <etotal_int>     -17.16305484 </etotal_int>
  total_electronic_charge: 8.00000000
  <eigenvalue_sum>  -2.05340636 </eigenvalue_sum>
  Anderson extrapolation: theta=1.09853279 (1.09853279)
  <etotal_int>     -17.16306427 </etotal_int>
  total_electronic_charge: 8.00000000
  <eigenvalue_sum>  -2.05344805 </eigenvalue_sum>
  Anderson extrapolation: theta=0.67052593 (0.67052593)
  <etotal_int>     -17.16307315 </etotal_int>
  total_electronic_charge: 8.00000000
  <eigenvalue_sum>  -2.05348526 </eigenvalue_sum>
  Anderson extrapolation: theta=1.08301949 (1.08301949)
  <etotal_int>     -17.16307878 </etotal_int>
  total_electronic_charge: 8.00000000
  <eigenvalue_sum>  -2.05352971 </eigenvalue_sum>
  Anderson extrapolation: theta=0.65689828 (0.65689828)
  <etotal_int>     -17.16308359 </etotal_int>
  total_electronic_charge: 8.00000000
  <eigenvalue_sum>  -2.05355429 </eigenvalue_sum>
  Anderson extrapolation: theta=1.02192521 (1.02192521)
  <etotal_int>     -17.16308636 </etotal_int>
  total_electronic_charge: 8.00000000
  <eigenvalue_sum>  -2.05357290 </eigenvalue_sum>
  Anderson extrapolation: theta=0.62676943 (0.62676943)
  <etotal_int>     -17.16308850 </etotal_int>
  total_electronic_charge: 8.00000000
  <eigenvalue_sum>  -2.05357523 </eigenvalue_sum>
  Anderson extrapolation: theta=1.00173187 (1.00173187)
  <etotal_int>     -17.16308976 </etotal_int>
  total_electronic_charge: 8.00000000
  <eigenvalue_sum>  -2.05357036 </eigenvalue_sum>
  Anderson extrapolation: theta=0.62963461 (0.62963461)
  <etotal_int>     -17.16309084 </etotal_int>
  total_electronic_charge: 8.00000000
  <eigenvalue_sum>  -2.05356117 </eigenvalue_sum>
  Anderson extrapolation: theta=1.05506666 (1.05506666)
  <etotal_int>     -17.16309159 </etotal_int>
  total_electronic_charge: 8.00000000
  <eigenvalue_sum>  -2.05354885 </eigenvalue_sum>
  Anderson extrapolation: theta=0.67339198 (0.67339198)
  <etotal_int>     -17.16309236 </etotal_int>
  total_electronic_charge: 8.00000000
  <eigenvalue_sum>  -2.05353975 </eigenvalue_sum>
  Anderson extrapolation: theta=1.12295744 (1.12295744)
  <etotal_int>     -17.16309293 </etotal_int>
  total_electronic_charge: 8.00000000
  <eigenvalue_sum>  -2.05353142 </eigenvalue_sum>
  Anderson extrapolation: theta=0.71402194 (0.71402194)
  <etotal_int>     -17.16309352 </etotal_int>
  total_electronic_charge: 8.00000000
  <eigenvalue_sum>  -2.05352831 </eigenvalue_sum>
  Anderson extrapolation: theta=1.11346827 (1.11346827)
  <etotal_int>     -17.16309393 </etotal_int>
  total_electronic_charge: 8.00000000
  <eigenvalue_sum>  -2.05352865 </eigenvalue_sum>
  Anderson extrapolation: theta=0.69993184 (0.69993184)
  <etotal_int>     -17.16309430 </etotal_int>
  total_electronic_charge: 8.00000000
  <eigenvalue_sum>  -2.05353236 </eigenvalue_sum>
  Anderson extrapolation: theta=1.02900930 (1.02900930)
  <etotal_int>     -17.16309452 </etotal_int>
  total_electronic_charge: 8.00000000
  <eigenvalue_sum>  -2.05353912 </eigenvalue_sum>
  Anderson extrapolation: theta=0.64943388 (0.64943388)
  <etotal_int>     -17.16309468 </etotal_int>
  total_electronic_charge: 8.00000000
  <eigenvalue_sum>  -2.05354547 </eigenvalue_sum>
  Anderson extrapolation: theta=0.97007318 (0.97007318)
  <etotal_int>     -17.16309477 </etotal_int>
  total_electronic_charge: 8.00000000
  <eigenvalue_sum>  -2.05355266 </eigenvalue_sum>
  Anderson extrapolation: theta=0.62677831 (0.62677831)
  <etotal_int>     -17.16309483 </etotal_int>
  total_electronic_charge: 8.00000000
  <eigenvalue_sum>  -2.05355737 </eigenvalue_sum>
  Anderson extrapolation: theta=1.00578402 (1.00578402)
  <etotal_int>     -17.16309488 </etotal_int>
  total_electronic_charge: 8.00000000
  <eigenvalue_sum>  -2.05356166 </eigenvalue_sum>
  Anderson extrapolation: theta=0.66398322 (0.66398322)
  <etotal_int>     -17.16309492 </etotal_int>
  total_electronic_charge: 8.00000000
  <eigenvalue_sum>  -2.05356361 </eigenvalue_sum>
  Anderson extrapolation: theta=1.10693034 (1.10693034)
  <etotal_int>     -17.16309495 </etotal_int>
  total_electronic_charge: 8.00000000
  <eigenvalue_sum>  -2.05356461 </eigenvalue_sum>
  Anderson extrapolation: theta=0.72909809 (0.72909809)
  <etotal_int>     -17.16309499 </etotal_int>
  total_electronic_charge: 8.00000000
  <eigenvalue_sum>  -2.05356407 </eigenvalue_sum>
  Anderson extrapolation: theta=1.15169017 (1.15169017)
  <etotal_int>     -17.16309503 </etotal_int>
  total_electronic_charge: 8.00000000
  <eigenvalue_sum>  -2.05356227 </eigenvalue_sum>
  Anderson extrapolation: theta=0.74309170 (0.74309170)
  <etotal_int>     -17.16309506 </etotal_int>
  total_electronic_charge: 8.00000000
  <eigenvalue_sum>  -2.05355990 </eigenvalue_sum>
  Anderson extrapolation: theta=1.07692365 (1.07692365)
  <etotal_int>     -17.16309508 </etotal_int>
  total_electronic_charge: 8.00000000
  <eigenvalue_sum>  -2.05355660 </eigenvalue_sum>
  Anderson extrapolation: theta=0.69140752 (0.69140752)
  <etotal_int>     -17.16309510 </etotal_int>
  total_electronic_charge: 8.00000000
  <eigenvalue_sum>  -2.05355383 </eigenvalue_sum>
  Anderson extrapolation: theta=0.98240077 (0.98240077)
  <etotal_int>     -17.16309511 </etotal_int>
  total_electronic_charge: 8.00000000
  <eigenvalue_sum>  -2.05355090 </eigenvalue_sum>
  Anderson extrapolation: theta=0.64422742 (0.64422742)
  <etotal_int>     -17.16309511 </etotal_int>
  total_electronic_charge: 8.00000000
  <eigenvalue_sum>  -2.05354898 </eigenvalue_sum>
  Anderson extrapolation: theta=0.96838374 (0.96838374)
  <etotal_int>     -17.16309512 </etotal_int>
  total_electronic_charge: 8.00000000
  <eigenvalue_sum>  -2.05354729 </eigenvalue_sum>
  Anderson extrapolation: theta=0.64922166 (0.64922166)
  <etotal_int>     -17.16309512 </etotal_int>
  total_electronic_charge: 8.00000000
  <eigenvalue_sum>  -2.05354645 </eigenvalue_sum>
  Anderson extrapolation: theta=1.03940887 (1.03940887)
  <etotal_int>     -17.16309512 </etotal_int>
  total_electronic_charge: 8.00000000
  <eigenvalue_sum>  -2.05354589 </eigenvalue_sum>
  Anderson extrapolation: theta=0.69939534 (0.69939534)
  <etotal_int>     -17.16309512 </etotal_int>
  total_electronic_charge: 8.00000000
  <eigenvalue_sum>  -2.05354584 </eigenvalue_sum>
  Anderson extrapolation: theta=1.11984996 (1.11984996)
  <etotal_int>     -17.16309513 </etotal_int>
  total_electronic_charge: 8.00000000
  <eigenvalue_sum>  -2.05354613 </eigenvalue_sum>
  Anderson extrapolation: theta=0.74307742 (0.74307742)
  <etotal_int>     -17.16309513 </etotal_int>
  total_electronic_charge: 8.00000000
  <eigenvalue_sum>  -2.05354664 </eigenvalue_sum>
  Anderson extrapolation: theta=1.11967759 (1.11967759)
  <etotal_int>     -17.16309513 </etotal_int>
  total_electronic_charge: 8.00000000
  <eigenvalue_sum>  -2.05354747 </eigenvalue_sum>
  Anderson extrapolation: theta=0.73487423 (0.73487423)
  <etotal_int>     -17.16309513 </etotal_int>
  total_electronic_charge: 8.00000000
  <eigenvalue_sum>  -2.05354827 </eigenvalue_sum>
  Anderson extrapolation: theta=1.05225439 (1.05225439)
  <etotal_int>     -17.16309513 </etotal_int>
  total_electronic_charge: 8.00000000
  <eigenvalue_sum>  -2.05354923 </eigenvalue_sum>
  Anderson extrapolation: theta=0.69743153 (0.69743153)
  <etotal_int>     -17.16309513 </etotal_int>
  total_electronic_charge: 8.00000000
  <eigenvalue_sum>  -2.05354997 </eigenvalue_sum>
  Anderson extrapolation: theta=1.00213302 (1.00213302)
  <etotal_int>     -17.16309513 </etotal_int>
  total_electronic_charge: 8.00000000
  <eigenvalue_sum>  -2.05355070 </eigenvalue_sum>
  Anderson extrapolation: theta=0.67750276 (0.67750276)
  <etotal_int>     -17.16309513 </etotal_int>
  total_electronic_charge: 8.00000000
  <ekin>        12.67987793 </ekin>
  <econf>        0.00000000 </econf>
  <eps>        -20.73318985 </eps>
  <enl>          2.00080707 </enl>
  <ecoul>       -6.98799267 </ecoul>
  <exc>         -4.12259762 </exc>
  <esr>          1.52555476 </esr>
  <eself>       10.10653777 </eself>
  <ets>          0.00000000 </ets>
  <eexf>         0.00000000 </eexf>
  <etotal>     -17.16309513 </etotal>
  <epv>          0.00000000 </epv>
  <eefield>      0.00000000 </eefield>
  <enthalpy>   -17.16309513 </enthalpy>
<atomset>
<unit_cell 
    a=" 16.00000000   0.00000000   0.00000000"
    b="  0.00000000  16.00000000   0.00000000"
    c="  0.00000000   0.00000000  16.00000000" />
  <atom name="O" species="oxygen">
    <position> 0.00000000 0.00000000 0.00000000 </position>
    <velocity> 0.00000000 0.00000000 0.00000000 </velocity>
    <force> -0.00000062 0.00000245 -0.01561346 </force>
  </atom>
  <atom name="H1" species="hydrogen">
    <position> 0.00000000 1.43153712 1.10941390 </position>
    <velocity> 0.00000000 0.00000000 0.00000000 </velocity>
    <force> -0.00000009 0.01241255 0.00780167 </force>
  </atom>
  <atom name="H2" species="hydrogen">
    <position> 0.00000000 -1.43153712 1.10941390 </position>
    <velocity> 0.00000000 0.00000000 0.00000000 </velocity>
    <force> 0.00000005 -0.01241191 0.00780283 </force>
  </atom>
</atomset>
<unit_cell_a_norm> 16.000000 </unit_cell_a_norm>
<unit_cell_b_norm> 16.000000 </unit_cell_b_norm>
<unit_cell_c_norm> 16.000000 </unit_cell_c_norm>
<unit_cell_alpha>  90.000 </unit_cell_alpha>
<unit_cell_beta>   90.000 </unit_cell_beta>
<unit_cell_gamma>  90.000 </unit_cell_gamma>
<unit_cell_volume> 4096.000 </unit_cell_volume>
<timing name="iteration"       min="24.388" max="24.388"/>
</iteration>
<timing name="charge"          min="7.537" max="7.537"/>
<timing name="energy"          min="7.438" max="7.438"/>
<timing name="ortho_align"     min="0.330" max="0.330"/>
<timing name="psda_prec"       min="0.050" max="0.050"/>
<timing name="psda_residual"   min="0.182" max="0.182"/>
<timing name="psda_update_wf"  min="0.088" max="0.088"/>
<timing name="update_vhxc"     min="8.601" max="8.601"/>
<timing name="wf_update"       min="0.774" max="0.774"/>
<timing name="ekin"            min="0.146" max="0.146"/>
<timing name="exc"             min="4.261" max="4.261"/>
<timing name="hpsi"            min="6.643" max="6.643"/>
<timing name="nonlocal"        min="0.616" max="0.616"/>
<timing name="charge_compute"  min="3.958" max="3.958"/>
<timing name="charge_integral" min="0.282" max="0.282"/>
<timing name="charge_rowsum"   min="0.323" max="0.323"/>
<timing name="charge_vft"      min="2.970" max="2.970"/>
[qbox]  End of command stream 
<real_time> 24.998 </real_time>
<end_time> 2019-12-13T03:01:13Z </end_time>
</fpmd:simulation>
