--------------------------------------------------------------------------
[[3323,1],0]: A high-performance Open MPI point-to-point messaging module
was unable to find any relevant network interfaces:

Module: OpenFabrics (openib)
  Host: ip-172-31-19-165

Another transport will be used instead, although this may result in
lower performance.

NOTE: You can disable this warning by setting the MCA parameter
btl_base_warn_component_unused to 0.
--------------------------------------------------------------------------
<?xml version="1.0" encoding="UTF-8"?>
<fpmd:simulation xmlns:fpmd="http://www.quantum-simulation.org/ns/fpmd/fpmd-1.0">
<uuid> 18d2e230-1d85-11ea-bc63-06b03d31dcd0 </uuid>

                   ============================
                   I qbox 1.63.8              I
                   I                          I
                   I                          I
                   I                          I
                   I                          I
                   I                          I
                   I                          I
                   I                          I
                   I                          I
                   I                          I
                   I                          I
                   I                          I
                   I http://qboxcode.org      I
                   ============================


<release> 1.63.8  </release>
<svn_version>  </svn_version>
<user> ubuntu </user>
<sysname> Linux </sysname>
<nodename> ip-172-31-19-165 </nodename>
<start_time> 2019-12-13T08:46:47Z </start_time>
<mpi_processes count="1">
<process id="0"> ip-172-31-19-165 </process>
</mpi_processes>
[qbox] <cmd>species oxygen O_HSCV_LDA-1.0.xml</cmd>
  SpeciesCmd: defining species oxygen as O_HSCV_LDA-1.0.xml

Warning at file , line 0, char 0
  Message: unable to open primary document entity '/home/ubuntu/computation/species.xsd'

 species oxygen:
<species name="oxygen">
 <description>
 PSGen-1.6.1 pseudopotential: HSCV O xc=LDA
 Generated by PSGen-1.6.1 on 2009-10-11T04:37:28Z
 psgen arguments:
 -element O -xc LDA -smooth_v -bound l=0:rc=0.8 -bound l=1:rc=0.8
 </description>
 <symbol>O</symbol>
 <atomic_number>8</atomic_number>
 <mass>15.9994</mass>
 <norm_conserving_pseudopotential>
 <valence_charge>6</valence_charge>
 <lmax>1</lmax>
 <llocal>1</llocal>
 <nquad>0</nquad>
 <rquad>0</rquad>
 <mesh_spacing>0.01</mesh_spacing>
 </norm_conserving_pseudopotential>
</species>
 Kleinman-Bylander potential
 rcps_ =   1.5
[qbox] <cmd>species hydrogen H_HSCV_LDA-1.0.xml</cmd>
  SpeciesCmd: defining species hydrogen as H_HSCV_LDA-1.0.xml

Warning at file , line 0, char 0
  Message: unable to open primary document entity '/home/ubuntu/computation/species.xsd'

 species hydrogen:
<species name="hydrogen">
 <description>
 PSGen-1.6.1 pseudopotential: HSCV H xc=LDA
 Generated by PSGen-1.6.1 on 2009-10-11T04:37:09Z
 psgen arguments:
 -element H -xc LDA -smooth_v -bound l=0:rc=0.5
 </description>
 <symbol>H</symbol>
 <atomic_number>1</atomic_number>
 <mass>1.00794</mass>
 <norm_conserving_pseudopotential>
 <valence_charge>1</valence_charge>
 <lmax>0</lmax>
 <llocal>0</llocal>
 <nquad>0</nquad>
 <rquad>0</rquad>
 <mesh_spacing>0.01</mesh_spacing>
 </norm_conserving_pseudopotential>
</species>
 local potential
 rcps_ =   1.5
[qbox] <cmd>set cell 16.0 0 0  0 16.0 0  0 0 16.0</cmd>
<unit_cell 
    a=" 16.00000000   0.00000000   0.00000000"
    b="  0.00000000  16.00000000   0.00000000"
    c="  0.00000000   0.00000000  16.00000000" />
[qbox] <cmd>atom O oxygen  0.00000068 0.00004595 -0.00978420 </cmd>
[qbox] <cmd>atom H1 hydrogen  0.00000013 1.45749658 1.11402678</cmd>
[qbox] <cmd>atom H2 hydrogen   0.00000014 -1.45743901 1.11398224</cmd>
[qbox] <cmd>set xc LDA</cmd>
[qbox] <cmd>set ecut 85</cmd>
[qbox] <cmd>set ecutprec 5</cmd>
[qbox] <cmd>set wf_dyn PSDA</cmd>
[qbox] <cmd>set scf_tol 0.000000001</cmd>
[qbox] <cmd>randomize_wf</cmd>
[qbox] <cmd>run 0 400</cmd>
  EnergyFunctional: np0v,np1v,np2v: 110 110 110
  EnergyFunctional: vft->np012(): 1331000
<wavefunction ecut="42.50000000" nspin="1" nel="8" nempty="0">
<cell a="16.000000 0.000000 0.000000"
      b="0.000000 16.000000 0.000000"
      c="0.000000 0.000000 16.000000"/>
 reciprocal lattice vectors
 0.392699 0.000000 0.000000
 0.000000 0.392699 0.000000
 0.000000 0.000000 0.392699
<refcell a="0.000000 0.000000 0.000000"
         b="0.000000 0.000000 0.000000"
         c="0.000000 0.000000 0.000000"/>
<grid nx="48" ny="48" nz="48"/>
 kpoint: 0.000000 0.000000 0.000000 weight: 1.000000
<slater_determinant kpoint="0.000000 0.000000 0.000000" size="4">
 sdcontext: 1x1
 basis size: 27170
 c dimensions: 27170x4   (27170x4 blocks)
 <density_matrix form="diagonal" size="4">
 </density_matrix>
</slater_determinant>
</wavefunction>
<iteration count="1">
  total_electronic_charge: 8.00000000
  <eigenvalue_sum>  75.44142251 </eigenvalue_sum>
  <etotal_int>     149.75676927 </etotal_int>
  total_electronic_charge: 7.99906924
  <eigenvalue_sum>  11.93541548 </eigenvalue_sum>
  Anderson extrapolation: theta=0.27145196 (0.27145196)
  <etotal_int>      23.42827798 </etotal_int>
  total_electronic_charge: 7.99999917
  <eigenvalue_sum>  -1.80820942 </eigenvalue_sum>
  Anderson extrapolation: theta=0.01347744 (0.01347744)
  <etotal_int>      -3.15218297 </etotal_int>
  total_electronic_charge: 8.00000000
  <eigenvalue_sum>  -2.77006064 </eigenvalue_sum>
  Anderson extrapolation: theta=0.57905246 (0.57905246)
  <etotal_int>      -5.43231511 </etotal_int>
  total_electronic_charge: 8.00000000
  <eigenvalue_sum>  -3.41485383 </eigenvalue_sum>
  Anderson extrapolation: theta=-0.13975960 (-0.13975960)
  <etotal_int>      -6.92682869 </etotal_int>
  total_electronic_charge: 8.00000000
  <eigenvalue_sum>  -3.61491057 </eigenvalue_sum>
  Anderson extrapolation: theta=-2.58262098 (0.00000000)
  <etotal_int>      -7.44544451 </etotal_int>
  total_electronic_charge: 8.00000000
  <eigenvalue_sum>  -3.94524126 </eigenvalue_sum>
  Anderson extrapolation: theta=-2.39691409 (0.00000000)
  <etotal_int>      -8.40986372 </etotal_int>
  total_electronic_charge: 8.00000000
  <eigenvalue_sum>  -4.30279654 </eigenvalue_sum>
  Anderson extrapolation: theta=-1.58206685 (0.00000000)
  <etotal_int>      -9.78065792 </etotal_int>
  total_electronic_charge: 8.00000000
  <eigenvalue_sum>  -4.51550505 </eigenvalue_sum>
  Anderson extrapolation: theta=0.57476192 (0.57476192)
  <etotal_int>     -11.25803104 </etotal_int>
  total_electronic_charge: 8.00000000
  <eigenvalue_sum>  -4.45720952 </eigenvalue_sum>
  Anderson extrapolation: theta=0.40945518 (0.40945518)
  <etotal_int>     -12.91615254 </etotal_int>
  total_electronic_charge: 8.00000000
  <eigenvalue_sum>  -4.25252378 </eigenvalue_sum>
  Anderson extrapolation: theta=0.17433971 (0.17433971)
  <etotal_int>     -13.87849000 </etotal_int>
  total_electronic_charge: 8.00000000
  <eigenvalue_sum>  -4.06119042 </eigenvalue_sum>
  Anderson extrapolation: theta=0.51181079 (0.51181079)
  <etotal_int>     -14.45281880 </etotal_int>
  total_electronic_charge: 8.00000000
  <eigenvalue_sum>  -3.75776925 </eigenvalue_sum>
  Anderson extrapolation: theta=1.06260838 (1.06260838)
  <etotal_int>     -15.07899485 </etotal_int>
  total_electronic_charge: 8.00000000
  <eigenvalue_sum>  -3.26474430 </eigenvalue_sum>
  Anderson extrapolation: theta=0.59265474 (0.59265474)
  <etotal_int>     -15.77942329 </etotal_int>
  total_electronic_charge: 8.00000000
  <eigenvalue_sum>  -2.96529077 </eigenvalue_sum>
  Anderson extrapolation: theta=0.43528515 (0.43528515)
  <etotal_int>     -16.13617256 </etotal_int>
  total_electronic_charge: 8.00000000
  <eigenvalue_sum>  -2.80019683 </eigenvalue_sum>
  Anderson extrapolation: theta=0.17106676 (0.17106676)
  <etotal_int>     -16.32096316 </etotal_int>
  total_electronic_charge: 8.00000000
  <eigenvalue_sum>  -2.69970358 </eigenvalue_sum>
  Anderson extrapolation: theta=0.31483337 (0.31483337)
  <etotal_int>     -16.42356385 </etotal_int>
  total_electronic_charge: 8.00000000
  <eigenvalue_sum>  -2.59116518 </eigenvalue_sum>
  Anderson extrapolation: theta=1.61730910 (1.61730910)
  <etotal_int>     -16.52597648 </etotal_int>
  total_electronic_charge: 8.00000000
  <eigenvalue_sum>  -2.34513974 </eigenvalue_sum>
  Anderson extrapolation: theta=1.54736269 (1.54736269)
  <etotal_int>     -16.73578640 </etotal_int>
  total_electronic_charge: 8.00000000
  <eigenvalue_sum>  -2.05593924 </eigenvalue_sum>
  Anderson extrapolation: theta=0.71839315 (0.71839315)
  <etotal_int>     -16.99389398 </etotal_int>
  total_electronic_charge: 8.00000000
  <eigenvalue_sum>  -2.03994034 </eigenvalue_sum>
  Anderson extrapolation: theta=0.14306162 (0.14306162)
  <etotal_int>     -17.09702686 </etotal_int>
  total_electronic_charge: 8.00000000
  <eigenvalue_sum>  -2.01992810 </eigenvalue_sum>
  Anderson extrapolation: theta=3.04057172 (2.00000000)
  <etotal_int>     -17.11522716 </etotal_int>
  total_electronic_charge: 8.00000000
  <eigenvalue_sum>  -2.01477682 </eigenvalue_sum>
  Anderson extrapolation: theta=0.69471770 (0.69471770)
  <etotal_int>     -17.14311285 </etotal_int>
  total_electronic_charge: 8.00000000
  <eigenvalue_sum>  -2.04443656 </eigenvalue_sum>
  Anderson extrapolation: theta=0.29935299 (0.29935299)
  <etotal_int>     -17.15308315 </etotal_int>
  total_electronic_charge: 8.00000000
  <eigenvalue_sum>  -2.05091198 </eigenvalue_sum>
  Anderson extrapolation: theta=1.47297893 (1.47297893)
  <etotal_int>     -17.15539292 </etotal_int>
  total_electronic_charge: 8.00000000
  <eigenvalue_sum>  -2.05912187 </eigenvalue_sum>
  Anderson extrapolation: theta=0.27597841 (0.27597841)
  <etotal_int>     -17.15742295 </etotal_int>
  total_electronic_charge: 8.00000000
  <eigenvalue_sum>  -2.05645864 </eigenvalue_sum>
  Anderson extrapolation: theta=1.74558682 (1.74558682)
  <etotal_int>     -17.15802408 </etotal_int>
  total_electronic_charge: 8.00000000
  <eigenvalue_sum>  -2.05139004 </eigenvalue_sum>
  Anderson extrapolation: theta=0.33092724 (0.33092724)
  <etotal_int>     -17.15874436 </etotal_int>
  total_electronic_charge: 8.00000000
  <eigenvalue_sum>  -2.04899971 </eigenvalue_sum>
  Anderson extrapolation: theta=1.81152466 (1.81152466)
  <etotal_int>     -17.15902695 </etotal_int>
  total_electronic_charge: 8.00000000
  <eigenvalue_sum>  -2.04562226 </eigenvalue_sum>
  Anderson extrapolation: theta=0.38648925 (0.38648925)
  <etotal_int>     -17.15939730 </etotal_int>
  total_electronic_charge: 8.00000000
  <eigenvalue_sum>  -2.04471256 </eigenvalue_sum>
  Anderson extrapolation: theta=1.59217151 (1.59217151)
  <etotal_int>     -17.15954778 </etotal_int>
  total_electronic_charge: 8.00000000
  <eigenvalue_sum>  -2.04371037 </eigenvalue_sum>
  Anderson extrapolation: theta=0.40416352 (0.40416352)
  <etotal_int>     -17.15971839 </etotal_int>
  total_electronic_charge: 8.00000000
  <eigenvalue_sum>  -2.04333396 </eigenvalue_sum>
  Anderson extrapolation: theta=1.52554970 (1.52554970)
  <etotal_int>     -17.15979148 </etotal_int>
  total_electronic_charge: 8.00000000
  <eigenvalue_sum>  -2.04277082 </eigenvalue_sum>
  Anderson extrapolation: theta=0.41821244 (0.41821244)
  <etotal_int>     -17.15987260 </etotal_int>
  total_electronic_charge: 8.00000000
  <eigenvalue_sum>  -2.04238240 </eigenvalue_sum>
  Anderson extrapolation: theta=1.51532328 (1.51532328)
  <etotal_int>     -17.15991054 </etotal_int>
  total_electronic_charge: 8.00000000
  <eigenvalue_sum>  -2.04171829 </eigenvalue_sum>
  Anderson extrapolation: theta=0.42909824 (0.42909824)
  <etotal_int>     -17.15995436 </etotal_int>
  total_electronic_charge: 8.00000000
  <eigenvalue_sum>  -2.04131116 </eigenvalue_sum>
  Anderson extrapolation: theta=1.52288362 (1.52288362)
  <etotal_int>     -17.15997628 </etotal_int>
  total_electronic_charge: 8.00000000
  <eigenvalue_sum>  -2.04065657 </eigenvalue_sum>
  Anderson extrapolation: theta=0.45055073 (0.45055073)
  <etotal_int>     -17.16000308 </etotal_int>
  total_electronic_charge: 8.00000000
  <eigenvalue_sum>  -2.04032122 </eigenvalue_sum>
  Anderson extrapolation: theta=1.56123933 (1.56123933)
  <etotal_int>     -17.16001697 </etotal_int>
  total_electronic_charge: 8.00000000
  <eigenvalue_sum>  -2.03982308 </eigenvalue_sum>
  Anderson extrapolation: theta=0.48649690 (0.48649690)
  <etotal_int>     -17.16003431 </etotal_int>
  total_electronic_charge: 8.00000000
  <eigenvalue_sum>  -2.03960391 </eigenvalue_sum>
  Anderson extrapolation: theta=1.53203365 (1.53203365)
  <etotal_int>     -17.16004300 </etotal_int>
  total_electronic_charge: 8.00000000
  <eigenvalue_sum>  -2.03932521 </eigenvalue_sum>
  Anderson extrapolation: theta=0.48916466 (0.48916466)
  <etotal_int>     -17.16005266 </etotal_int>
  total_electronic_charge: 8.00000000
  <eigenvalue_sum>  -2.03923441 </eigenvalue_sum>
  Anderson extrapolation: theta=1.39275138 (1.39275138)
  <etotal_int>     -17.16005693 </etotal_int>
  total_electronic_charge: 8.00000000
  <eigenvalue_sum>  -2.03916075 </eigenvalue_sum>
  Anderson extrapolation: theta=0.45241534 (0.45241534)
  <etotal_int>     -17.16006076 </etotal_int>
  total_electronic_charge: 8.00000000
  <eigenvalue_sum>  -2.03916757 </eigenvalue_sum>
  Anderson extrapolation: theta=1.33875354 (1.33875354)
  <etotal_int>     -17.16006247 </etotal_int>
  total_electronic_charge: 8.00000000
  <eigenvalue_sum>  -2.03921543 </eigenvalue_sum>
  Anderson extrapolation: theta=0.43875449 (0.43875449)
  <etotal_int>     -17.16006409 </etotal_int>
  total_electronic_charge: 8.00000000
  <eigenvalue_sum>  -2.03926801 </eigenvalue_sum>
  Anderson extrapolation: theta=1.45799284 (1.45799284)
  <etotal_int>     -17.16006508 </etotal_int>
  total_electronic_charge: 8.00000000
  <eigenvalue_sum>  -2.03937338 </eigenvalue_sum>
  Anderson extrapolation: theta=0.47667107 (0.47667107)
  <etotal_int>     -17.16006636 </etotal_int>
  total_electronic_charge: 8.00000000
  <eigenvalue_sum>  -2.03944732 </eigenvalue_sum>
  Anderson extrapolation: theta=1.59903146 (1.59903146)
  <etotal_int>     -17.16006720 </etotal_int>
  total_electronic_charge: 8.00000000
  <eigenvalue_sum>  -2.03958419 </eigenvalue_sum>
  Anderson extrapolation: theta=0.52854287 (0.52854287)
  <etotal_int>     -17.16006837 </etotal_int>
  total_electronic_charge: 8.00000000
  <eigenvalue_sum>  -2.03966952 </eigenvalue_sum>
  Anderson extrapolation: theta=1.55077165 (1.55077165)
  <etotal_int>     -17.16006904 </etotal_int>
  total_electronic_charge: 8.00000000
  <eigenvalue_sum>  -2.03980769 </eigenvalue_sum>
  Anderson extrapolation: theta=0.52987452 (0.52987452)
  <etotal_int>     -17.16006985 </etotal_int>
  total_electronic_charge: 8.00000000
  <eigenvalue_sum>  -2.03988077 </eigenvalue_sum>
  Anderson extrapolation: theta=1.38186567 (1.38186567)
  <etotal_int>     -17.16007023 </etotal_int>
  total_electronic_charge: 8.00000000
  <eigenvalue_sum>  -2.03997511 </eigenvalue_sum>
  Anderson extrapolation: theta=0.48885928 (0.48885928)
  <etotal_int>     -17.16007057 </etotal_int>
  total_electronic_charge: 8.00000000
  <eigenvalue_sum>  -2.04001065 </eigenvalue_sum>
  Anderson extrapolation: theta=1.29637819 (1.29637819)
  <etotal_int>     -17.16007072 </etotal_int>
  total_electronic_charge: 8.00000000
  <eigenvalue_sum>  -2.04004299 </eigenvalue_sum>
  Anderson extrapolation: theta=0.46116871 (0.46116871)
  <etotal_int>     -17.16007084 </etotal_int>
  total_electronic_charge: 8.00000000
  <eigenvalue_sum>  -2.04004316 </eigenvalue_sum>
  Anderson extrapolation: theta=1.36218091 (1.36218091)
  <etotal_int>     -17.16007091 </etotal_int>
  total_electronic_charge: 8.00000000
  <eigenvalue_sum>  -2.04002900 </eigenvalue_sum>
  Anderson extrapolation: theta=0.47556198 (0.47556198)
  <etotal_int>     -17.16007099 </etotal_int>
  total_electronic_charge: 8.00000000
  <eigenvalue_sum>  -2.04000889 </eigenvalue_sum>
  Anderson extrapolation: theta=1.50231625 (1.50231625)
  <etotal_int>     -17.16007104 </etotal_int>
  total_electronic_charge: 8.00000000
  <eigenvalue_sum>  -2.03996809 </eigenvalue_sum>
  Anderson extrapolation: theta=0.51946908 (0.51946908)
  <etotal_int>     -17.16007111 </etotal_int>
  total_electronic_charge: 8.00000000
  <eigenvalue_sum>  -2.03993841 </eigenvalue_sum>
  Anderson extrapolation: theta=1.54965192 (1.54965192)
  <etotal_int>     -17.16007116 </etotal_int>
  total_electronic_charge: 8.00000000
  <eigenvalue_sum>  -2.03988787 </eigenvalue_sum>
  Anderson extrapolation: theta=0.54422774 (0.54422774)
  <etotal_int>     -17.16007122 </etotal_int>
  total_electronic_charge: 8.00000000
  <eigenvalue_sum>  -2.03985814 </eigenvalue_sum>
  Anderson extrapolation: theta=1.45061402 (1.45061402)
  <etotal_int>     -17.16007125 </etotal_int>
  total_electronic_charge: 8.00000000
  <eigenvalue_sum>  -2.03981624 </eigenvalue_sum>
  Anderson extrapolation: theta=0.52608461 (0.52608461)
  <etotal_int>     -17.16007128 </etotal_int>
  total_electronic_charge: 8.00000000
  <eigenvalue_sum>  -2.03979697 </eigenvalue_sum>
  Anderson extrapolation: theta=1.34053749 (1.34053749)
  <etotal_int>     -17.16007130 </etotal_int>
  total_electronic_charge: 8.00000000
  <eigenvalue_sum>  -2.03977571 </eigenvalue_sum>
  Anderson extrapolation: theta=0.49772041 (0.49772041)
  <etotal_int>     -17.16007132 </etotal_int>
  total_electronic_charge: 8.00000000
  <eigenvalue_sum>  -2.03977012 </eigenvalue_sum>
  Anderson extrapolation: theta=1.32694562 (1.32694562)
  <etotal_int>     -17.16007132 </etotal_int>
  total_electronic_charge: 8.00000000
  <eigenvalue_sum>  -2.03976788 </eigenvalue_sum>
  Anderson extrapolation: theta=0.49131818 (0.49131818)
  <etotal_int>     -17.16007133 </etotal_int>
  total_electronic_charge: 8.00000000
  <eigenvalue_sum>  -2.03977161 </eigenvalue_sum>
  Anderson extrapolation: theta=1.39465274 (1.39465274)
  <etotal_int>     -17.16007134 </etotal_int>
  total_electronic_charge: 8.00000000
  <eigenvalue_sum>  -2.03978084 </eigenvalue_sum>
  Anderson extrapolation: theta=0.50775168 (0.50775168)
  <etotal_int>     -17.16007134 </etotal_int>
  total_electronic_charge: 8.00000000
  <eigenvalue_sum>  -2.03978887 </eigenvalue_sum>
  Anderson extrapolation: theta=1.45673923 (1.45673923)
  <etotal_int>     -17.16007134 </etotal_int>
  total_electronic_charge: 8.00000000
  <eigenvalue_sum>  -2.03980275 </eigenvalue_sum>
  Anderson extrapolation: theta=0.52744511 (0.52744511)
  <etotal_int>     -17.16007135 </etotal_int>
  total_electronic_charge: 8.00000000
  <eigenvalue_sum>  -2.03981154 </eigenvalue_sum>
  Anderson extrapolation: theta=1.45580102 (1.45580102)
  <etotal_int>     -17.16007135 </etotal_int>
  total_electronic_charge: 8.00000000
  <eigenvalue_sum>  -2.03982474 </eigenvalue_sum>
  Anderson extrapolation: theta=0.53538702 (0.53538702)
  <etotal_int>     -17.16007135 </etotal_int>
  total_electronic_charge: 8.00000000
  <eigenvalue_sum>  -2.03983167 </eigenvalue_sum>
  Anderson extrapolation: theta=1.41696458 (1.41696458)
  <etotal_int>     -17.16007135 </etotal_int>
  total_electronic_charge: 8.00000000
  <eigenvalue_sum>  -2.03984069 </eigenvalue_sum>
  Anderson extrapolation: theta=0.53342129 (0.53342129)
  <etotal_int>     -17.16007136 </etotal_int>
  total_electronic_charge: 8.00000000
  <eigenvalue_sum>  -2.03984443 </eigenvalue_sum>
  Anderson extrapolation: theta=1.38166240 (1.38166240)
  <etotal_int>     -17.16007136 </etotal_int>
  total_electronic_charge: 8.00000000
  <eigenvalue_sum>  -2.03984827 </eigenvalue_sum>
  Anderson extrapolation: theta=0.52706065 (0.52706065)
  <etotal_int>     -17.16007136 </etotal_int>
  total_electronic_charge: 8.00000000
  <eigenvalue_sum>  -2.03984895 </eigenvalue_sum>
  Anderson extrapolation: theta=1.36088755 (1.36088755)
  <etotal_int>     -17.16007136 </etotal_int>
  total_electronic_charge: 8.00000000
  <eigenvalue_sum>  -2.03984862 </eigenvalue_sum>
  Anderson extrapolation: theta=0.51853483 (0.51853483)
  <etotal_int>     -17.16007136 </etotal_int>
  total_electronic_charge: 8.00000000
  <eigenvalue_sum>  -2.03984730 </eigenvalue_sum>
  Anderson extrapolation: theta=1.35784349 (1.35784349)
  <etotal_int>     -17.16007136 </etotal_int>
  total_electronic_charge: 8.00000000
  <ekin>        12.59896383 </ekin>
  <econf>        0.00000000 </econf>
  <eps>        -20.57758561 </eps>
  <enl>          2.00799000 </enl>
  <ecoul>       -7.08162875 </ecoul>
  <exc>         -4.10781083 </exc>
  <esr>          1.45128300 </esr>
  <eself>       10.10653777 </eself>
  <ets>          0.00000000 </ets>
  <eexf>         0.00000000 </eexf>
  <etotal>     -17.16007136 </etotal>
  <epv>          0.00000000 </epv>
  <eefield>      0.00000000 </eefield>
  <enthalpy>   -17.16007136 </enthalpy>
<atomset>
<unit_cell 
    a=" 16.00000000   0.00000000   0.00000000"
    b="  0.00000000  16.00000000   0.00000000"
    c="  0.00000000   0.00000000  16.00000000" />
  <atom name="O" species="oxygen">
    <position> 0.00000068 0.00004595 -0.00978420 </position>
    <velocity> 0.00000000 0.00000000 0.00000000 </velocity>
    <force> 0.00000083 -0.00000082 0.00000353 </force>
  </atom>
  <atom name="H1" species="hydrogen">
    <position> 0.00000013 1.45749658 1.11402678 </position>
    <velocity> 0.00000000 0.00000000 0.00000000 </velocity>
    <force> 0.00000021 0.00000451 0.00000060 </force>
  </atom>
  <atom name="H2" species="hydrogen">
    <position> 0.00000014 -1.45743901 1.11398224 </position>
    <velocity> 0.00000000 0.00000000 0.00000000 </velocity>
    <force> 0.00000013 -0.00000358 -0.00000034 </force>
  </atom>
</atomset>
<unit_cell_a_norm> 16.000000 </unit_cell_a_norm>
<unit_cell_b_norm> 16.000000 </unit_cell_b_norm>
<unit_cell_c_norm> 16.000000 </unit_cell_c_norm>
<unit_cell_alpha>  90.000 </unit_cell_alpha>
<unit_cell_beta>   90.000 </unit_cell_beta>
<unit_cell_gamma>  90.000 </unit_cell_gamma>
<unit_cell_volume> 4096.000 </unit_cell_volume>
<timing name="iteration"       min="21.863" max="21.863"/>
</iteration>
<timing name="charge"          min="6.864" max="6.864"/>
<timing name="energy"          min="6.726" max="6.726"/>
<timing name="ortho_align"     min="0.254" max="0.254"/>
<timing name="psda_prec"       min="0.038" max="0.038"/>
<timing name="psda_residual"   min="0.136" max="0.136"/>
<timing name="psda_update_wf"  min="0.067" max="0.067"/>
<timing name="update_vhxc"     min="7.655" max="7.655"/>
<timing name="wf_update"       min="0.588" max="0.588"/>
<timing name="ekin"            min="0.111" max="0.111"/>
<timing name="exc"             min="3.933" max="3.933"/>
<timing name="hpsi"            min="6.086" max="6.086"/>
<timing name="nonlocal"        min="0.503" max="0.503"/>
<timing name="charge_compute"  min="3.561" max="3.561"/>
<timing name="charge_integral" min="0.255" max="0.255"/>
<timing name="charge_rowsum"   min="0.296" max="0.296"/>
<timing name="charge_vft"      min="2.747" max="2.747"/>
[qbox]  End of command stream 
<real_time> 22.332 </real_time>
<end_time> 2019-12-13T08:47:09Z </end_time>
</fpmd:simulation>
