--------------------------------------------------------------------------
[[15160,1],0]: A high-performance Open MPI point-to-point messaging module
was unable to find any relevant network interfaces:

Module: OpenFabrics (openib)
  Host: ip-172-31-19-165

Another transport will be used instead, although this may result in
lower performance.

NOTE: You can disable this warning by setting the MCA parameter
btl_base_warn_component_unused to 0.
--------------------------------------------------------------------------
<?xml version="1.0" encoding="UTF-8"?>
<fpmd:simulation xmlns:fpmd="http://www.quantum-simulation.org/ns/fpmd/fpmd-1.0">
<uuid> 593467de-1d55-11ea-bc63-06b03d31dcd0 </uuid>

                   ============================
                   I qbox 1.63.8              I
                   I                          I
                   I                          I
                   I                          I
                   I                          I
                   I                          I
                   I                          I
                   I                          I
                   I                          I
                   I                          I
                   I                          I
                   I                          I
                   I http://qboxcode.org      I
                   ============================


<release> 1.63.8  </release>
<svn_version>  </svn_version>
<user> ubuntu </user>
<sysname> Linux </sysname>
<nodename> ip-172-31-19-165 </nodename>
<start_time> 2019-12-13T03:04:59Z </start_time>
<mpi_processes count="1">
<process id="0"> ip-172-31-19-165 </process>
</mpi_processes>
[qbox] <cmd>species oxygen O_HSCV_LDA-1.0.xml</cmd>
  SpeciesCmd: defining species oxygen as O_HSCV_LDA-1.0.xml

Warning at file , line 0, char 0
  Message: unable to open primary document entity '/home/ubuntu/computation/species.xsd'

 species oxygen:
<species name="oxygen">
 <description>
 PSGen-1.6.1 pseudopotential: HSCV O xc=LDA
 Generated by PSGen-1.6.1 on 2009-10-11T04:37:28Z
 psgen arguments:
 -element O -xc LDA -smooth_v -bound l=0:rc=0.8 -bound l=1:rc=0.8
 </description>
 <symbol>O</symbol>
 <atomic_number>8</atomic_number>
 <mass>15.9994</mass>
 <norm_conserving_pseudopotential>
 <valence_charge>6</valence_charge>
 <lmax>1</lmax>
 <llocal>1</llocal>
 <nquad>0</nquad>
 <rquad>0</rquad>
 <mesh_spacing>0.01</mesh_spacing>
 </norm_conserving_pseudopotential>
</species>
 Kleinman-Bylander potential
 rcps_ =   1.5
[qbox] <cmd>species hydrogen H_HSCV_LDA-1.0.xml</cmd>
  SpeciesCmd: defining species hydrogen as H_HSCV_LDA-1.0.xml

Warning at file , line 0, char 0
  Message: unable to open primary document entity '/home/ubuntu/computation/species.xsd'

 species hydrogen:
<species name="hydrogen">
 <description>
 PSGen-1.6.1 pseudopotential: HSCV H xc=LDA
 Generated by PSGen-1.6.1 on 2009-10-11T04:37:09Z
 psgen arguments:
 -element H -xc LDA -smooth_v -bound l=0:rc=0.5
 </description>
 <symbol>H</symbol>
 <atomic_number>1</atomic_number>
 <mass>1.00794</mass>
 <norm_conserving_pseudopotential>
 <valence_charge>1</valence_charge>
 <lmax>0</lmax>
 <llocal>0</llocal>
 <nquad>0</nquad>
 <rquad>0</rquad>
 <mesh_spacing>0.01</mesh_spacing>
 </norm_conserving_pseudopotential>
</species>
 local potential
 rcps_ =   1.5
[qbox] <cmd>set cell 16.0 0 0  0 16.0 0  0 0 16.0</cmd>
<unit_cell 
    a=" 16.00000000   0.00000000   0.00000000"
    b="  0.00000000  16.00000000   0.00000000"
    c="  0.00000000   0.00000000  16.00000000" />
[qbox] <cmd>atom O oxygen  0.00000000 0.00000000 0.00000000 </cmd>
[qbox] <cmd>atom H1 hydrogen  0.00000000 1.43153712 1.10941390</cmd>
[qbox] <cmd>atom H2 hydrogen   0.00000000 -1.43153712 1.10941390</cmd>
[qbox] <cmd>set xc LDA</cmd>
[qbox] <cmd>set ecut 120</cmd>
[qbox] <cmd>set ecutprec 5</cmd>
[qbox] <cmd>set wf_dyn PSDA</cmd>
[qbox] <cmd>set scf_tol 0.000000001</cmd>
[qbox] <cmd>randomize_wf</cmd>
[qbox] <cmd>run 0 400</cmd>
  EnergyFunctional: np0v,np1v,np2v: 126 126 126
  EnergyFunctional: vft->np012(): 2000376
<wavefunction ecut="60.00000000" nspin="1" nel="8" nempty="0">
<cell a="16.000000 0.000000 0.000000"
      b="0.000000 16.000000 0.000000"
      c="0.000000 0.000000 16.000000"/>
 reciprocal lattice vectors
 0.392699 0.000000 0.000000
 0.000000 0.392699 0.000000
 0.000000 0.000000 0.392699
<refcell a="0.000000 0.000000 0.000000"
         b="0.000000 0.000000 0.000000"
         c="0.000000 0.000000 0.000000"/>
<grid nx="60" ny="60" nz="60"/>
 kpoint: 0.000000 0.000000 0.000000 weight: 1.000000
<slater_determinant kpoint="0.000000 0.000000 0.000000" size="4">
 sdcontext: 1x1
 basis size: 45524
 c dimensions: 45524x4   (45524x4 blocks)
 <density_matrix form="diagonal" size="4">
 </density_matrix>
</slater_determinant>
</wavefunction>
<iteration count="1">
  total_electronic_charge: 8.00000000
  <eigenvalue_sum>  117.97763425 </eigenvalue_sum>
  <etotal_int>     234.31115829 </etotal_int>
  total_electronic_charge: 8.01654051
  <eigenvalue_sum>  16.52714045 </eigenvalue_sum>
  Anderson extrapolation: theta=0.26112412 (0.26112412)
  <etotal_int>      32.60217016 </etotal_int>
  total_electronic_charge: 7.99999660
  <eigenvalue_sum>  -1.75667798 </eigenvalue_sum>
  Anderson extrapolation: theta=0.00200878 (0.00200878)
  <etotal_int>      -2.73043721 </etotal_int>
  total_electronic_charge: 8.00000000
  <eigenvalue_sum>  -2.79830198 </eigenvalue_sum>
  Anderson extrapolation: theta=0.57730424 (0.57730424)
  <etotal_int>      -5.28392620 </etotal_int>
  total_electronic_charge: 8.00000000
  <eigenvalue_sum>  -3.47763715 </eigenvalue_sum>
  Anderson extrapolation: theta=-0.05083358 (-0.05083358)
  <etotal_int>      -6.89981559 </etotal_int>
  total_electronic_charge: 8.00000000
  <eigenvalue_sum>  -3.70236684 </eigenvalue_sum>
  Anderson extrapolation: theta=-2.04888854 (0.00000000)
  <etotal_int>      -7.45352611 </etotal_int>
  total_electronic_charge: 8.00000000
  <eigenvalue_sum>  -3.99648622 </eigenvalue_sum>
  Anderson extrapolation: theta=-2.42206587 (0.00000000)
  <etotal_int>      -8.30051788 </etotal_int>
  total_electronic_charge: 8.00000000
  <eigenvalue_sum>  -4.31642452 </eigenvalue_sum>
  Anderson extrapolation: theta=-1.80577959 (0.00000000)
  <etotal_int>      -9.50034217 </etotal_int>
  total_electronic_charge: 8.00000000
  <eigenvalue_sum>  -4.52933299 </eigenvalue_sum>
  Anderson extrapolation: theta=0.42651543 (0.42651543)
  <etotal_int>     -10.84101924 </etotal_int>
  total_electronic_charge: 8.00000000
  <eigenvalue_sum>  -4.53717845 </eigenvalue_sum>
  Anderson extrapolation: theta=0.61792674 (0.61792674)
  <etotal_int>     -12.29624718 </etotal_int>
  total_electronic_charge: 8.00000000
  <eigenvalue_sum>  -4.38236132 </eigenvalue_sum>
  Anderson extrapolation: theta=0.10260508 (0.10260508)
  <etotal_int>     -13.30159927 </etotal_int>
  total_electronic_charge: 8.00000000
  <eigenvalue_sum>  -4.27894989 </eigenvalue_sum>
  Anderson extrapolation: theta=-1.16534880 (0.00000000)
  <etotal_int>     -13.74577776 </etotal_int>
  total_electronic_charge: 8.00000000
  <eigenvalue_sum>  -4.15438542 </eigenvalue_sum>
  Anderson extrapolation: theta=-2.11994997 (0.00000000)
  <etotal_int>     -14.15020992 </etotal_int>
  total_electronic_charge: 8.00000000
  <eigenvalue_sum>  -3.98413555 </eigenvalue_sum>
  Anderson extrapolation: theta=-0.91866803 (-0.91866803)
  <etotal_int>     -14.58408034 </etotal_int>
  total_electronic_charge: 8.00000000
  <eigenvalue_sum>  -3.96917496 </eigenvalue_sum>
  Anderson extrapolation: theta=4.56117671 (2.00000000)
  <etotal_int>     -14.61985289 </etotal_int>
  total_electronic_charge: 8.00000000
  <eigenvalue_sum>  -3.71707765 </eigenvalue_sum>
  Anderson extrapolation: theta=1.01237040 (1.01237040)
  <etotal_int>     -15.12123761 </etotal_int>
  total_electronic_charge: 8.00000000
  <eigenvalue_sum>  -3.13850867 </eigenvalue_sum>
  Anderson extrapolation: theta=1.04222580 (1.04222580)
  <etotal_int>     -15.91422758 </etotal_int>
  total_electronic_charge: 8.00000000
  <eigenvalue_sum>  -2.35166533 </eigenvalue_sum>
  Anderson extrapolation: theta=0.62069024 (0.62069024)
  <etotal_int>     -16.62564176 </etotal_int>
  total_electronic_charge: 8.00000000
  <eigenvalue_sum>  -2.01352948 </eigenvalue_sum>
  Anderson extrapolation: theta=0.74539531 (0.74539531)
  <etotal_int>     -16.92413990 </etotal_int>
  total_electronic_charge: 8.00000000
  <eigenvalue_sum>  -1.94505656 </eigenvalue_sum>
  Anderson extrapolation: theta=0.44075636 (0.44075636)
  <etotal_int>     -17.06388109 </etotal_int>
  total_electronic_charge: 8.00000000
  <eigenvalue_sum>  -1.96919211 </eigenvalue_sum>
  Anderson extrapolation: theta=0.86654896 (0.86654896)
  <etotal_int>     -17.10932634 </etotal_int>
  total_electronic_charge: 8.00000000
  <eigenvalue_sum>  -2.01229899 </eigenvalue_sum>
  Anderson extrapolation: theta=0.46895418 (0.46895418)
  <etotal_int>     -17.13667492 </etotal_int>
  total_electronic_charge: 8.00000000
  <eigenvalue_sum>  -2.03022182 </eigenvalue_sum>
  Anderson extrapolation: theta=0.95330825 (0.95330825)
  <etotal_int>     -17.14691999 </etotal_int>
  total_electronic_charge: 8.00000000
  <eigenvalue_sum>  -2.04853625 </eigenvalue_sum>
  Anderson extrapolation: theta=0.48807592 (0.48807592)
  <etotal_int>     -17.15385764 </etotal_int>
  total_electronic_charge: 8.00000000
  <eigenvalue_sum>  -2.05503470 </eigenvalue_sum>
  Anderson extrapolation: theta=1.08692838 (1.08692838)
  <etotal_int>     -17.15695622 </etotal_int>
  total_electronic_charge: 8.00000000
  <eigenvalue_sum>  -2.06275558 </eigenvalue_sum>
  Anderson extrapolation: theta=0.53767247 (0.53767247)
  <etotal_int>     -17.15956114 </etotal_int>
  total_electronic_charge: 8.00000000
  <eigenvalue_sum>  -2.06563989 </eigenvalue_sum>
  Anderson extrapolation: theta=1.10638050 (1.10638050)
  <etotal_int>     -17.16088949 </etotal_int>
  total_electronic_charge: 8.00000000
  <eigenvalue_sum>  -2.06814849 </eigenvalue_sum>
  Anderson extrapolation: theta=0.55701916 (0.55701916)
  <etotal_int>     -17.16201852 </etotal_int>
  total_electronic_charge: 8.00000000
  <eigenvalue_sum>  -2.06792819 </eigenvalue_sum>
  Anderson extrapolation: theta=1.06221891 (1.06221891)
  <etotal_int>     -17.16259012 </etotal_int>
  total_electronic_charge: 8.00000000
  <eigenvalue_sum>  -2.06664024 </eigenvalue_sum>
  Anderson extrapolation: theta=0.55085701 (0.55085701)
  <etotal_int>     -17.16304653 </etotal_int>
  total_electronic_charge: 8.00000000
  <eigenvalue_sum>  -2.06475899 </eigenvalue_sum>
  Anderson extrapolation: theta=1.05832261 (1.05832261)
  <etotal_int>     -17.16328700 </etotal_int>
  total_electronic_charge: 8.00000000
  <eigenvalue_sum>  -2.06217984 </eigenvalue_sum>
  Anderson extrapolation: theta=0.57182921 (0.57182921)
  <etotal_int>     -17.16349403 </etotal_int>
  total_electronic_charge: 8.00000000
  <eigenvalue_sum>  -2.06021028 </eigenvalue_sum>
  Anderson extrapolation: theta=1.10317878 (1.10317878)
  <etotal_int>     -17.16361877 </etotal_int>
  total_electronic_charge: 8.00000000
  <eigenvalue_sum>  -2.05789735 </eigenvalue_sum>
  Anderson extrapolation: theta=0.61274483 (0.61274483)
  <etotal_int>     -17.16373786 </etotal_int>
  total_electronic_charge: 8.00000000
  <eigenvalue_sum>  -2.05639648 </eigenvalue_sum>
  Anderson extrapolation: theta=1.12625967 (1.12625967)
  <etotal_int>     -17.16381274 </etotal_int>
  total_electronic_charge: 8.00000000
  <eigenvalue_sum>  -2.05479228 </eigenvalue_sum>
  Anderson extrapolation: theta=0.62821806 (0.62821806)
  <etotal_int>     -17.16388288 </etotal_int>
  total_electronic_charge: 8.00000000
  <eigenvalue_sum>  -2.05387664 </eigenvalue_sum>
  Anderson extrapolation: theta=1.08339818 (1.08339818)
  <etotal_int>     -17.16392422 </etotal_int>
  total_electronic_charge: 8.00000000
  <eigenvalue_sum>  -2.05304084 </eigenvalue_sum>
  Anderson extrapolation: theta=0.61198062 (0.61198062)
  <etotal_int>     -17.16395925 </etotal_int>
  total_electronic_charge: 8.00000000
  <eigenvalue_sum>  -2.05266542 </eigenvalue_sum>
  Anderson extrapolation: theta=1.04138542 (1.04138542)
  <etotal_int>     -17.16397880 </etotal_int>
  total_electronic_charge: 8.00000000
  <eigenvalue_sum>  -2.05242033 </eigenvalue_sum>
  Anderson extrapolation: theta=0.60668318 (0.60668318)
  <etotal_int>     -17.16399485 </etotal_int>
  total_electronic_charge: 8.00000000
  <eigenvalue_sum>  -2.05239077 </eigenvalue_sum>
  Anderson extrapolation: theta=1.05434805 (1.05434805)
  <etotal_int>     -17.16400438 </etotal_int>
  total_electronic_charge: 8.00000000
  <eigenvalue_sum>  -2.05246408 </eigenvalue_sum>
  Anderson extrapolation: theta=0.62329408 (0.62329408)
  <etotal_int>     -17.16401283 </etotal_int>
  total_electronic_charge: 8.00000000
  <eigenvalue_sum>  -2.05258700 </eigenvalue_sum>
  Anderson extrapolation: theta=1.08482029 (1.08482029)
  <etotal_int>     -17.16401826 </etotal_int>
  total_electronic_charge: 8.00000000
  <eigenvalue_sum>  -2.05277515 </eigenvalue_sum>
  Anderson extrapolation: theta=0.64211979 (0.64211979)
  <etotal_int>     -17.16402333 </etotal_int>
  total_electronic_charge: 8.00000000
  <eigenvalue_sum>  -2.05292821 </eigenvalue_sum>
  Anderson extrapolation: theta=1.09085385 (1.09085385)
  <etotal_int>     -17.16402661 </etotal_int>
  total_electronic_charge: 8.00000000
  <eigenvalue_sum>  -2.05310957 </eigenvalue_sum>
  Anderson extrapolation: theta=0.64612725 (0.64612725)
  <etotal_int>     -17.16402960 </etotal_int>
  total_electronic_charge: 8.00000000
  <eigenvalue_sum>  -2.05322766 </eigenvalue_sum>
  Anderson extrapolation: theta=1.06996634 (1.06996634)
  <etotal_int>     -17.16403147 </etotal_int>
  total_electronic_charge: 8.00000000
  <eigenvalue_sum>  -2.05334680 </eigenvalue_sum>
  Anderson extrapolation: theta=0.63723125 (0.63723125)
  <etotal_int>     -17.16403310 </etotal_int>
  total_electronic_charge: 8.00000000
  <eigenvalue_sum>  -2.05341088 </eigenvalue_sum>
  Anderson extrapolation: theta=1.05178301 (1.05178301)
  <etotal_int>     -17.16403410 </etotal_int>
  total_electronic_charge: 8.00000000
  <eigenvalue_sum>  -2.05346596 </eigenvalue_sum>
  Anderson extrapolation: theta=0.63582710 (0.63582710)
  <etotal_int>     -17.16403496 </etotal_int>
  total_electronic_charge: 8.00000000
  <eigenvalue_sum>  -2.05348901 </eigenvalue_sum>
  Anderson extrapolation: theta=1.06565987 (1.06565987)
  <etotal_int>     -17.16403552 </etotal_int>
  total_electronic_charge: 8.00000000
  <eigenvalue_sum>  -2.05350421 </eigenvalue_sum>
  Anderson extrapolation: theta=0.65250916 (0.65250916)
  <etotal_int>     -17.16403603 </etotal_int>
  total_electronic_charge: 8.00000000
  <eigenvalue_sum>  -2.05350638 </eigenvalue_sum>
  Anderson extrapolation: theta=1.08912048 (1.08912048)
  <etotal_int>     -17.16403636 </etotal_int>
  total_electronic_charge: 8.00000000
  <eigenvalue_sum>  -2.05350349 </eigenvalue_sum>
  Anderson extrapolation: theta=0.66594090 (0.66594090)
  <etotal_int>     -17.16403667 </etotal_int>
  total_electronic_charge: 8.00000000
  <eigenvalue_sum>  -2.05349748 </eigenvalue_sum>
  Anderson extrapolation: theta=1.07777507 (1.07777507)
  <etotal_int>     -17.16403687 </etotal_int>
  total_electronic_charge: 8.00000000
  <eigenvalue_sum>  -2.05348829 </eigenvalue_sum>
  Anderson extrapolation: theta=0.65625609 (0.65625609)
  <etotal_int>     -17.16403705 </etotal_int>
  total_electronic_charge: 8.00000000
  <eigenvalue_sum>  -2.05347998 </eigenvalue_sum>
  Anderson extrapolation: theta=1.04410964 (1.04410964)
  <etotal_int>     -17.16403716 </etotal_int>
  total_electronic_charge: 8.00000000
  <eigenvalue_sum>  -2.05346957 </eigenvalue_sum>
  Anderson extrapolation: theta=0.64108175 (0.64108175)
  <etotal_int>     -17.16403725 </etotal_int>
  total_electronic_charge: 8.00000000
  <eigenvalue_sum>  -2.05346128 </eigenvalue_sum>
  Anderson extrapolation: theta=1.03914920 (1.03914920)
  <etotal_int>     -17.16403731 </etotal_int>
  total_electronic_charge: 8.00000000
  <eigenvalue_sum>  -2.05345134 </eigenvalue_sum>
  Anderson extrapolation: theta=0.64771728 (0.64771728)
  <etotal_int>     -17.16403736 </etotal_int>
  total_electronic_charge: 8.00000000
  <eigenvalue_sum>  -2.05344375 </eigenvalue_sum>
  Anderson extrapolation: theta=1.07422475 (1.07422475)
  <etotal_int>     -17.16403739 </etotal_int>
  total_electronic_charge: 8.00000000
  <eigenvalue_sum>  -2.05343478 </eigenvalue_sum>
  Anderson extrapolation: theta=0.67428678 (0.67428678)
  <etotal_int>     -17.16403742 </etotal_int>
  total_electronic_charge: 8.00000000
  <eigenvalue_sum>  -2.05342818 </eigenvalue_sum>
  Anderson extrapolation: theta=1.10467239 (1.10467239)
  <etotal_int>     -17.16403745 </etotal_int>
  total_electronic_charge: 8.00000000
  <eigenvalue_sum>  -2.05342077 </eigenvalue_sum>
  Anderson extrapolation: theta=0.69071644 (0.69071644)
  <etotal_int>     -17.16403747 </etotal_int>
  total_electronic_charge: 8.00000000
  <eigenvalue_sum>  -2.05341580 </eigenvalue_sum>
  Anderson extrapolation: theta=1.08687906 (1.08687906)
  <etotal_int>     -17.16403749 </etotal_int>
  total_electronic_charge: 8.00000000
  <eigenvalue_sum>  -2.05341092 </eigenvalue_sum>
  Anderson extrapolation: theta=0.67740224 (0.67740224)
  <etotal_int>     -17.16403750 </etotal_int>
  total_electronic_charge: 8.00000000
  <eigenvalue_sum>  -2.05340832 </eigenvalue_sum>
  Anderson extrapolation: theta=1.04055161 (1.04055161)
  <etotal_int>     -17.16403751 </etotal_int>
  total_electronic_charge: 8.00000000
  <eigenvalue_sum>  -2.05340650 </eigenvalue_sum>
  Anderson extrapolation: theta=0.65292000 (0.65292000)
  <etotal_int>     -17.16403752 </etotal_int>
  total_electronic_charge: 8.00000000
  <eigenvalue_sum>  -2.05340624 </eigenvalue_sum>
  Anderson extrapolation: theta=1.01909958 (1.01909958)
  <etotal_int>     -17.16403752 </etotal_int>
  total_electronic_charge: 8.00000000
  <eigenvalue_sum>  -2.05340689 </eigenvalue_sum>
  Anderson extrapolation: theta=0.64701979 (0.64701979)
  <etotal_int>     -17.16403752 </etotal_int>
  total_electronic_charge: 8.00000000
  <eigenvalue_sum>  -2.05340815 </eigenvalue_sum>
  Anderson extrapolation: theta=1.04489967 (1.04489967)
  <etotal_int>     -17.16403753 </etotal_int>
  total_electronic_charge: 8.00000000
  <eigenvalue_sum>  -2.05341018 </eigenvalue_sum>
  Anderson extrapolation: theta=0.66786255 (0.66786255)
  <etotal_int>     -17.16403753 </etotal_int>
  total_electronic_charge: 8.00000000
  <eigenvalue_sum>  -2.05341212 </eigenvalue_sum>
  Anderson extrapolation: theta=1.09075140 (1.09075140)
  <etotal_int>     -17.16403753 </etotal_int>
  total_electronic_charge: 8.00000000
  <eigenvalue_sum>  -2.05341462 </eigenvalue_sum>
  Anderson extrapolation: theta=0.69583024 (0.69583024)
  <etotal_int>     -17.16403753 </etotal_int>
  total_electronic_charge: 8.00000000
  <eigenvalue_sum>  -2.05341661 </eigenvalue_sum>
  Anderson extrapolation: theta=1.10635352 (1.10635352)
  <etotal_int>     -17.16403753 </etotal_int>
  total_electronic_charge: 8.00000000
  <eigenvalue_sum>  -2.05341890 </eigenvalue_sum>
  Anderson extrapolation: theta=0.70293513 (0.70293513)
  <etotal_int>     -17.16403753 </etotal_int>
  total_electronic_charge: 8.00000000
  <eigenvalue_sum>  -2.05342047 </eigenvalue_sum>
  Anderson extrapolation: theta=1.07705887 (1.07705887)
  <etotal_int>     -17.16403753 </etotal_int>
  total_electronic_charge: 8.00000000
  <eigenvalue_sum>  -2.05342201 </eigenvalue_sum>
  Anderson extrapolation: theta=0.68677823 (0.68677823)
  <etotal_int>     -17.16403754 </etotal_int>
  total_electronic_charge: 8.00000000
  <eigenvalue_sum>  -2.05342284 </eigenvalue_sum>
  Anderson extrapolation: theta=1.03928635 (1.03928635)
  <etotal_int>     -17.16403754 </etotal_int>
  total_electronic_charge: 8.00000000
  <eigenvalue_sum>  -2.05342345 </eigenvalue_sum>
  Anderson extrapolation: theta=0.66965234 (0.66965234)
  <etotal_int>     -17.16403754 </etotal_int>
  total_electronic_charge: 8.00000000
  <ekin>        12.68542251 </ekin>
  <econf>        0.00000000 </econf>
  <eps>        -20.73970735 </eps>
  <enl>          2.00029402 </enl>
  <ecoul>       -6.98737214 </ecoul>
  <exc>         -4.12267458 </exc>
  <esr>          1.52555476 </esr>
  <eself>       10.10653777 </eself>
  <ets>          0.00000000 </ets>
  <eexf>         0.00000000 </eexf>
  <etotal>     -17.16403754 </etotal>
  <epv>          0.00000000 </epv>
  <eefield>      0.00000000 </eefield>
  <enthalpy>   -17.16403754 </enthalpy>
<atomset>
<unit_cell 
    a=" 16.00000000   0.00000000   0.00000000"
    b="  0.00000000  16.00000000   0.00000000"
    c="  0.00000000   0.00000000  16.00000000" />
  <atom name="O" species="oxygen">
    <position> 0.00000000 0.00000000 0.00000000 </position>
    <velocity> 0.00000000 0.00000000 0.00000000 </velocity>
    <force> 0.00000106 0.00000106 -0.01538141 </force>
  </atom>
  <atom name="H1" species="hydrogen">
    <position> 0.00000000 1.43153712 1.10941390 </position>
    <velocity> 0.00000000 0.00000000 0.00000000 </velocity>
    <force> 0.00000008 0.01228785 0.00768998 </force>
  </atom>
  <atom name="H2" species="hydrogen">
    <position> 0.00000000 -1.43153712 1.10941390 </position>
    <velocity> 0.00000000 0.00000000 0.00000000 </velocity>
    <force> 0.00000011 -0.01228804 0.00769068 </force>
  </atom>
</atomset>
<unit_cell_a_norm> 16.000000 </unit_cell_a_norm>
<unit_cell_b_norm> 16.000000 </unit_cell_b_norm>
<unit_cell_c_norm> 16.000000 </unit_cell_c_norm>
<unit_cell_alpha>  90.000 </unit_cell_alpha>
<unit_cell_beta>   90.000 </unit_cell_beta>
<unit_cell_gamma>  90.000 </unit_cell_gamma>
<unit_cell_volume> 4096.000 </unit_cell_volume>
<timing name="iteration"       min="34.155" max="34.155"/>
</iteration>
<timing name="charge"          min="10.799" max="10.799"/>
<timing name="energy"          min="10.619" max="10.619"/>
<timing name="ortho_align"     min="0.428" max="0.428"/>
<timing name="psda_prec"       min="0.063" max="0.063"/>
<timing name="psda_residual"   min="0.227" max="0.227"/>
<timing name="psda_update_wf"  min="0.107" max="0.107"/>
<timing name="update_vhxc"     min="11.708" max="11.708"/>
<timing name="wf_update"       min="0.983" max="0.983"/>
<timing name="ekin"            min="0.190" max="0.190"/>
<timing name="exc"             min="5.798" max="5.798"/>
<timing name="hpsi"            min="9.599" max="9.599"/>
<timing name="nonlocal"        min="0.787" max="0.787"/>
<timing name="charge_compute"  min="5.679" max="5.679"/>
<timing name="charge_integral" min="0.382" max="0.382"/>
<timing name="charge_rowsum"   min="0.429" max="0.429"/>
<timing name="charge_vft"      min="4.304" max="4.304"/>
[qbox]  End of command stream 
<real_time> 34.850 </real_time>
<end_time> 2019-12-13T03:05:34Z </end_time>
</fpmd:simulation>
