--------------------------------------------------------------------------
[[15081,1],0]: A high-performance Open MPI point-to-point messaging module
was unable to find any relevant network interfaces:

Module: OpenFabrics (openib)
  Host: ip-172-31-19-165

Another transport will be used instead, although this may result in
lower performance.

NOTE: You can disable this warning by setting the MCA parameter
btl_base_warn_component_unused to 0.
--------------------------------------------------------------------------
<?xml version="1.0" encoding="UTF-8"?>
<fpmd:simulation xmlns:fpmd="http://www.quantum-simulation.org/ns/fpmd/fpmd-1.0">
<uuid> 54a4bee0-1d54-11ea-bc63-06b03d31dcd0 </uuid>

                   ============================
                   I qbox 1.63.8              I
                   I                          I
                   I                          I
                   I                          I
                   I                          I
                   I                          I
                   I                          I
                   I                          I
                   I                          I
                   I                          I
                   I                          I
                   I                          I
                   I http://qboxcode.org      I
                   ============================


<release> 1.63.8  </release>
<svn_version>  </svn_version>
<user> ubuntu </user>
<sysname> Linux </sysname>
<nodename> ip-172-31-19-165 </nodename>
<start_time> 2019-12-13T02:57:42Z </start_time>
<mpi_processes count="1">
<process id="0"> ip-172-31-19-165 </process>
</mpi_processes>
[qbox] <cmd>species oxygen O_HSCV_LDA-1.0.xml</cmd>
  SpeciesCmd: defining species oxygen as O_HSCV_LDA-1.0.xml

Warning at file , line 0, char 0
  Message: unable to open primary document entity '/home/ubuntu/computation/species.xsd'

 species oxygen:
<species name="oxygen">
 <description>
 PSGen-1.6.1 pseudopotential: HSCV O xc=LDA
 Generated by PSGen-1.6.1 on 2009-10-11T04:37:28Z
 psgen arguments:
 -element O -xc LDA -smooth_v -bound l=0:rc=0.8 -bound l=1:rc=0.8
 </description>
 <symbol>O</symbol>
 <atomic_number>8</atomic_number>
 <mass>15.9994</mass>
 <norm_conserving_pseudopotential>
 <valence_charge>6</valence_charge>
 <lmax>1</lmax>
 <llocal>1</llocal>
 <nquad>0</nquad>
 <rquad>0</rquad>
 <mesh_spacing>0.01</mesh_spacing>
 </norm_conserving_pseudopotential>
</species>
 Kleinman-Bylander potential
 rcps_ =   1.5
[qbox] <cmd>species hydrogen H_HSCV_LDA-1.0.xml</cmd>
  SpeciesCmd: defining species hydrogen as H_HSCV_LDA-1.0.xml

Warning at file , line 0, char 0
  Message: unable to open primary document entity '/home/ubuntu/computation/species.xsd'

 species hydrogen:
<species name="hydrogen">
 <description>
 PSGen-1.6.1 pseudopotential: HSCV H xc=LDA
 Generated by PSGen-1.6.1 on 2009-10-11T04:37:09Z
 psgen arguments:
 -element H -xc LDA -smooth_v -bound l=0:rc=0.5
 </description>
 <symbol>H</symbol>
 <atomic_number>1</atomic_number>
 <mass>1.00794</mass>
 <norm_conserving_pseudopotential>
 <valence_charge>1</valence_charge>
 <lmax>0</lmax>
 <llocal>0</llocal>
 <nquad>0</nquad>
 <rquad>0</rquad>
 <mesh_spacing>0.01</mesh_spacing>
 </norm_conserving_pseudopotential>
</species>
 local potential
 rcps_ =   1.5
[qbox] <cmd>set cell 16.0 0 0  0 16.0 0  0 0 16.0</cmd>
<unit_cell 
    a=" 16.00000000   0.00000000   0.00000000"
    b="  0.00000000  16.00000000   0.00000000"
    c="  0.00000000   0.00000000  16.00000000" />
[qbox] <cmd>atom O oxygen  0.00000000 0.00000000 0.00000000 </cmd>
[qbox] <cmd>atom H1 hydrogen  0.00000000 1.43153712 1.10941390</cmd>
[qbox] <cmd>atom H2 hydrogen   0.00000000 -1.43153712 1.10941390</cmd>
[qbox] <cmd>set xc LDA</cmd>
[qbox] <cmd>set ecut 20</cmd>
[qbox] <cmd>set ecutprec 5</cmd>
[qbox] <cmd>set wf_dyn PSDA</cmd>
[qbox] <cmd>set scf_tol 0.000000001</cmd>
[qbox] <cmd>randomize_wf</cmd>
[qbox] <cmd>run 0 400</cmd>
  EnergyFunctional: np0v,np1v,np2v: 56 56 56
  EnergyFunctional: vft->np012(): 175616
<wavefunction ecut="10.00000000" nspin="1" nel="8" nempty="0">
<cell a="16.000000 0.000000 0.000000"
      b="0.000000 16.000000 0.000000"
      c="0.000000 0.000000 16.000000"/>
 reciprocal lattice vectors
 0.392699 0.000000 0.000000
 0.000000 0.392699 0.000000
 0.000000 0.000000 0.392699
<refcell a="0.000000 0.000000 0.000000"
         b="0.000000 0.000000 0.000000"
         c="0.000000 0.000000 0.000000"/>
<grid nx="24" ny="24" nz="24"/>
 kpoint: 0.000000 0.000000 0.000000 weight: 1.000000
<slater_determinant kpoint="0.000000 0.000000 0.000000" size="4">
 sdcontext: 1x1
 basis size: 3094
 c dimensions: 3094x4   (3094x4 blocks)
 <density_matrix form="diagonal" size="4">
 </density_matrix>
</slater_determinant>
</wavefunction>
<iteration count="1">
  total_electronic_charge: 8.00000000
  <eigenvalue_sum>  5.85973780 </eigenvalue_sum>
  <etotal_int>      12.58347703 </etotal_int>
  total_electronic_charge: 7.99999999
  <eigenvalue_sum>  0.06596258 </eigenvalue_sum>
  Anderson extrapolation: theta=0.45639024 (0.45639024)
  <etotal_int>       0.58616419 </etotal_int>
  total_electronic_charge: 7.99999991
  <eigenvalue_sum>  -2.87038044 </eigenvalue_sum>
  Anderson extrapolation: theta=0.16827573 (0.16827573)
  <etotal_int>      -5.58698844 </etotal_int>
  total_electronic_charge: 8.00000000
  <eigenvalue_sum>  -3.43105053 </eigenvalue_sum>
  Anderson extrapolation: theta=0.19857941 (0.19857941)
  <etotal_int>      -6.68804040 </etotal_int>
  total_electronic_charge: 8.00000000
  <eigenvalue_sum>  -3.72909158 </eigenvalue_sum>
  Anderson extrapolation: theta=-0.61835917 (-0.61835917)
  <etotal_int>      -7.28279765 </etotal_int>
  total_electronic_charge: 8.00000000
  <eigenvalue_sum>  -3.77170563 </eigenvalue_sum>
  Anderson extrapolation: theta=-6.06245100 (0.00000000)
  <etotal_int>      -7.40341358 </etotal_int>
  total_electronic_charge: 8.00000000
  <eigenvalue_sum>  -3.99351169 </eigenvalue_sum>
  Anderson extrapolation: theta=-2.19481287 (0.00000000)
  <etotal_int>      -7.98988894 </etotal_int>
  total_electronic_charge: 8.00000000
  <eigenvalue_sum>  -4.22585165 </eigenvalue_sum>
  Anderson extrapolation: theta=-2.55872878 (0.00000000)
  <etotal_int>      -8.78749615 </etotal_int>
  total_electronic_charge: 8.00000000
  <eigenvalue_sum>  -4.43668429 </eigenvalue_sum>
  Anderson extrapolation: theta=-1.99158074 (0.00000000)
  <etotal_int>      -9.83655318 </etotal_int>
  total_electronic_charge: 8.00000000
  <eigenvalue_sum>  -4.54245087 </eigenvalue_sum>
  Anderson extrapolation: theta=-0.12479750 (-0.12479750)
  <etotal_int>     -11.01130601 </etotal_int>
  total_electronic_charge: 8.00000000
  <eigenvalue_sum>  -4.50683516 </eigenvalue_sum>
  Anderson extrapolation: theta=1.05633283 (1.05633283)
  <etotal_int>     -11.96794822 </etotal_int>
  total_electronic_charge: 8.00000000
  <eigenvalue_sum>  -4.06098011 </eigenvalue_sum>
  Anderson extrapolation: theta=0.49167318 (0.49167318)
  <etotal_int>     -13.58947607 </etotal_int>
  total_electronic_charge: 8.00000000
  <eigenvalue_sum>  -3.40442877 </eigenvalue_sum>
  Anderson extrapolation: theta=0.78525183 (0.78525183)
  <etotal_int>     -14.58001378 </etotal_int>
  total_electronic_charge: 8.00000000
  <eigenvalue_sum>  -2.66517695 </eigenvalue_sum>
  Anderson extrapolation: theta=0.74045639 (0.74045639)
  <etotal_int>     -15.28594198 </etotal_int>
  total_electronic_charge: 8.00000000
  <eigenvalue_sum>  -2.22321499 </eigenvalue_sum>
  Anderson extrapolation: theta=0.88848963 (0.88848963)
  <etotal_int>     -15.68615886 </etotal_int>
  total_electronic_charge: 8.00000000
  <eigenvalue_sum>  -2.08739769 </eigenvalue_sum>
  Anderson extrapolation: theta=0.49538872 (0.49538872)
  <etotal_int>     -15.91904510 </etotal_int>
  total_electronic_charge: 8.00000000
  <eigenvalue_sum>  -2.12480588 </eigenvalue_sum>
  Anderson extrapolation: theta=0.67179378 (0.67179378)
  <etotal_int>     -15.99932137 </etotal_int>
  total_electronic_charge: 8.00000000
  <eigenvalue_sum>  -2.17822485 </eigenvalue_sum>
  Anderson extrapolation: theta=0.66377670 (0.66377670)
  <etotal_int>     -16.03975051 </etotal_int>
  total_electronic_charge: 8.00000000
  <eigenvalue_sum>  -2.21643779 </eigenvalue_sum>
  Anderson extrapolation: theta=0.58608628 (0.58608628)
  <etotal_int>     -16.05900319 </etotal_int>
  total_electronic_charge: 8.00000000
  <eigenvalue_sum>  -2.23157964 </eigenvalue_sum>
  Anderson extrapolation: theta=0.74471095 (0.74471095)
  <etotal_int>     -16.06829244 </etotal_int>
  total_electronic_charge: 8.00000000
  <eigenvalue_sum>  -2.23845069 </eigenvalue_sum>
  Anderson extrapolation: theta=0.71922571 (0.71922571)
  <etotal_int>     -16.07450156 </etotal_int>
  total_electronic_charge: 8.00000000
  <eigenvalue_sum>  -2.24143752 </eigenvalue_sum>
  Anderson extrapolation: theta=0.91240810 (0.91240810)
  <etotal_int>     -16.07883500 </etotal_int>
  total_electronic_charge: 8.00000000
  <eigenvalue_sum>  -2.24489216 </eigenvalue_sum>
  Anderson extrapolation: theta=0.79971217 (0.79971217)
  <etotal_int>     -16.08233688 </etotal_int>
  total_electronic_charge: 8.00000000
  <eigenvalue_sum>  -2.24827450 </eigenvalue_sum>
  Anderson extrapolation: theta=0.87130675 (0.87130675)
  <etotal_int>     -16.08467215 </etotal_int>
  total_electronic_charge: 8.00000000
  <eigenvalue_sum>  -2.25119237 </eigenvalue_sum>
  Anderson extrapolation: theta=0.72293789 (0.72293789)
  <etotal_int>     -16.08618904 </etotal_int>
  total_electronic_charge: 8.00000000
  <eigenvalue_sum>  -2.25188148 </eigenvalue_sum>
  Anderson extrapolation: theta=0.78591113 (0.78591113)
  <etotal_int>     -16.08698767 </etotal_int>
  total_electronic_charge: 8.00000000
  <eigenvalue_sum>  -2.25049965 </eigenvalue_sum>
  Anderson extrapolation: theta=0.68993277 (0.68993277)
  <etotal_int>     -16.08743813 </etotal_int>
  total_electronic_charge: 8.00000000
  <eigenvalue_sum>  -2.24754978 </eigenvalue_sum>
  Anderson extrapolation: theta=0.80214831 (0.80214831)
  <etotal_int>     -16.08769852 </etotal_int>
  total_electronic_charge: 8.00000000
  <eigenvalue_sum>  -2.24366363 </eigenvalue_sum>
  Anderson extrapolation: theta=0.73752978 (0.73752978)
  <etotal_int>     -16.08789152 </etotal_int>
  total_electronic_charge: 8.00000000
  <eigenvalue_sum>  -2.23977415 </eigenvalue_sum>
  Anderson extrapolation: theta=0.88416032 (0.88416032)
  <etotal_int>     -16.08804552 </etotal_int>
  total_electronic_charge: 8.00000000
  <eigenvalue_sum>  -2.23587558 </eigenvalue_sum>
  Anderson extrapolation: theta=0.81171221 (0.81171221)
  <etotal_int>     -16.08818771 </etotal_int>
  total_electronic_charge: 8.00000000
  <eigenvalue_sum>  -2.23265863 </eigenvalue_sum>
  Anderson extrapolation: theta=0.93828086 (0.93828086)
  <etotal_int>     -16.08830925 </etotal_int>
  total_electronic_charge: 8.00000000
  <eigenvalue_sum>  -2.22992559 </eigenvalue_sum>
  Anderson extrapolation: theta=0.83590403 (0.83590403)
  <etotal_int>     -16.08841881 </etotal_int>
  total_electronic_charge: 8.00000000
  <eigenvalue_sum>  -2.22809209 </eigenvalue_sum>
  Anderson extrapolation: theta=0.92147032 (0.92147032)
  <etotal_int>     -16.08850437 </etotal_int>
  total_electronic_charge: 8.00000000
  <eigenvalue_sum>  -2.22692751 </eigenvalue_sum>
  Anderson extrapolation: theta=0.81092864 (0.81092864)
  <etotal_int>     -16.08857240 </etotal_int>
  total_electronic_charge: 8.00000000
  <eigenvalue_sum>  -2.22646717 </eigenvalue_sum>
  Anderson extrapolation: theta=0.87753750 (0.87753750)
  <etotal_int>     -16.08861908 </etotal_int>
  total_electronic_charge: 8.00000000
  <eigenvalue_sum>  -2.22646443 </eigenvalue_sum>
  Anderson extrapolation: theta=0.77635380 (0.77635380)
  <etotal_int>     -16.08865184 </etotal_int>
  total_electronic_charge: 8.00000000
  <eigenvalue_sum>  -2.22675280 </eigenvalue_sum>
  Anderson extrapolation: theta=0.84405213 (0.84405213)
  <etotal_int>     -16.08867257 </etotal_int>
  total_electronic_charge: 8.00000000
  <eigenvalue_sum>  -2.22718667 </eigenvalue_sum>
  Anderson extrapolation: theta=0.75855339 (0.75855339)
  <etotal_int>     -16.08868675 </etotal_int>
  total_electronic_charge: 8.00000000
  <eigenvalue_sum>  -2.22762397 </eigenvalue_sum>
  Anderson extrapolation: theta=0.84595197 (0.84595197)
  <etotal_int>     -16.08869636 </etotal_int>
  total_electronic_charge: 8.00000000
  <eigenvalue_sum>  -2.22804338 </eigenvalue_sum>
  Anderson extrapolation: theta=0.77863282 (0.77863282)
  <etotal_int>     -16.08870391 </etotal_int>
  total_electronic_charge: 8.00000000
  <eigenvalue_sum>  -2.22838047 </eigenvalue_sum>
  Anderson extrapolation: theta=0.88879001 (0.88879001)
  <etotal_int>     -16.08870993 </etotal_int>
  total_electronic_charge: 8.00000000
  <eigenvalue_sum>  -2.22866713 </eigenvalue_sum>
  Anderson extrapolation: theta=0.82325703 (0.82325703)
  <etotal_int>     -16.08871530 </etotal_int>
  total_electronic_charge: 8.00000000
  <eigenvalue_sum>  -2.22887712 </eigenvalue_sum>
  Anderson extrapolation: theta=0.92770680 (0.92770680)
  <etotal_int>     -16.08871982 </etotal_int>
  total_electronic_charge: 8.00000000
  <eigenvalue_sum>  -2.22904057 </eigenvalue_sum>
  Anderson extrapolation: theta=0.84160471 (0.84160471)
  <etotal_int>     -16.08872382 </etotal_int>
  total_electronic_charge: 8.00000000
  <eigenvalue_sum>  -2.22914535 </eigenvalue_sum>
  Anderson extrapolation: theta=0.91812165 (0.91812165)
  <etotal_int>     -16.08872698 </etotal_int>
  total_electronic_charge: 8.00000000
  <eigenvalue_sum>  -2.22921071 </eigenvalue_sum>
  Anderson extrapolation: theta=0.82050799 (0.82050799)
  <etotal_int>     -16.08872953 </etotal_int>
  total_electronic_charge: 8.00000000
  <eigenvalue_sum>  -2.22923623 </eigenvalue_sum>
  Anderson extrapolation: theta=0.88634488 (0.88634488)
  <etotal_int>     -16.08873138 </etotal_int>
  total_electronic_charge: 8.00000000
  <eigenvalue_sum>  -2.22923488 </eigenvalue_sum>
  Anderson extrapolation: theta=0.79948294 (0.79948294)
  <etotal_int>     -16.08873277 </etotal_int>
  total_electronic_charge: 8.00000000
  <eigenvalue_sum>  -2.22921376 </eigenvalue_sum>
  Anderson extrapolation: theta=0.87485559 (0.87485559)
  <etotal_int>     -16.08873375 </etotal_int>
  total_electronic_charge: 8.00000000
  <eigenvalue_sum>  -2.22917982 </eigenvalue_sum>
  Anderson extrapolation: theta=0.80020163 (0.80020163)
  <etotal_int>     -16.08873450 </etotal_int>
  total_electronic_charge: 8.00000000
  <eigenvalue_sum>  -2.22914121 </eigenvalue_sum>
  Anderson extrapolation: theta=0.88432483 (0.88432483)
  <etotal_int>     -16.08873506 </etotal_int>
  total_electronic_charge: 8.00000000
  <eigenvalue_sum>  -2.22909976 </eigenvalue_sum>
  Anderson extrapolation: theta=0.81200052 (0.81200052)
  <etotal_int>     -16.08873552 </etotal_int>
  total_electronic_charge: 8.00000000
  <eigenvalue_sum>  -2.22906218 </eigenvalue_sum>
  Anderson extrapolation: theta=0.89754711 (0.89754711)
  <etotal_int>     -16.08873588 </etotal_int>
  total_electronic_charge: 8.00000000
  <eigenvalue_sum>  -2.22902763 </eigenvalue_sum>
  Anderson extrapolation: theta=0.82382798 (0.82382798)
  <etotal_int>     -16.08873619 </etotal_int>
  total_electronic_charge: 8.00000000
  <eigenvalue_sum>  -2.22900057 </eigenvalue_sum>
  Anderson extrapolation: theta=0.90846203 (0.90846203)
  <etotal_int>     -16.08873643 </etotal_int>
  total_electronic_charge: 8.00000000
  <eigenvalue_sum>  -2.22897909 </eigenvalue_sum>
  Anderson extrapolation: theta=0.83406594 (0.83406594)
  <etotal_int>     -16.08873664 </etotal_int>
  total_electronic_charge: 8.00000000
  <eigenvalue_sum>  -2.22896517 </eigenvalue_sum>
  Anderson extrapolation: theta=0.91533844 (0.91533844)
  <etotal_int>     -16.08873681 </etotal_int>
  total_electronic_charge: 8.00000000
  <eigenvalue_sum>  -2.22895675 </eigenvalue_sum>
  Anderson extrapolation: theta=0.83805748 (0.83805748)
  <etotal_int>     -16.08873695 </etotal_int>
  total_electronic_charge: 8.00000000
  <eigenvalue_sum>  -2.22895376 </eigenvalue_sum>
  Anderson extrapolation: theta=0.91087249 (0.91087249)
  <etotal_int>     -16.08873706 </etotal_int>
  total_electronic_charge: 8.00000000
  <eigenvalue_sum>  -2.22895449 </eigenvalue_sum>
  Anderson extrapolation: theta=0.82928947 (0.82928947)
  <etotal_int>     -16.08873714 </etotal_int>
  total_electronic_charge: 8.00000000
  <eigenvalue_sum>  -2.22895769 </eigenvalue_sum>
  Anderson extrapolation: theta=0.89438877 (0.89438877)
  <etotal_int>     -16.08873721 </etotal_int>
  total_electronic_charge: 8.00000000
  <eigenvalue_sum>  -2.22896225 </eigenvalue_sum>
  Anderson extrapolation: theta=0.81382768 (0.81382768)
  <etotal_int>     -16.08873725 </etotal_int>
  total_electronic_charge: 8.00000000
  <eigenvalue_sum>  -2.22896682 </eigenvalue_sum>
  Anderson extrapolation: theta=0.88100133 (0.88100133)
  <etotal_int>     -16.08873729 </etotal_int>
  total_electronic_charge: 8.00000000
  <eigenvalue_sum>  -2.22897105 </eigenvalue_sum>
  Anderson extrapolation: theta=0.80870544 (0.80870544)
  <etotal_int>     -16.08873732 </etotal_int>
  total_electronic_charge: 8.00000000
  <eigenvalue_sum>  -2.22897419 </eigenvalue_sum>
  Anderson extrapolation: theta=0.88724882 (0.88724882)
  <etotal_int>     -16.08873734 </etotal_int>
  total_electronic_charge: 8.00000000
  <eigenvalue_sum>  -2.22897643 </eigenvalue_sum>
  Anderson extrapolation: theta=0.82388905 (0.82388905)
  <etotal_int>     -16.08873736 </etotal_int>
  total_electronic_charge: 8.00000000
  <eigenvalue_sum>  -2.22897763 </eigenvalue_sum>
  Anderson extrapolation: theta=0.91270734 (0.91270734)
  <etotal_int>     -16.08873737 </etotal_int>
  total_electronic_charge: 8.00000000
  <eigenvalue_sum>  -2.22897812 </eigenvalue_sum>
  Anderson extrapolation: theta=0.85064601 (0.85064601)
  <etotal_int>     -16.08873739 </etotal_int>
  total_electronic_charge: 8.00000000
  <eigenvalue_sum>  -2.22897804 </eigenvalue_sum>
  Anderson extrapolation: theta=0.93723555 (0.93723555)
  <etotal_int>     -16.08873740 </etotal_int>
  total_electronic_charge: 8.00000000
  <eigenvalue_sum>  -2.22897764 </eigenvalue_sum>
  Anderson extrapolation: theta=0.86651929 (0.86651929)
  <etotal_int>     -16.08873741 </etotal_int>
  total_electronic_charge: 8.00000000
  <eigenvalue_sum>  -2.22897711 </eigenvalue_sum>
  Anderson extrapolation: theta=0.93739843 (0.93739843)
  <etotal_int>     -16.08873742 </etotal_int>
  total_electronic_charge: 8.00000000
  <eigenvalue_sum>  -2.22897660 </eigenvalue_sum>
  Anderson extrapolation: theta=0.85568436 (0.85568436)
  <etotal_int>     -16.08873743 </etotal_int>
  total_electronic_charge: 8.00000000
  <eigenvalue_sum>  -2.22897624 </eigenvalue_sum>
  Anderson extrapolation: theta=0.91029689 (0.91029689)
  <etotal_int>     -16.08873743 </etotal_int>
  total_electronic_charge: 8.00000000
  <eigenvalue_sum>  -2.22897606 </eigenvalue_sum>
  Anderson extrapolation: theta=0.82607576 (0.82607576)
  <etotal_int>     -16.08873744 </etotal_int>
  total_electronic_charge: 8.00000000
  <eigenvalue_sum>  -2.22897607 </eigenvalue_sum>
  Anderson extrapolation: theta=0.87778106 (0.87778106)
  <etotal_int>     -16.08873744 </etotal_int>
  total_electronic_charge: 8.00000000
  <eigenvalue_sum>  -2.22897622 </eigenvalue_sum>
  Anderson extrapolation: theta=0.80251923 (0.80251923)
  <etotal_int>     -16.08873744 </etotal_int>
  total_electronic_charge: 8.00000000
  <eigenvalue_sum>  -2.22897646 </eigenvalue_sum>
  Anderson extrapolation: theta=0.86723332 (0.86723332)
  <etotal_int>     -16.08873744 </etotal_int>
  total_electronic_charge: 8.00000000
  <eigenvalue_sum>  -2.22897676 </eigenvalue_sum>
  Anderson extrapolation: theta=0.80652459 (0.80652459)
  <etotal_int>     -16.08873745 </etotal_int>
  total_electronic_charge: 8.00000000
  <eigenvalue_sum>  -2.22897704 </eigenvalue_sum>
  Anderson extrapolation: theta=0.89178832 (0.89178832)
  <etotal_int>     -16.08873745 </etotal_int>
  total_electronic_charge: 8.00000000
  <eigenvalue_sum>  -2.22897731 </eigenvalue_sum>
  Anderson extrapolation: theta=0.84125443 (0.84125443)
  <etotal_int>     -16.08873745 </etotal_int>
  total_electronic_charge: 8.00000000
  <eigenvalue_sum>  -2.22897753 </eigenvalue_sum>
  Anderson extrapolation: theta=0.93822564 (0.93822564)
  <etotal_int>     -16.08873745 </etotal_int>
  total_electronic_charge: 8.00000000
  <eigenvalue_sum>  -2.22897773 </eigenvalue_sum>
  Anderson extrapolation: theta=0.88279784 (0.88279784)
  <etotal_int>     -16.08873745 </etotal_int>
  total_electronic_charge: 8.00000000
  <eigenvalue_sum>  -2.22897789 </eigenvalue_sum>
  Anderson extrapolation: theta=0.96696325 (0.96696325)
  <etotal_int>     -16.08873745 </etotal_int>
  total_electronic_charge: 8.00000000
  <eigenvalue_sum>  -2.22897803 </eigenvalue_sum>
  Anderson extrapolation: theta=0.89193279 (0.89193279)
  <etotal_int>     -16.08873745 </etotal_int>
  total_electronic_charge: 8.00000000
  <eigenvalue_sum>  -2.22897814 </eigenvalue_sum>
  Anderson extrapolation: theta=0.94689178 (0.94689178)
  <etotal_int>     -16.08873745 </etotal_int>
  total_electronic_charge: 8.00000000
  <eigenvalue_sum>  -2.22897824 </eigenvalue_sum>
  Anderson extrapolation: theta=0.85754095 (0.85754095)
  <etotal_int>     -16.08873745 </etotal_int>
  total_electronic_charge: 8.00000000
  <eigenvalue_sum>  -2.22897831 </eigenvalue_sum>
  Anderson extrapolation: theta=0.89653439 (0.89653439)
  <etotal_int>     -16.08873745 </etotal_int>
  total_electronic_charge: 8.00000000
  <ekin>         9.55145689 </ekin>
  <econf>        0.00000000 </econf>
  <eps>        -16.81154394 </eps>
  <enl>          2.68384768 </enl>
  <ecoul>       -7.65839131 </ecoul>
  <exc>         -3.85410678 </exc>
  <esr>          1.52555476 </esr>
  <eself>       10.10653777 </eself>
  <ets>          0.00000000 </ets>
  <eexf>         0.00000000 </eexf>
  <etotal>     -16.08873745 </etotal>
  <epv>          0.00000000 </epv>
  <eefield>      0.00000000 </eefield>
  <enthalpy>   -16.08873745 </enthalpy>
<atomset>
<unit_cell 
    a=" 16.00000000   0.00000000   0.00000000"
    b="  0.00000000  16.00000000   0.00000000"
    c="  0.00000000   0.00000000  16.00000000" />
  <atom name="O" species="oxygen">
    <position> 0.00000000 0.00000000 0.00000000 </position>
    <velocity> 0.00000000 0.00000000 0.00000000 </velocity>
    <force> -0.00000104 0.00000012 -0.17196667 </force>
  </atom>
  <atom name="H1" species="hydrogen">
    <position> 0.00000000 1.43153712 1.10941390 </position>
    <velocity> 0.00000000 0.00000000 0.00000000 </velocity>
    <force> 0.00000098 0.09042918 0.08598505 </force>
  </atom>
  <atom name="H2" species="hydrogen">
    <position> 0.00000000 -1.43153712 1.10941390 </position>
    <velocity> 0.00000000 0.00000000 0.00000000 </velocity>
    <force> 0.00000110 -0.09043076 0.08598528 </force>
  </atom>
</atomset>
<unit_cell_a_norm> 16.000000 </unit_cell_a_norm>
<unit_cell_b_norm> 16.000000 </unit_cell_b_norm>
<unit_cell_c_norm> 16.000000 </unit_cell_c_norm>
<unit_cell_alpha>  90.000 </unit_cell_alpha>
<unit_cell_beta>   90.000 </unit_cell_beta>
<unit_cell_gamma>  90.000 </unit_cell_gamma>
<unit_cell_volume> 4096.000 </unit_cell_volume>
<timing name="iteration"       min="2.689" max="2.689"/>
</iteration>
<timing name="charge"          min="0.801" max="0.801"/>
<timing name="energy"          min="0.787" max="0.787"/>
<timing name="ortho_align"     min="0.038" max="0.038"/>
<timing name="psda_prec"       min="0.007" max="0.007"/>
<timing name="psda_residual"   min="0.022" max="0.022"/>
<timing name="psda_update_wf"  min="0.010" max="0.010"/>
<timing name="update_vhxc"     min="0.995" max="0.995"/>
<timing name="wf_update"       min="0.098" max="0.098"/>
<timing name="ekin"            min="0.019" max="0.019"/>
<timing name="exc"             min="0.569" max="0.569"/>
<timing name="hpsi"            min="0.730" max="0.730"/>
<timing name="nonlocal"        min="0.035" max="0.035"/>
<timing name="charge_compute"  min="0.410" max="0.410"/>
<timing name="charge_integral" min="0.035" max="0.035"/>
<timing name="charge_rowsum"   min="0.026" max="0.026"/>
<timing name="charge_vft"      min="0.328" max="0.328"/>
[qbox]  End of command stream 
<real_time> 2.957 </real_time>
<end_time> 2019-12-13T02:57:45Z </end_time>
</fpmd:simulation>
