--------------------------------------------------------------------------
[[15126,1],0]: A high-performance Open MPI point-to-point messaging module
was unable to find any relevant network interfaces:

Module: OpenFabrics (openib)
  Host: ip-172-31-19-165

Another transport will be used instead, although this may result in
lower performance.

NOTE: You can disable this warning by setting the MCA parameter
btl_base_warn_component_unused to 0.
--------------------------------------------------------------------------
<?xml version="1.0" encoding="UTF-8"?>
<fpmd:simulation xmlns:fpmd="http://www.quantum-simulation.org/ns/fpmd/fpmd-1.0">
<uuid> 8019d6a0-1d54-11ea-bc63-06b03d31dcd0 </uuid>

                   ============================
                   I qbox 1.63.8              I
                   I                          I
                   I                          I
                   I                          I
                   I                          I
                   I                          I
                   I                          I
                   I                          I
                   I                          I
                   I                          I
                   I                          I
                   I                          I
                   I http://qboxcode.org      I
                   ============================


<release> 1.63.8  </release>
<svn_version>  </svn_version>
<user> ubuntu </user>
<sysname> Linux </sysname>
<nodename> ip-172-31-19-165 </nodename>
<start_time> 2019-12-13T02:58:55Z </start_time>
<mpi_processes count="1">
<process id="0"> ip-172-31-19-165 </process>
</mpi_processes>
[qbox] <cmd>species oxygen O_HSCV_LDA-1.0.xml</cmd>
  SpeciesCmd: defining species oxygen as O_HSCV_LDA-1.0.xml

Warning at file , line 0, char 0
  Message: unable to open primary document entity '/home/ubuntu/computation/species.xsd'

 species oxygen:
<species name="oxygen">
 <description>
 PSGen-1.6.1 pseudopotential: HSCV O xc=LDA
 Generated by PSGen-1.6.1 on 2009-10-11T04:37:28Z
 psgen arguments:
 -element O -xc LDA -smooth_v -bound l=0:rc=0.8 -bound l=1:rc=0.8
 </description>
 <symbol>O</symbol>
 <atomic_number>8</atomic_number>
 <mass>15.9994</mass>
 <norm_conserving_pseudopotential>
 <valence_charge>6</valence_charge>
 <lmax>1</lmax>
 <llocal>1</llocal>
 <nquad>0</nquad>
 <rquad>0</rquad>
 <mesh_spacing>0.01</mesh_spacing>
 </norm_conserving_pseudopotential>
</species>
 Kleinman-Bylander potential
 rcps_ =   1.5
[qbox] <cmd>species hydrogen H_HSCV_LDA-1.0.xml</cmd>
  SpeciesCmd: defining species hydrogen as H_HSCV_LDA-1.0.xml

Warning at file , line 0, char 0
  Message: unable to open primary document entity '/home/ubuntu/computation/species.xsd'

 species hydrogen:
<species name="hydrogen">
 <description>
 PSGen-1.6.1 pseudopotential: HSCV H xc=LDA
 Generated by PSGen-1.6.1 on 2009-10-11T04:37:09Z
 psgen arguments:
 -element H -xc LDA -smooth_v -bound l=0:rc=0.5
 </description>
 <symbol>H</symbol>
 <atomic_number>1</atomic_number>
 <mass>1.00794</mass>
 <norm_conserving_pseudopotential>
 <valence_charge>1</valence_charge>
 <lmax>0</lmax>
 <llocal>0</llocal>
 <nquad>0</nquad>
 <rquad>0</rquad>
 <mesh_spacing>0.01</mesh_spacing>
 </norm_conserving_pseudopotential>
</species>
 local potential
 rcps_ =   1.5
[qbox] <cmd>set cell 16.0 0 0  0 16.0 0  0 0 16.0</cmd>
<unit_cell 
    a=" 16.00000000   0.00000000   0.00000000"
    b="  0.00000000  16.00000000   0.00000000"
    c="  0.00000000   0.00000000  16.00000000" />
[qbox] <cmd>atom O oxygen  0.00000000 0.00000000 0.00000000 </cmd>
[qbox] <cmd>atom H1 hydrogen  0.00000000 1.43153712 1.10941390</cmd>
[qbox] <cmd>atom H2 hydrogen   0.00000000 -1.43153712 1.10941390</cmd>
[qbox] <cmd>set xc LDA</cmd>
[qbox] <cmd>set ecut 40</cmd>
[qbox] <cmd>set ecutprec 5</cmd>
[qbox] <cmd>set wf_dyn PSDA</cmd>
[qbox] <cmd>set scf_tol 0.000000001</cmd>
[qbox] <cmd>randomize_wf</cmd>
[qbox] <cmd>run 0 400</cmd>
  EnergyFunctional: np0v,np1v,np2v: 70 70 70
  EnergyFunctional: vft->np012(): 343000
<wavefunction ecut="20.00000000" nspin="1" nel="8" nempty="0">
<cell a="16.000000 0.000000 0.000000"
      b="0.000000 16.000000 0.000000"
      c="0.000000 0.000000 16.000000"/>
 reciprocal lattice vectors
 0.392699 0.000000 0.000000
 0.000000 0.392699 0.000000
 0.000000 0.000000 0.392699
<refcell a="0.000000 0.000000 0.000000"
         b="0.000000 0.000000 0.000000"
         c="0.000000 0.000000 0.000000"/>
<grid nx="36" ny="36" nz="36"/>
 kpoint: 0.000000 0.000000 0.000000 weight: 1.000000
<slater_determinant kpoint="0.000000 0.000000 0.000000" size="4">
 sdcontext: 1x1
 basis size: 8731
 c dimensions: 8731x4   (8731x4 blocks)
 <density_matrix form="diagonal" size="4">
 </density_matrix>
</slater_determinant>
</wavefunction>
<iteration count="1">
  total_electronic_charge: 8.00000000
  <eigenvalue_sum>  24.08310677 </eigenvalue_sum>
  <etotal_int>      48.27460323 </etotal_int>
  total_electronic_charge: 7.99999962
  <eigenvalue_sum>  4.60951823 </eigenvalue_sum>
  Anderson extrapolation: theta=0.34687133 (0.34687133)
  <etotal_int>       9.32917867 </etotal_int>
  total_electronic_charge: 7.99999991
  <eigenvalue_sum>  -2.21622629 </eigenvalue_sum>
  Anderson extrapolation: theta=0.08432523 (0.08432523)
  <etotal_int>      -4.22277766 </etotal_int>
  total_electronic_charge: 8.00000000
  <eigenvalue_sum>  -3.00021608 </eigenvalue_sum>
  Anderson extrapolation: theta=0.44594193 (0.44594193)
  <etotal_int>      -5.92734173 </etotal_int>
  total_electronic_charge: 8.00000000
  <eigenvalue_sum>  -3.42900147 </eigenvalue_sum>
  Anderson extrapolation: theta=-0.45505039 (-0.45505039)
  <etotal_int>      -6.83713064 </etotal_int>
  total_electronic_charge: 8.00000000
  <eigenvalue_sum>  -3.49861992 </eigenvalue_sum>
  Anderson extrapolation: theta=-4.40558069 (0.00000000)
  <etotal_int>      -7.03924279 </etotal_int>
  total_electronic_charge: 8.00000000
  <eigenvalue_sum>  -3.80281804 </eigenvalue_sum>
  Anderson extrapolation: theta=-2.42071155 (0.00000000)
  <etotal_int>      -7.85349328 </etotal_int>
  total_electronic_charge: 8.00000000
  <eigenvalue_sum>  -4.17626662 </eigenvalue_sum>
  Anderson extrapolation: theta=-2.23581113 (0.00000000)
  <etotal_int>      -9.09795636 </etotal_int>
  total_electronic_charge: 8.00000000
  <eigenvalue_sum>  -4.47371952 </eigenvalue_sum>
  Anderson extrapolation: theta=-0.12555468 (-0.12555468)
  <etotal_int>     -10.63469315 </etotal_int>
  total_electronic_charge: 8.00000000
  <eigenvalue_sum>  -4.54399957 </eigenvalue_sum>
  Anderson extrapolation: theta=1.11340928 (1.11340928)
  <etotal_int>     -11.83163045 </etotal_int>
  total_electronic_charge: 8.00000000
  <eigenvalue_sum>  -4.27913752 </eigenvalue_sum>
  Anderson extrapolation: theta=0.24960495 (0.24960495)
  <etotal_int>     -13.58167841 </etotal_int>
  total_electronic_charge: 8.00000000
  <eigenvalue_sum>  -4.00757289 </eigenvalue_sum>
  Anderson extrapolation: theta=0.71129958 (0.71129958)
  <etotal_int>     -14.32953034 </etotal_int>
  total_electronic_charge: 8.00000000
  <eigenvalue_sum>  -3.61289168 </eigenvalue_sum>
  Anderson extrapolation: theta=0.75998195 (0.75998195)
  <etotal_int>     -15.03921316 </etotal_int>
  total_electronic_charge: 8.00000000
  <eigenvalue_sum>  -3.23304550 </eigenvalue_sum>
  Anderson extrapolation: theta=0.53227062 (0.53227062)
  <etotal_int>     -15.56306257 </etotal_int>
  total_electronic_charge: 8.00000000
  <eigenvalue_sum>  -3.01736877 </eigenvalue_sum>
  Anderson extrapolation: theta=0.26219459 (0.26219459)
  <etotal_int>     -15.85071050 </etotal_int>
  total_electronic_charge: 8.00000000
  <eigenvalue_sum>  -2.89310884 </eigenvalue_sum>
  Anderson extrapolation: theta=-0.01921162 (-0.01921162)
  <etotal_int>     -16.00808043 </etotal_int>
  total_electronic_charge: 8.00000000
  <eigenvalue_sum>  -2.81393887 </eigenvalue_sum>
  Anderson extrapolation: theta=0.25911491 (0.25911491)
  <etotal_int>     -16.09998411 </etotal_int>
  total_electronic_charge: 8.00000000
  <eigenvalue_sum>  -2.70621422 </eigenvalue_sum>
  Anderson extrapolation: theta=1.84826627 (1.84826627)
  <etotal_int>     -16.21506084 </etotal_int>
  total_electronic_charge: 8.00000000
  <eigenvalue_sum>  -2.41922147 </eigenvalue_sum>
  Anderson extrapolation: theta=1.36691672 (1.36691672)
  <etotal_int>     -16.48266639 </etotal_int>
  total_electronic_charge: 8.00000000
  <eigenvalue_sum>  -2.11228931 </eigenvalue_sum>
  Anderson extrapolation: theta=0.60061139 (0.60061139)
  <etotal_int>     -16.76448986 </etotal_int>
  total_electronic_charge: 8.00000000
  <eigenvalue_sum>  -2.07722694 </eigenvalue_sum>
  Anderson extrapolation: theta=0.31465180 (0.31465180)
  <etotal_int>     -16.86088941 </etotal_int>
  total_electronic_charge: 8.00000000
  <eigenvalue_sum>  -2.07221990 </eigenvalue_sum>
  Anderson extrapolation: theta=1.62773169 (1.62773169)
  <etotal_int>     -16.88597990 </etotal_int>
  total_electronic_charge: 8.00000000
  <eigenvalue_sum>  -2.10583104 </eigenvalue_sum>
  Anderson extrapolation: theta=0.14301602 (0.14301602)
  <etotal_int>     -16.90927716 </etotal_int>
  total_electronic_charge: 8.00000000
  <eigenvalue_sum>  -2.09585714 </eigenvalue_sum>
  Anderson extrapolation: theta=2.33253070 (2.00000000)
  <etotal_int>     -16.91322768 </etotal_int>
  total_electronic_charge: 8.00000000
  <eigenvalue_sum>  -2.08470433 </eigenvalue_sum>
  Anderson extrapolation: theta=0.40539789 (0.40539789)
  <etotal_int>     -16.91869666 </etotal_int>
  total_electronic_charge: 8.00000000
  <eigenvalue_sum>  -2.08589486 </eigenvalue_sum>
  Anderson extrapolation: theta=0.93278924 (0.93278924)
  <etotal_int>     -16.92020916 </etotal_int>
  total_electronic_charge: 8.00000000
  <eigenvalue_sum>  -2.09057618 </eigenvalue_sum>
  Anderson extrapolation: theta=0.61740713 (0.61740713)
  <etotal_int>     -16.92124098 </etotal_int>
  total_electronic_charge: 8.00000000
  <eigenvalue_sum>  -2.09439192 </eigenvalue_sum>
  Anderson extrapolation: theta=0.87987116 (0.87987116)
  <etotal_int>     -16.92175299 </etotal_int>
  total_electronic_charge: 8.00000000
  <eigenvalue_sum>  -2.09726263 </eigenvalue_sum>
  Anderson extrapolation: theta=0.63801538 (0.63801538)
  <etotal_int>     -16.92209905 </etotal_int>
  total_electronic_charge: 8.00000000
  <eigenvalue_sum>  -2.09799472 </eigenvalue_sum>
  Anderson extrapolation: theta=0.89257070 (0.89257070)
  <etotal_int>     -16.92230109 </etotal_int>
  total_electronic_charge: 8.00000000
  <eigenvalue_sum>  -2.09765401 </eigenvalue_sum>
  Anderson extrapolation: theta=0.66919534 (0.66919534)
  <etotal_int>     -16.92246071 </etotal_int>
  total_electronic_charge: 8.00000000
  <eigenvalue_sum>  -2.09662222 </eigenvalue_sum>
  Anderson extrapolation: theta=0.97159731 (0.97159731)
  <etotal_int>     -16.92257347 </etotal_int>
  total_electronic_charge: 8.00000000
  <eigenvalue_sum>  -2.09515524 </eigenvalue_sum>
  Anderson extrapolation: theta=0.73602404 (0.73602404)
  <etotal_int>     -16.92267686 </etotal_int>
  total_electronic_charge: 8.00000000
  <eigenvalue_sum>  -2.09379540 </eigenvalue_sum>
  Anderson extrapolation: theta=1.00663389 (1.00663389)
  <etotal_int>     -16.92275243 </etotal_int>
  total_electronic_charge: 8.00000000
  <eigenvalue_sum>  -2.09234913 </eigenvalue_sum>
  Anderson extrapolation: theta=0.73858327 (0.73858327)
  <etotal_int>     -16.92281756 </etotal_int>
  total_electronic_charge: 8.00000000
  <eigenvalue_sum>  -2.09128052 </eigenvalue_sum>
  Anderson extrapolation: theta=0.93980244 (0.93980244)
  <etotal_int>     -16.92285914 </etotal_int>
  total_electronic_charge: 8.00000000
  <eigenvalue_sum>  -2.09035424 </eigenvalue_sum>
  Anderson extrapolation: theta=0.68794918 (0.68794918)
  <etotal_int>     -16.92288918 </etotal_int>
  total_electronic_charge: 8.00000000
  <eigenvalue_sum>  -2.08980425 </eigenvalue_sum>
  Anderson extrapolation: theta=0.88126164 (0.88126164)
  <etotal_int>     -16.92290632 </etotal_int>
  total_electronic_charge: 8.00000000
  <eigenvalue_sum>  -2.08941909 </eigenvalue_sum>
  Anderson extrapolation: theta=0.67092381 (0.67092381)
  <etotal_int>     -16.92291842 </etotal_int>
  total_electronic_charge: 8.00000000
  <eigenvalue_sum>  -2.08924591 </eigenvalue_sum>
  Anderson extrapolation: theta=0.91014927 (0.91014927)
  <etotal_int>     -16.92292635 </etotal_int>
  total_electronic_charge: 8.00000000
  <eigenvalue_sum>  -2.08916053 </eigenvalue_sum>
  Anderson extrapolation: theta=0.71442470 (0.71442470)
  <etotal_int>     -16.92293318 </etotal_int>
  total_electronic_charge: 8.00000000
  <eigenvalue_sum>  -2.08915190 </eigenvalue_sum>
  Anderson extrapolation: theta=0.98709502 (0.98709502)
  <etotal_int>     -16.92293846 </etotal_int>
  total_electronic_charge: 8.00000000
  <eigenvalue_sum>  -2.08917792 </eigenvalue_sum>
  Anderson extrapolation: theta=0.76809159 (0.76809159)
  <etotal_int>     -16.92294343 </etotal_int>
  total_electronic_charge: 8.00000000
  <eigenvalue_sum>  -2.08921665 </eigenvalue_sum>
  Anderson extrapolation: theta=1.00812332 (1.00812332)
  <etotal_int>     -16.92294718 </etotal_int>
  total_electronic_charge: 8.00000000
  <eigenvalue_sum>  -2.08926347 </eigenvalue_sum>
  Anderson extrapolation: theta=0.75969090 (0.75969090)
  <etotal_int>     -16.92295039 </etotal_int>
  total_electronic_charge: 8.00000000
  <eigenvalue_sum>  -2.08929966 </eigenvalue_sum>
  Anderson extrapolation: theta=0.94006623 (0.94006623)
  <etotal_int>     -16.92295246 </etotal_int>
  total_electronic_charge: 8.00000000
  <eigenvalue_sum>  -2.08933216 </eigenvalue_sum>
  Anderson extrapolation: theta=0.70222447 (0.70222447)
  <etotal_int>     -16.92295392 </etotal_int>
  total_electronic_charge: 8.00000000
  <eigenvalue_sum>  -2.08935317 </eigenvalue_sum>
  Anderson extrapolation: theta=0.87731811 (0.87731811)
  <etotal_int>     -16.92295476 </etotal_int>
  total_electronic_charge: 8.00000000
  <eigenvalue_sum>  -2.08937225 </eigenvalue_sum>
  Anderson extrapolation: theta=0.67612402 (0.67612402)
  <etotal_int>     -16.92295534 </etotal_int>
  total_electronic_charge: 8.00000000
  <eigenvalue_sum>  -2.08938785 </eigenvalue_sum>
  Anderson extrapolation: theta=0.90220569 (0.90220569)
  <etotal_int>     -16.92295574 </etotal_int>
  total_electronic_charge: 8.00000000
  <eigenvalue_sum>  -2.08940713 </eigenvalue_sum>
  Anderson extrapolation: theta=0.72073570 (0.72073570)
  <etotal_int>     -16.92295609 </etotal_int>
  total_electronic_charge: 8.00000000
  <eigenvalue_sum>  -2.08942737 </eigenvalue_sum>
  Anderson extrapolation: theta=0.99554953 (0.99554953)
  <etotal_int>     -16.92295639 </etotal_int>
  total_electronic_charge: 8.00000000
  <eigenvalue_sum>  -2.08945444 </eigenvalue_sum>
  Anderson extrapolation: theta=0.79123247 (0.79123247)
  <etotal_int>     -16.92295669 </etotal_int>
  total_electronic_charge: 8.00000000
  <eigenvalue_sum>  -2.08948217 </eigenvalue_sum>
  Anderson extrapolation: theta=1.03616700 (1.03616700)
  <etotal_int>     -16.92295692 </etotal_int>
  total_electronic_charge: 8.00000000
  <eigenvalue_sum>  -2.08951582 </eigenvalue_sum>
  Anderson extrapolation: theta=0.79062120 (0.79062120)
  <etotal_int>     -16.92295714 </etotal_int>
  total_electronic_charge: 8.00000000
  <eigenvalue_sum>  -2.08954542 </eigenvalue_sum>
  Anderson extrapolation: theta=0.95996443 (0.95996443)
  <etotal_int>     -16.92295728 </etotal_int>
  total_electronic_charge: 8.00000000
  <eigenvalue_sum>  -2.08957457 </eigenvalue_sum>
  Anderson extrapolation: theta=0.72036082 (0.72036082)
  <etotal_int>     -16.92295739 </etotal_int>
  total_electronic_charge: 8.00000000
  <eigenvalue_sum>  -2.08959438 </eigenvalue_sum>
  Anderson extrapolation: theta=0.87350612 (0.87350612)
  <etotal_int>     -16.92295744 </etotal_int>
  total_electronic_charge: 8.00000000
  <eigenvalue_sum>  -2.08960888 </eigenvalue_sum>
  Anderson extrapolation: theta=0.67515648 (0.67515648)
  <etotal_int>     -16.92295748 </etotal_int>
  total_electronic_charge: 8.00000000
  <eigenvalue_sum>  -2.08961488 </eigenvalue_sum>
  Anderson extrapolation: theta=0.87622576 (0.87622576)
  <etotal_int>     -16.92295750 </etotal_int>
  total_electronic_charge: 8.00000000
  <eigenvalue_sum>  -2.08961580 </eigenvalue_sum>
  Anderson extrapolation: theta=0.70371875 (0.70371875)
  <etotal_int>     -16.92295752 </etotal_int>
  total_electronic_charge: 8.00000000
  <eigenvalue_sum>  -2.08961201 </eigenvalue_sum>
  Anderson extrapolation: theta=0.96558292 (0.96558292)
  <etotal_int>     -16.92295754 </etotal_int>
  total_electronic_charge: 8.00000000
  <eigenvalue_sum>  -2.08960412 </eigenvalue_sum>
  Anderson extrapolation: theta=0.78029535 (0.78029535)
  <etotal_int>     -16.92295755 </etotal_int>
  total_electronic_charge: 8.00000000
  <eigenvalue_sum>  -2.08959421 </eigenvalue_sum>
  Anderson extrapolation: theta=1.04358035 (1.04358035)
  <etotal_int>     -16.92295757 </etotal_int>
  total_electronic_charge: 8.00000000
  <eigenvalue_sum>  -2.08958089 </eigenvalue_sum>
  Anderson extrapolation: theta=0.81534045 (0.81534045)
  <etotal_int>     -16.92295758 </etotal_int>
  total_electronic_charge: 8.00000000
  <eigenvalue_sum>  -2.08956786 </eigenvalue_sum>
  Anderson extrapolation: theta=1.00761061 (1.00761061)
  <etotal_int>     -16.92295759 </etotal_int>
  total_electronic_charge: 8.00000000
  <eigenvalue_sum>  -2.08955355 </eigenvalue_sum>
  Anderson extrapolation: theta=0.76417399 (0.76417399)
  <etotal_int>     -16.92295760 </etotal_int>
  total_electronic_charge: 8.00000000
  <eigenvalue_sum>  -2.08954226 </eigenvalue_sum>
  Anderson extrapolation: theta=0.91051380 (0.91051380)
  <etotal_int>     -16.92295760 </etotal_int>
  total_electronic_charge: 8.00000000
  <eigenvalue_sum>  -2.08953238 </eigenvalue_sum>
  Anderson extrapolation: theta=0.69920204 (0.69920204)
  <etotal_int>     -16.92295761 </etotal_int>
  total_electronic_charge: 8.00000000
  <eigenvalue_sum>  -2.08952641 </eigenvalue_sum>
  Anderson extrapolation: theta=0.86755788 (0.86755788)
  <etotal_int>     -16.92295761 </etotal_int>
  total_electronic_charge: 8.00000000
  <eigenvalue_sum>  -2.08952253 </eigenvalue_sum>
  Anderson extrapolation: theta=0.69051004 (0.69051004)
  <etotal_int>     -16.92295761 </etotal_int>
  total_electronic_charge: 8.00000000
  <eigenvalue_sum>  -2.08952135 </eigenvalue_sum>
  Anderson extrapolation: theta=0.91423634 (0.91423634)
  <etotal_int>     -16.92295761 </etotal_int>
  total_electronic_charge: 8.00000000
  <eigenvalue_sum>  -2.08952181 </eigenvalue_sum>
  Anderson extrapolation: theta=0.74289242 (0.74289242)
  <etotal_int>     -16.92295761 </etotal_int>
  total_electronic_charge: 8.00000000
  <eigenvalue_sum>  -2.08952364 </eigenvalue_sum>
  Anderson extrapolation: theta=1.00108025 (1.00108025)
  <etotal_int>     -16.92295761 </etotal_int>
  total_electronic_charge: 8.00000000
  <eigenvalue_sum>  -2.08952679 </eigenvalue_sum>
  Anderson extrapolation: theta=0.80178167 (0.80178167)
  <etotal_int>     -16.92295761 </etotal_int>
  total_electronic_charge: 8.00000000
  <eigenvalue_sum>  -2.08953041 </eigenvalue_sum>
  Anderson extrapolation: theta=1.02827557 (1.02827557)
  <etotal_int>     -16.92295762 </etotal_int>
  total_electronic_charge: 8.00000000
  <eigenvalue_sum>  -2.08953491 </eigenvalue_sum>
  Anderson extrapolation: theta=0.79833636 (0.79833636)
  <etotal_int>     -16.92295762 </etotal_int>
  total_electronic_charge: 8.00000000
  <eigenvalue_sum>  -2.08953899 </eigenvalue_sum>
  Anderson extrapolation: theta=0.96823991 (0.96823991)
  <etotal_int>     -16.92295762 </etotal_int>
  total_electronic_charge: 8.00000000
  <eigenvalue_sum>  -2.08954311 </eigenvalue_sum>
  Anderson extrapolation: theta=0.74600592 (0.74600592)
  <etotal_int>     -16.92295762 </etotal_int>
  total_electronic_charge: 8.00000000
  <ekin>        11.80028250 </ekin>
  <econf>        0.00000000 </econf>
  <eps>        -19.65863333 </eps>
  <enl>          2.15246112 </enl>
  <ecoul>       -7.14900301 </ecoul>
  <exc>         -4.06806490 </exc>
  <esr>          1.52555476 </esr>
  <eself>       10.10653777 </eself>
  <ets>          0.00000000 </ets>
  <eexf>         0.00000000 </eexf>
  <etotal>     -16.92295762 </etotal>
  <epv>          0.00000000 </epv>
  <eefield>      0.00000000 </eefield>
  <enthalpy>   -16.92295762 </enthalpy>
<atomset>
<unit_cell 
    a=" 16.00000000   0.00000000   0.00000000"
    b="  0.00000000  16.00000000   0.00000000"
    c="  0.00000000   0.00000000  16.00000000" />
  <atom name="O" species="oxygen">
    <position> 0.00000000 0.00000000 0.00000000 </position>
    <velocity> 0.00000000 0.00000000 0.00000000 </velocity>
    <force> 0.00000070 0.00000017 -0.05081562 </force>
  </atom>
  <atom name="H1" species="hydrogen">
    <position> 0.00000000 1.43153712 1.10941390 </position>
    <velocity> 0.00000000 0.00000000 0.00000000 </velocity>
    <force> 0.00000019 0.02955891 0.02538867 </force>
  </atom>
  <atom name="H2" species="hydrogen">
    <position> 0.00000000 -1.43153712 1.10941390 </position>
    <velocity> 0.00000000 0.00000000 0.00000000 </velocity>
    <force> 0.00000020 -0.02956010 0.02539110 </force>
  </atom>
</atomset>
<unit_cell_a_norm> 16.000000 </unit_cell_a_norm>
<unit_cell_b_norm> 16.000000 </unit_cell_b_norm>
<unit_cell_c_norm> 16.000000 </unit_cell_c_norm>
<unit_cell_alpha>  90.000 </unit_cell_alpha>
<unit_cell_beta>   90.000 </unit_cell_beta>
<unit_cell_gamma>  90.000 </unit_cell_gamma>
<unit_cell_volume> 4096.000 </unit_cell_volume>
<timing name="iteration"       min="5.741" max="5.741"/>
</iteration>
<timing name="charge"          min="1.637" max="1.637"/>
<timing name="energy"          min="1.962" max="1.962"/>
<timing name="ortho_align"     min="0.080" max="0.080"/>
<timing name="psda_prec"       min="0.013" max="0.013"/>
<timing name="psda_residual"   min="0.048" max="0.048"/>
<timing name="psda_update_wf"  min="0.022" max="0.022"/>
<timing name="update_vhxc"     min="1.933" max="1.933"/>
<timing name="wf_update"       min="0.198" max="0.198"/>
<timing name="ekin"            min="0.039" max="0.039"/>
<timing name="exc"             min="0.974" max="0.974"/>
<timing name="hpsi"            min="1.568" max="1.568"/>
<timing name="nonlocal"        min="0.347" max="0.347"/>
<timing name="charge_compute"  min="0.789" max="0.789"/>
<timing name="charge_integral" min="0.061" max="0.061"/>
<timing name="charge_rowsum"   min="0.056" max="0.056"/>
<timing name="charge_vft"      min="0.729" max="0.729"/>
[qbox]  End of command stream 
<real_time> 6.042 </real_time>
<end_time> 2019-12-13T02:59:01Z </end_time>
</fpmd:simulation>
