--------------------------------------------------------------------------
[[15115,1],0]: A high-performance Open MPI point-to-point messaging module
was unable to find any relevant network interfaces:

Module: OpenFabrics (openib)
  Host: ip-172-31-19-165

Another transport will be used instead, although this may result in
lower performance.

NOTE: You can disable this warning by setting the MCA parameter
btl_base_warn_component_unused to 0.
--------------------------------------------------------------------------
<?xml version="1.0" encoding="UTF-8"?>
<fpmd:simulation xmlns:fpmd="http://www.quantum-simulation.org/ns/fpmd/fpmd-1.0">
<uuid> abaa14ce-1d54-11ea-bc63-06b03d31dcd0 </uuid>

                   ============================
                   I qbox 1.63.8              I
                   I                          I
                   I                          I
                   I                          I
                   I                          I
                   I                          I
                   I                          I
                   I                          I
                   I                          I
                   I                          I
                   I                          I
                   I                          I
                   I http://qboxcode.org      I
                   ============================


<release> 1.63.8  </release>
<svn_version>  </svn_version>
<user> ubuntu </user>
<sysname> Linux </sysname>
<nodename> ip-172-31-19-165 </nodename>
<start_time> 2019-12-13T03:00:08Z </start_time>
<mpi_processes count="1">
<process id="0"> ip-172-31-19-165 </process>
</mpi_processes>
[qbox] <cmd>species oxygen O_HSCV_LDA-1.0.xml</cmd>
  SpeciesCmd: defining species oxygen as O_HSCV_LDA-1.0.xml

Warning at file , line 0, char 0
  Message: unable to open primary document entity '/home/ubuntu/computation/species.xsd'

 species oxygen:
<species name="oxygen">
 <description>
 PSGen-1.6.1 pseudopotential: HSCV O xc=LDA
 Generated by PSGen-1.6.1 on 2009-10-11T04:37:28Z
 psgen arguments:
 -element O -xc LDA -smooth_v -bound l=0:rc=0.8 -bound l=1:rc=0.8
 </description>
 <symbol>O</symbol>
 <atomic_number>8</atomic_number>
 <mass>15.9994</mass>
 <norm_conserving_pseudopotential>
 <valence_charge>6</valence_charge>
 <lmax>1</lmax>
 <llocal>1</llocal>
 <nquad>0</nquad>
 <rquad>0</rquad>
 <mesh_spacing>0.01</mesh_spacing>
 </norm_conserving_pseudopotential>
</species>
 Kleinman-Bylander potential
 rcps_ =   1.5
[qbox] <cmd>species hydrogen H_HSCV_LDA-1.0.xml</cmd>
  SpeciesCmd: defining species hydrogen as H_HSCV_LDA-1.0.xml

Warning at file , line 0, char 0
  Message: unable to open primary document entity '/home/ubuntu/computation/species.xsd'

 species hydrogen:
<species name="hydrogen">
 <description>
 PSGen-1.6.1 pseudopotential: HSCV H xc=LDA
 Generated by PSGen-1.6.1 on 2009-10-11T04:37:09Z
 psgen arguments:
 -element H -xc LDA -smooth_v -bound l=0:rc=0.5
 </description>
 <symbol>H</symbol>
 <atomic_number>1</atomic_number>
 <mass>1.00794</mass>
 <norm_conserving_pseudopotential>
 <valence_charge>1</valence_charge>
 <lmax>0</lmax>
 <llocal>0</llocal>
 <nquad>0</nquad>
 <rquad>0</rquad>
 <mesh_spacing>0.01</mesh_spacing>
 </norm_conserving_pseudopotential>
</species>
 local potential
 rcps_ =   1.5
[qbox] <cmd>set cell 16.0 0 0  0 16.0 0  0 0 16.0</cmd>
<unit_cell 
    a=" 16.00000000   0.00000000   0.00000000"
    b="  0.00000000  16.00000000   0.00000000"
    c="  0.00000000   0.00000000  16.00000000" />
[qbox] <cmd>atom O oxygen  0.00000000 0.00000000 0.00000000 </cmd>
[qbox] <cmd>atom H1 hydrogen  0.00000000 1.43153712 1.10941390</cmd>
[qbox] <cmd>atom H2 hydrogen   0.00000000 -1.43153712 1.10941390</cmd>
[qbox] <cmd>set xc LDA</cmd>
[qbox] <cmd>set ecut 80</cmd>
[qbox] <cmd>set ecutprec 5</cmd>
[qbox] <cmd>set wf_dyn PSDA</cmd>
[qbox] <cmd>set scf_tol 0.000000001</cmd>
[qbox] <cmd>randomize_wf</cmd>
[qbox] <cmd>run 0 400</cmd>
  EnergyFunctional: np0v,np1v,np2v: 110 110 110
  EnergyFunctional: vft->np012(): 1331000
<wavefunction ecut="40.00000000" nspin="1" nel="8" nempty="0">
<cell a="16.000000 0.000000 0.000000"
      b="0.000000 16.000000 0.000000"
      c="0.000000 0.000000 16.000000"/>
 reciprocal lattice vectors
 0.392699 0.000000 0.000000
 0.000000 0.392699 0.000000
 0.000000 0.000000 0.392699
<refcell a="0.000000 0.000000 0.000000"
         b="0.000000 0.000000 0.000000"
         c="0.000000 0.000000 0.000000"/>
<grid nx="48" ny="48" nz="48"/>
 kpoint: 0.000000 0.000000 0.000000 weight: 1.000000
<slater_determinant kpoint="0.000000 0.000000 0.000000" size="4">
 sdcontext: 1x1
 basis size: 24755
 c dimensions: 24755x4   (24755x4 blocks)
 <density_matrix form="diagonal" size="4">
 </density_matrix>
</slater_determinant>
</wavefunction>
<iteration count="1">
  total_electronic_charge: 8.00000000
  <eigenvalue_sum>  69.33139260 </eigenvalue_sum>
  <etotal_int>     137.75313470 </etotal_int>
  total_electronic_charge: 7.99943293
  <eigenvalue_sum>  11.21171739 </eigenvalue_sum>
  Anderson extrapolation: theta=0.27852266 (0.27852266)
  <etotal_int>      22.10095427 </etotal_int>
  total_electronic_charge: 7.99999936
  <eigenvalue_sum>  -1.87541860 </eigenvalue_sum>
  Anderson extrapolation: theta=0.01634247 (0.01634247)
  <etotal_int>      -3.24989602 </etotal_int>
  total_electronic_charge: 8.00000000
  <eigenvalue_sum>  -2.81210162 </eigenvalue_sum>
  Anderson extrapolation: theta=0.58745006 (0.58745006)
  <etotal_int>      -5.45219533 </etotal_int>
  total_electronic_charge: 8.00000000
  <eigenvalue_sum>  -3.45127743 </eigenvalue_sum>
  Anderson extrapolation: theta=-0.17954055 (-0.17954055)
  <etotal_int>      -6.90307528 </etotal_int>
  total_electronic_charge: 8.00000000
  <eigenvalue_sum>  -3.63834539 </eigenvalue_sum>
  Anderson extrapolation: theta=-2.82447199 (0.00000000)
  <etotal_int>      -7.39222363 </etotal_int>
  total_electronic_charge: 8.00000000
  <eigenvalue_sum>  -3.97698625 </eigenvalue_sum>
  Anderson extrapolation: theta=-2.40913868 (0.00000000)
  <etotal_int>      -8.37787284 </etotal_int>
  total_electronic_charge: 8.00000000
  <eigenvalue_sum>  -4.33494827 </eigenvalue_sum>
  Anderson extrapolation: theta=-1.43322957 (0.00000000)
  <etotal_int>      -9.76050327 </etotal_int>
  total_electronic_charge: 8.00000000
  <eigenvalue_sum>  -4.53816855 </eigenvalue_sum>
  Anderson extrapolation: theta=0.72237699 (0.72237699)
  <etotal_int>     -11.21072499 </etotal_int>
  total_electronic_charge: 8.00000000
  <eigenvalue_sum>  -4.46442326 </eigenvalue_sum>
  Anderson extrapolation: theta=0.35378631 (0.35378631)
  <etotal_int>     -12.88689725 </etotal_int>
  total_electronic_charge: 8.00000000
  <eigenvalue_sum>  -4.29087454 </eigenvalue_sum>
  Anderson extrapolation: theta=0.10280134 (0.10280134)
  <etotal_int>     -13.69111796 </etotal_int>
  total_electronic_charge: 8.00000000
  <eigenvalue_sum>  -4.14118538 </eigenvalue_sum>
  Anderson extrapolation: theta=-0.09593461 (-0.09593461)
  <etotal_int>     -14.15466497 </etotal_int>
  total_electronic_charge: 8.00000000
  <eigenvalue_sum>  -4.00454066 </eigenvalue_sum>
  Anderson extrapolation: theta=1.36433944 (1.36433944)
  <etotal_int>     -14.48924267 </etotal_int>
  total_electronic_charge: 8.00000000
  <eigenvalue_sum>  -3.61711692 </eigenvalue_sum>
  Anderson extrapolation: theta=1.01252814 (1.01252814)
  <etotal_int>     -15.17947351 </etotal_int>
  total_electronic_charge: 8.00000000
  <eigenvalue_sum>  -3.21975463 </eigenvalue_sum>
  Anderson extrapolation: theta=0.57208587 (0.57208587)
  <etotal_int>     -15.72357991 </etotal_int>
  total_electronic_charge: 8.00000000
  <eigenvalue_sum>  -3.13495781 </eigenvalue_sum>
  Anderson extrapolation: theta=0.23189385 (0.23189385)
  <etotal_int>     -15.88430672 </etotal_int>
  total_electronic_charge: 8.00000000
  <eigenvalue_sum>  -3.11973123 </eigenvalue_sum>
  Anderson extrapolation: theta=-0.01948752 (-0.01948752)
  <etotal_int>     -15.92161514 </etotal_int>
  total_electronic_charge: 8.00000000
  <eigenvalue_sum>  -3.10195772 </eigenvalue_sum>
  Anderson extrapolation: theta=-2.04159271 (0.00000000)
  <etotal_int>     -15.94137986 </etotal_int>
  total_electronic_charge: 8.00000000
  <eigenvalue_sum>  -3.08251155 </eigenvalue_sum>
  Anderson extrapolation: theta=-4.08956096 (0.00000000)
  <etotal_int>     -15.96281721 </etotal_int>
  total_electronic_charge: 8.00000000
  <eigenvalue_sum>  -3.06022737 </eigenvalue_sum>
  Anderson extrapolation: theta=-5.66722374 (0.00000000)
  <etotal_int>     -15.98630431 </etotal_int>
  total_electronic_charge: 8.00000000
  <eigenvalue_sum>  -3.03429659 </eigenvalue_sum>
  Anderson extrapolation: theta=-6.70069239 (0.00000000)
  <etotal_int>     -16.01261358 </etotal_int>
  total_electronic_charge: 8.00000000
  <eigenvalue_sum>  -3.00417795 </eigenvalue_sum>
  Anderson extrapolation: theta=-7.37492697 (0.00000000)
  <etotal_int>     -16.04239577 </etotal_int>
  total_electronic_charge: 8.00000000
  <eigenvalue_sum>  -2.96947212 </eigenvalue_sum>
  Anderson extrapolation: theta=-7.82443103 (0.00000000)
  <etotal_int>     -16.07619874 </etotal_int>
  total_electronic_charge: 8.00000000
  <eigenvalue_sum>  -2.92989713 </eigenvalue_sum>
  Anderson extrapolation: theta=-8.11336256 (0.00000000)
  <etotal_int>     -16.11444059 </etotal_int>
  total_electronic_charge: 8.00000000
  <eigenvalue_sum>  -2.88531827 </eigenvalue_sum>
  Anderson extrapolation: theta=-8.24615359 (0.00000000)
  <etotal_int>     -16.15735978 </etotal_int>
  total_electronic_charge: 8.00000000
  <eigenvalue_sum>  -2.83580592 </eigenvalue_sum>
  Anderson extrapolation: theta=-8.17234330 (0.00000000)
  <etotal_int>     -16.20495781 </etotal_int>
  total_electronic_charge: 8.00000000
  <eigenvalue_sum>  -2.78169869 </eigenvalue_sum>
  Anderson extrapolation: theta=-7.78744385 (0.00000000)
  <etotal_int>     -16.25695150 </etotal_int>
  total_electronic_charge: 8.00000000
  <eigenvalue_sum>  -2.72364994 </eigenvalue_sum>
  Anderson extrapolation: theta=-6.94435455 (0.00000000)
  <etotal_int>     -16.31275230 </etotal_int>
  total_electronic_charge: 8.00000000
  <eigenvalue_sum>  -2.66263490 </eigenvalue_sum>
  Anderson extrapolation: theta=-5.49816265 (0.00000000)
  <etotal_int>     -16.37148615 </etotal_int>
  total_electronic_charge: 8.00000000
  <eigenvalue_sum>  -2.59990422 </eigenvalue_sum>
  Anderson extrapolation: theta=-3.39639477 (0.00000000)
  <etotal_int>     -16.43205802 </etotal_int>
  total_electronic_charge: 8.00000000
  <eigenvalue_sum>  -2.53688255 </eigenvalue_sum>
  Anderson extrapolation: theta=-0.77349198 (-0.77349198)
  <etotal_int>     -16.49325179 </etotal_int>
  total_electronic_charge: 8.00000000
  <eigenvalue_sum>  -2.52303001 </eigenvalue_sum>
  Anderson extrapolation: theta=5.47060615 (2.00000000)
  <etotal_int>     -16.50706143 </etotal_int>
  total_electronic_charge: 8.00000000
  <eigenvalue_sum>  -2.43448244 </eigenvalue_sum>
  Anderson extrapolation: theta=2.09909986 (2.00000000)
  <etotal_int>     -16.59418153 </etotal_int>
  total_electronic_charge: 8.00000000
  <eigenvalue_sum>  -2.22121260 </eigenvalue_sum>
  Anderson extrapolation: theta=1.59900747 (1.59900747)
  <etotal_int>     -16.80308740 </etotal_int>
  total_electronic_charge: 8.00000000
  <eigenvalue_sum>  -2.05908625 </eigenvalue_sum>
  Anderson extrapolation: theta=0.39456553 (0.39456553)
  <etotal_int>     -17.04638436 </etotal_int>
  total_electronic_charge: 8.00000000
  <eigenvalue_sum>  -2.06914135 </eigenvalue_sum>
  Anderson extrapolation: theta=0.47257606 (0.47257606)
  <etotal_int>     -17.10325840 </etotal_int>
  total_electronic_charge: 8.00000000
  <eigenvalue_sum>  -2.06496041 </eigenvalue_sum>
  Anderson extrapolation: theta=1.36250219 (1.36250219)
  <etotal_int>     -17.12563801 </etotal_int>
  total_electronic_charge: 8.00000000
  <eigenvalue_sum>  -2.08480274 </eigenvalue_sum>
  Anderson extrapolation: theta=0.21080449 (0.21080449)
  <etotal_int>     -17.14347530 </etotal_int>
  total_electronic_charge: 8.00000000
  <eigenvalue_sum>  -2.07539746 </eigenvalue_sum>
  Anderson extrapolation: theta=2.06418602 (2.00000000)
  <etotal_int>     -17.14734886 </etotal_int>
  total_electronic_charge: 8.00000000
  <eigenvalue_sum>  -2.06636282 </eigenvalue_sum>
  Anderson extrapolation: theta=0.29553383 (0.29553383)
  <etotal_int>     -17.15215773 </etotal_int>
  total_electronic_charge: 8.00000000
  <eigenvalue_sum>  -2.06494654 </eigenvalue_sum>
  Anderson extrapolation: theta=1.44037013 (1.44037013)
  <etotal_int>     -17.15333493 </etotal_int>
  total_electronic_charge: 8.00000000
  <eigenvalue_sum>  -2.06511987 </eigenvalue_sum>
  Anderson extrapolation: theta=0.40865616 (0.40865616)
  <etotal_int>     -17.15449620 </etotal_int>
  total_electronic_charge: 8.00000000
  <eigenvalue_sum>  -2.06496605 </eigenvalue_sum>
  Anderson extrapolation: theta=1.39676497 (1.39676497)
  <etotal_int>     -17.15498380 </etotal_int>
  total_electronic_charge: 8.00000000
  <eigenvalue_sum>  -2.06466634 </eigenvalue_sum>
  Anderson extrapolation: theta=0.45252673 (0.45252673)
  <etotal_int>     -17.15549534 </etotal_int>
  total_electronic_charge: 8.00000000
  <eigenvalue_sum>  -2.06379680 </eigenvalue_sum>
  Anderson extrapolation: theta=1.39866461 (1.39866461)
  <etotal_int>     -17.15575366 </etotal_int>
  total_electronic_charge: 8.00000000
  <eigenvalue_sum>  -2.06235875 </eigenvalue_sum>
  Anderson extrapolation: theta=0.48285615 (0.48285615)
  <etotal_int>     -17.15603965 </etotal_int>
  total_electronic_charge: 8.00000000
  <eigenvalue_sum>  -2.06123105 </eigenvalue_sum>
  Anderson extrapolation: theta=1.39312033 (1.39312033)
  <etotal_int>     -17.15619094 </etotal_int>
  total_electronic_charge: 8.00000000
  <eigenvalue_sum>  -2.05958653 </eigenvalue_sum>
  Anderson extrapolation: theta=0.50548320 (0.50548320)
  <etotal_int>     -17.15635742 </etotal_int>
  total_electronic_charge: 8.00000000
  <eigenvalue_sum>  -2.05854435 </eigenvalue_sum>
  Anderson extrapolation: theta=1.34859585 (1.34859585)
  <etotal_int>     -17.15644437 </etotal_int>
  total_electronic_charge: 8.00000000
  <eigenvalue_sum>  -2.05712951 </eigenvalue_sum>
  Anderson extrapolation: theta=0.50771505 (0.50771505)
  <etotal_int>     -17.15653442 </etotal_int>
  total_electronic_charge: 8.00000000
  <eigenvalue_sum>  -2.05632716 </eigenvalue_sum>
  Anderson extrapolation: theta=1.29845130 (1.29845130)
  <etotal_int>     -17.15658059 </etotal_int>
  total_electronic_charge: 8.00000000
  <eigenvalue_sum>  -2.05532792 </eigenvalue_sum>
  Anderson extrapolation: theta=0.50552343 (0.50552343)
  <etotal_int>     -17.15662680 </etotal_int>
  total_electronic_charge: 8.00000000
  <eigenvalue_sum>  -2.05483596 </eigenvalue_sum>
  Anderson extrapolation: theta=1.30098909 (1.30098909)
  <etotal_int>     -17.15665162 </etotal_int>
  total_electronic_charge: 8.00000000
  <eigenvalue_sum>  -2.05427785 </eigenvalue_sum>
  Anderson extrapolation: theta=0.52564806 (0.52564806)
  <etotal_int>     -17.15667785 </etotal_int>
  total_electronic_charge: 8.00000000
  <eigenvalue_sum>  -2.05404687 </eigenvalue_sum>
  Anderson extrapolation: theta=1.34839460 (1.34839460)
  <etotal_int>     -17.15669299 </etotal_int>
  total_electronic_charge: 8.00000000
  <eigenvalue_sum>  -2.05382154 </eigenvalue_sum>
  Anderson extrapolation: theta=0.55469055 (0.55469055)
  <etotal_int>     -17.15670970 </etotal_int>
  total_electronic_charge: 8.00000000
  <eigenvalue_sum>  -2.05375925 </eigenvalue_sum>
  Anderson extrapolation: theta=1.33146747 (1.33146747)
  <etotal_int>     -17.15671919 </etotal_int>
  total_electronic_charge: 8.00000000
  <eigenvalue_sum>  -2.05373967 </eigenvalue_sum>
  Anderson extrapolation: theta=0.55100950 (0.55100950)
  <etotal_int>     -17.15672889 </etotal_int>
  total_electronic_charge: 8.00000000
  <eigenvalue_sum>  -2.05377013 </eigenvalue_sum>
  Anderson extrapolation: theta=1.25275212 (1.25275212)
  <etotal_int>     -17.15673399 </etotal_int>
  total_electronic_charge: 8.00000000
  <eigenvalue_sum>  -2.05384583 </eigenvalue_sum>
  Anderson extrapolation: theta=0.52709060 (0.52709060)
  <etotal_int>     -17.15673869 </etotal_int>
  total_electronic_charge: 8.00000000
  <eigenvalue_sum>  -2.05391026 </eigenvalue_sum>
  Anderson extrapolation: theta=1.23207066 (1.23207066)
  <etotal_int>     -17.15674123 </etotal_int>
  total_electronic_charge: 8.00000000
  <eigenvalue_sum>  -2.05401347 </eigenvalue_sum>
  Anderson extrapolation: theta=0.52715190 (0.52715190)
  <etotal_int>     -17.15674373 </etotal_int>
  total_electronic_charge: 8.00000000
  <eigenvalue_sum>  -2.05408593 </eigenvalue_sum>
  Anderson extrapolation: theta=1.29869011 (1.29869011)
  <etotal_int>     -17.15674529 </etotal_int>
  total_electronic_charge: 8.00000000
  <eigenvalue_sum>  -2.05419753 </eigenvalue_sum>
  Anderson extrapolation: theta=0.56077842 (0.56077842)
  <etotal_int>     -17.15674707 </etotal_int>
  total_electronic_charge: 8.00000000
  <eigenvalue_sum>  -2.05427326 </eigenvalue_sum>
  Anderson extrapolation: theta=1.36031363 (1.36031363)
  <etotal_int>     -17.15674821 </etotal_int>
  total_electronic_charge: 8.00000000
  <eigenvalue_sum>  -2.05438623 </eigenvalue_sum>
  Anderson extrapolation: theta=0.58990433 (0.58990433)
  <etotal_int>     -17.15674953 </etotal_int>
  total_electronic_charge: 8.00000000
  <eigenvalue_sum>  -2.05445759 </eigenvalue_sum>
  Anderson extrapolation: theta=1.31793602 (1.31793602)
  <etotal_int>     -17.15675032 </etotal_int>
  total_electronic_charge: 8.00000000
  <eigenvalue_sum>  -2.05455123 </eigenvalue_sum>
  Anderson extrapolation: theta=0.57712693 (0.57712693)
  <etotal_int>     -17.15675111 </etotal_int>
  total_electronic_charge: 8.00000000
  <eigenvalue_sum>  -2.05459988 </eigenvalue_sum>
  Anderson extrapolation: theta=1.22514406 (1.22514406)
  <etotal_int>     -17.15675153 </etotal_int>
  total_electronic_charge: 8.00000000
  <eigenvalue_sum>  -2.05464995 </eigenvalue_sum>
  Anderson extrapolation: theta=0.54578352 (0.54578352)
  <etotal_int>     -17.15675190 </etotal_int>
  total_electronic_charge: 8.00000000
  <eigenvalue_sum>  -2.05466507 </eigenvalue_sum>
  Anderson extrapolation: theta=1.19817047 (1.19817047)
  <etotal_int>     -17.15675210 </etotal_int>
  total_electronic_charge: 8.00000000
  <eigenvalue_sum>  -2.05466979 </eigenvalue_sum>
  Anderson extrapolation: theta=0.54010179 (0.54010179)
  <etotal_int>     -17.15675228 </etotal_int>
  total_electronic_charge: 8.00000000
  <eigenvalue_sum>  -2.05465882 </eigenvalue_sum>
  Anderson extrapolation: theta=1.26446420 (1.26446420)
  <etotal_int>     -17.15675241 </etotal_int>
  total_electronic_charge: 8.00000000
  <eigenvalue_sum>  -2.05463293 </eigenvalue_sum>
  Anderson extrapolation: theta=0.57164808 (0.57164808)
  <etotal_int>     -17.15675254 </etotal_int>
  total_electronic_charge: 8.00000000
  <eigenvalue_sum>  -2.05460763 </eigenvalue_sum>
  Anderson extrapolation: theta=1.34323736 (1.34323736)
  <etotal_int>     -17.15675264 </etotal_int>
  total_electronic_charge: 8.00000000
  <eigenvalue_sum>  -2.05456628 </eigenvalue_sum>
  Anderson extrapolation: theta=0.60766863 (0.60766863)
  <etotal_int>     -17.15675275 </etotal_int>
  total_electronic_charge: 8.00000000
  <eigenvalue_sum>  -2.05453603 </eigenvalue_sum>
  Anderson extrapolation: theta=1.32734872 (1.32734872)
  <etotal_int>     -17.15675282 </etotal_int>
  total_electronic_charge: 8.00000000
  <eigenvalue_sum>  -2.05449421 </eigenvalue_sum>
  Anderson extrapolation: theta=0.60510469 (0.60510469)
  <etotal_int>     -17.15675290 </etotal_int>
  total_electronic_charge: 8.00000000
  <eigenvalue_sum>  -2.05446921 </eigenvalue_sum>
  Anderson extrapolation: theta=1.23715101 (1.23715101)
  <etotal_int>     -17.15675294 </etotal_int>
  total_electronic_charge: 8.00000000
  <eigenvalue_sum>  -2.05444103 </eigenvalue_sum>
  Anderson extrapolation: theta=0.57341227 (0.57341227)
  <etotal_int>     -17.15675298 </etotal_int>
  total_electronic_charge: 8.00000000
  <eigenvalue_sum>  -2.05442860 </eigenvalue_sum>
  Anderson extrapolation: theta=1.18212330 (1.18212330)
  <etotal_int>     -17.15675300 </etotal_int>
  total_electronic_charge: 8.00000000
  <eigenvalue_sum>  -2.05441855 </eigenvalue_sum>
  Anderson extrapolation: theta=0.55439711 (0.55439711)
  <etotal_int>     -17.15675302 </etotal_int>
  total_electronic_charge: 8.00000000
  <eigenvalue_sum>  -2.05441765 </eigenvalue_sum>
  Anderson extrapolation: theta=1.21134751 (1.21134751)
  <etotal_int>     -17.15675303 </etotal_int>
  total_electronic_charge: 8.00000000
  <eigenvalue_sum>  -2.05442098 </eigenvalue_sum>
  Anderson extrapolation: theta=0.56693060 (0.56693060)
  <etotal_int>     -17.15675304 </etotal_int>
  total_electronic_charge: 8.00000000
  <eigenvalue_sum>  -2.05442676 </eigenvalue_sum>
  Anderson extrapolation: theta=1.28406110 (1.28406110)
  <etotal_int>     -17.15675305 </etotal_int>
  total_electronic_charge: 8.00000000
  <eigenvalue_sum>  -2.05443720 </eigenvalue_sum>
  Anderson extrapolation: theta=0.59752840 (0.59752840)
  <etotal_int>     -17.15675305 </etotal_int>
  total_electronic_charge: 8.00000000
  <eigenvalue_sum>  -2.05444572 </eigenvalue_sum>
  Anderson extrapolation: theta=1.32049605 (1.32049605)
  <etotal_int>     -17.15675306 </etotal_int>
  total_electronic_charge: 8.00000000
  <eigenvalue_sum>  -2.05445819 </eigenvalue_sum>
  Anderson extrapolation: theta=0.61741311 (0.61741311)
  <etotal_int>     -17.15675307 </etotal_int>
  total_electronic_charge: 8.00000000
  <eigenvalue_sum>  -2.05446644 </eigenvalue_sum>
  Anderson extrapolation: theta=1.29039619 (1.29039619)
  <etotal_int>     -17.15675307 </etotal_int>
  total_electronic_charge: 8.00000000
  <eigenvalue_sum>  -2.05447678 </eigenvalue_sum>
  Anderson extrapolation: theta=0.61362930 (0.61362930)
  <etotal_int>     -17.15675308 </etotal_int>
  total_electronic_charge: 8.00000000
  <eigenvalue_sum>  -2.05448237 </eigenvalue_sum>
  Anderson extrapolation: theta=1.23514015 (1.23514015)
  <etotal_int>     -17.15675308 </etotal_int>
  total_electronic_charge: 8.00000000
  <eigenvalue_sum>  -2.05448808 </eigenvalue_sum>
  Anderson extrapolation: theta=0.59734301 (0.59734301)
  <etotal_int>     -17.15675308 </etotal_int>
  total_electronic_charge: 8.00000000
  <eigenvalue_sum>  -2.05449015 </eigenvalue_sum>
  Anderson extrapolation: theta=1.19993755 (1.19993755)
  <etotal_int>     -17.15675308 </etotal_int>
  total_electronic_charge: 8.00000000
  <eigenvalue_sum>  -2.05449124 </eigenvalue_sum>
  Anderson extrapolation: theta=0.58322519 (0.58322519)
  <etotal_int>     -17.15675309 </etotal_int>
  total_electronic_charge: 8.00000000
  <eigenvalue_sum>  -2.05449057 </eigenvalue_sum>
  Anderson extrapolation: theta=1.19845123 (1.19845123)
  <etotal_int>     -17.15675309 </etotal_int>
  total_electronic_charge: 8.00000000
  <eigenvalue_sum>  -2.05448863 </eigenvalue_sum>
  Anderson extrapolation: theta=0.57912344 (0.57912344)
  <etotal_int>     -17.15675309 </etotal_int>
  total_electronic_charge: 8.00000000
  <eigenvalue_sum>  -2.05448657 </eigenvalue_sum>
  Anderson extrapolation: theta=1.22577352 (1.22577352)
  <etotal_int>     -17.15675309 </etotal_int>
  total_electronic_charge: 8.00000000
  <eigenvalue_sum>  -2.05448338 </eigenvalue_sum>
  Anderson extrapolation: theta=0.58900394 (0.58900394)
  <etotal_int>     -17.15675309 </etotal_int>
  total_electronic_charge: 8.00000000
  <ekin>        12.64818314 </ekin>
  <econf>        0.00000000 </econf>
  <eps>        -20.69557759 </eps>
  <enl>          2.00450068 </enl>
  <ecoul>       -6.99232948 </ecoul>
  <exc>         -4.12152984 </exc>
  <esr>          1.52555476 </esr>
  <eself>       10.10653777 </eself>
  <ets>          0.00000000 </ets>
  <eexf>         0.00000000 </eexf>
  <etotal>     -17.15675309 </etotal>
  <epv>          0.00000000 </epv>
  <eefield>      0.00000000 </eefield>
  <enthalpy>   -17.15675309 </enthalpy>
<atomset>
<unit_cell 
    a=" 16.00000000   0.00000000   0.00000000"
    b="  0.00000000  16.00000000   0.00000000"
    c="  0.00000000   0.00000000  16.00000000" />
  <atom name="O" species="oxygen">
    <position> 0.00000000 0.00000000 0.00000000 </position>
    <velocity> 0.00000000 0.00000000 0.00000000 </velocity>
    <force> -0.00000547 0.00000052 -0.01731078 </force>
  </atom>
  <atom name="H1" species="hydrogen">
    <position> 0.00000000 1.43153712 1.10941390 </position>
    <velocity> 0.00000000 0.00000000 0.00000000 </velocity>
    <force> -0.00000054 0.01334041 0.00865556 </force>
  </atom>
  <atom name="H2" species="hydrogen">
    <position> 0.00000000 -1.43153712 1.10941390 </position>
    <velocity> 0.00000000 0.00000000 0.00000000 </velocity>
    <force> -0.00000047 -0.01334195 0.00865623 </force>
  </atom>
</atomset>
<unit_cell_a_norm> 16.000000 </unit_cell_a_norm>
<unit_cell_b_norm> 16.000000 </unit_cell_b_norm>
<unit_cell_c_norm> 16.000000 </unit_cell_c_norm>
<unit_cell_alpha>  90.000 </unit_cell_alpha>
<unit_cell_beta>   90.000 </unit_cell_beta>
<unit_cell_gamma>  90.000 </unit_cell_gamma>
<unit_cell_volume> 4096.000 </unit_cell_volume>
<timing name="iteration"       min="25.665" max="25.665"/>
</iteration>
<timing name="charge"          min="8.105" max="8.105"/>
<timing name="energy"          min="7.745" max="7.745"/>
<timing name="ortho_align"     min="0.282" max="0.282"/>
<timing name="psda_prec"       min="0.044" max="0.044"/>
<timing name="psda_residual"   min="0.154" max="0.154"/>
<timing name="psda_update_wf"  min="0.078" max="0.078"/>
<timing name="update_vhxc"     min="9.118" max="9.118"/>
<timing name="wf_update"       min="0.662" max="0.662"/>
<timing name="ekin"            min="0.121" max="0.121"/>
<timing name="exc"             min="4.768" max="4.768"/>
<timing name="hpsi"            min="7.079" max="7.079"/>
<timing name="nonlocal"        min="0.518" max="0.518"/>
<timing name="charge_compute"  min="4.196" max="4.196"/>
<timing name="charge_integral" min="0.308" max="0.308"/>
<timing name="charge_rowsum"   min="0.361" max="0.361"/>
<timing name="charge_vft"      min="3.235" max="3.235"/>
[qbox]  End of command stream 
<real_time> 26.114 </real_time>
<end_time> 2019-12-13T03:00:34Z </end_time>
</fpmd:simulation>
