--------------------------------------------------------------------------
[[15132,1],0]: A high-performance Open MPI point-to-point messaging module
was unable to find any relevant network interfaces:

Module: OpenFabrics (openib)
  Host: ip-172-31-19-165

Another transport will be used instead, although this may result in
lower performance.

NOTE: You can disable this warning by setting the MCA parameter
btl_base_warn_component_unused to 0.
--------------------------------------------------------------------------
<?xml version="1.0" encoding="UTF-8"?>
<fpmd:simulation xmlns:fpmd="http://www.quantum-simulation.org/ns/fpmd/fpmd-1.0">
<uuid> 99117e1a-1d54-11ea-bc63-06b03d31dcd0 </uuid>

                   ============================
                   I qbox 1.63.8              I
                   I                          I
                   I                          I
                   I                          I
                   I                          I
                   I                          I
                   I                          I
                   I                          I
                   I                          I
                   I                          I
                   I                          I
                   I                          I
                   I http://qboxcode.org      I
                   ============================


<release> 1.63.8  </release>
<svn_version>  </svn_version>
<user> ubuntu </user>
<sysname> Linux </sysname>
<nodename> ip-172-31-19-165 </nodename>
<start_time> 2019-12-13T02:59:37Z </start_time>
<mpi_processes count="1">
<process id="0"> ip-172-31-19-165 </process>
</mpi_processes>
[qbox] <cmd>species oxygen O_HSCV_LDA-1.0.xml</cmd>
  SpeciesCmd: defining species oxygen as O_HSCV_LDA-1.0.xml

Warning at file , line 0, char 0
  Message: unable to open primary document entity '/home/ubuntu/computation/species.xsd'

 species oxygen:
<species name="oxygen">
 <description>
 PSGen-1.6.1 pseudopotential: HSCV O xc=LDA
 Generated by PSGen-1.6.1 on 2009-10-11T04:37:28Z
 psgen arguments:
 -element O -xc LDA -smooth_v -bound l=0:rc=0.8 -bound l=1:rc=0.8
 </description>
 <symbol>O</symbol>
 <atomic_number>8</atomic_number>
 <mass>15.9994</mass>
 <norm_conserving_pseudopotential>
 <valence_charge>6</valence_charge>
 <lmax>1</lmax>
 <llocal>1</llocal>
 <nquad>0</nquad>
 <rquad>0</rquad>
 <mesh_spacing>0.01</mesh_spacing>
 </norm_conserving_pseudopotential>
</species>
 Kleinman-Bylander potential
 rcps_ =   1.5
[qbox] <cmd>species hydrogen H_HSCV_LDA-1.0.xml</cmd>
  SpeciesCmd: defining species hydrogen as H_HSCV_LDA-1.0.xml

Warning at file , line 0, char 0
  Message: unable to open primary document entity '/home/ubuntu/computation/species.xsd'

 species hydrogen:
<species name="hydrogen">
 <description>
 PSGen-1.6.1 pseudopotential: HSCV H xc=LDA
 Generated by PSGen-1.6.1 on 2009-10-11T04:37:09Z
 psgen arguments:
 -element H -xc LDA -smooth_v -bound l=0:rc=0.5
 </description>
 <symbol>H</symbol>
 <atomic_number>1</atomic_number>
 <mass>1.00794</mass>
 <norm_conserving_pseudopotential>
 <valence_charge>1</valence_charge>
 <lmax>0</lmax>
 <llocal>0</llocal>
 <nquad>0</nquad>
 <rquad>0</rquad>
 <mesh_spacing>0.01</mesh_spacing>
 </norm_conserving_pseudopotential>
</species>
 local potential
 rcps_ =   1.5
[qbox] <cmd>set cell 16.0 0 0  0 16.0 0  0 0 16.0</cmd>
<unit_cell 
    a=" 16.00000000   0.00000000   0.00000000"
    b="  0.00000000  16.00000000   0.00000000"
    c="  0.00000000   0.00000000  16.00000000" />
[qbox] <cmd>atom O oxygen  0.00000000 0.00000000 0.00000000 </cmd>
[qbox] <cmd>atom H1 hydrogen  0.00000000 1.43153712 1.10941390</cmd>
[qbox] <cmd>atom H2 hydrogen   0.00000000 -1.43153712 1.10941390</cmd>
[qbox] <cmd>set xc LDA</cmd>
[qbox] <cmd>set ecut 60</cmd>
[qbox] <cmd>set ecutprec 5</cmd>
[qbox] <cmd>set wf_dyn PSDA</cmd>
[qbox] <cmd>set scf_tol 0.000000001</cmd>
[qbox] <cmd>randomize_wf</cmd>
[qbox] <cmd>run 0 400</cmd>
  EnergyFunctional: np0v,np1v,np2v: 84 84 84
  EnergyFunctional: vft->np012(): 592704
<wavefunction ecut="30.00000000" nspin="1" nel="8" nempty="0">
<cell a="16.000000 0.000000 0.000000"
      b="0.000000 16.000000 0.000000"
      c="0.000000 0.000000 16.000000"/>
 reciprocal lattice vectors
 0.392699 0.000000 0.000000
 0.000000 0.392699 0.000000
 0.000000 0.000000 0.392699
<refcell a="0.000000 0.000000 0.000000"
         b="0.000000 0.000000 0.000000"
         c="0.000000 0.000000 0.000000"/>
<grid nx="42" ny="42" nz="42"/>
 kpoint: 0.000000 0.000000 0.000000 weight: 1.000000
<slater_determinant kpoint="0.000000 0.000000 0.000000" size="4">
 sdcontext: 1x1
 basis size: 16116
 c dimensions: 16116x4   (16116x4 blocks)
 <density_matrix form="diagonal" size="4">
 </density_matrix>
</slater_determinant>
</wavefunction>
<iteration count="1">
  total_electronic_charge: 8.00000000
  <eigenvalue_sum>  46.24955752 </eigenvalue_sum>
  <etotal_int>      92.03525165 </etotal_int>
  total_electronic_charge: 7.99995716
  <eigenvalue_sum>  8.25189372 </eigenvalue_sum>
  Anderson extrapolation: theta=0.29743510 (0.29743510)
  <etotal_int>      16.33224406 </etotal_int>
  total_electronic_charge: 7.99999978
  <eigenvalue_sum>  -1.95250528 </eigenvalue_sum>
  Anderson extrapolation: theta=0.03797109 (0.03797109)
  <etotal_int>      -3.57050845 </etotal_int>
  total_electronic_charge: 8.00000000
  <eigenvalue_sum>  -2.85760917 </eigenvalue_sum>
  Anderson extrapolation: theta=0.53165438 (0.53165438)
  <etotal_int>      -5.61903234 </etotal_int>
  total_electronic_charge: 8.00000000
  <eigenvalue_sum>  -3.43489622 </eigenvalue_sum>
  Anderson extrapolation: theta=-0.30952640 (-0.30952640)
  <etotal_int>      -6.90819611 </etotal_int>
  total_electronic_charge: 8.00000000
  <eigenvalue_sum>  -3.57300195 </eigenvalue_sum>
  Anderson extrapolation: theta=-3.49758993 (0.00000000)
  <etotal_int>      -7.29304079 </etotal_int>
  total_electronic_charge: 8.00000000
  <eigenvalue_sum>  -3.92749866 </eigenvalue_sum>
  Anderson extrapolation: theta=-2.33979605 (0.00000000)
  <etotal_int>      -8.32320602 </etotal_int>
  total_electronic_charge: 8.00000000
  <eigenvalue_sum>  -4.30447341 </eigenvalue_sum>
  Anderson extrapolation: theta=-1.32876374 (0.00000000)
  <etotal_int>      -9.77245205 </etotal_int>
  total_electronic_charge: 8.00000000
  <eigenvalue_sum>  -4.51089023 </eigenvalue_sum>
  Anderson extrapolation: theta=0.79422400 (0.79422400)
  <etotal_int>     -11.26132232 </etotal_int>
  total_electronic_charge: 8.00000000
  <eigenvalue_sum>  -4.42493864 </eigenvalue_sum>
  Anderson extrapolation: theta=0.28182131 (0.28182131)
  <etotal_int>     -12.93651998 </etotal_int>
  total_electronic_charge: 8.00000000
  <eigenvalue_sum>  -4.28187816 </eigenvalue_sum>
  Anderson extrapolation: theta=-0.07891339 (-0.07891339)
  <etotal_int>     -13.63688657 </etotal_int>
  total_electronic_charge: 8.00000000
  <eigenvalue_sum>  -4.17772567 </eigenvalue_sum>
  Anderson extrapolation: theta=-1.65818712 (0.00000000)
  <etotal_int>     -14.00707986 </etotal_int>
  total_electronic_charge: 8.00000000
  <eigenvalue_sum>  -4.01057291 </eigenvalue_sum>
  Anderson extrapolation: theta=-0.51938691 (-0.51938691)
  <etotal_int>     -14.44120169 </etotal_int>
  total_electronic_charge: 8.00000000
  <eigenvalue_sum>  -3.91629909 </eigenvalue_sum>
  Anderson extrapolation: theta=1.47168614 (1.47168614)
  <etotal_int>     -14.64833612 </etotal_int>
  total_electronic_charge: 8.00000000
  <eigenvalue_sum>  -3.50245681 </eigenvalue_sum>
  Anderson extrapolation: theta=0.90160536 (0.90160536)
  <etotal_int>     -15.33300658 </etotal_int>
  total_electronic_charge: 8.00000000
  <eigenvalue_sum>  -2.80836614 </eigenvalue_sum>
  Anderson extrapolation: theta=0.82359657 (0.82359657)
  <etotal_int>     -16.09062357 </etotal_int>
  total_electronic_charge: 8.00000000
  <eigenvalue_sum>  -2.19625433 </eigenvalue_sum>
  Anderson extrapolation: theta=0.82068027 (0.82068027)
  <etotal_int>     -16.61866986 </etotal_int>
  total_electronic_charge: 8.00000000
  <eigenvalue_sum>  -1.93554344 </eigenvalue_sum>
  Anderson extrapolation: theta=0.72704253 (0.72704253)
  <etotal_int>     -16.91624465 </etotal_int>
  total_electronic_charge: 8.00000000
  <eigenvalue_sum>  -1.96158508 </eigenvalue_sum>
  Anderson extrapolation: theta=0.32702195 (0.32702195)
  <etotal_int>     -17.04357112 </etotal_int>
  total_electronic_charge: 8.00000000
  <eigenvalue_sum>  -1.98950589 </eigenvalue_sum>
  Anderson extrapolation: theta=1.36767034 (1.36767034)
  <etotal_int>     -17.07689896 </etotal_int>
  total_electronic_charge: 8.00000000
  <eigenvalue_sum>  -2.06003601 </eigenvalue_sum>
  Anderson extrapolation: theta=0.14812611 (0.14812611)
  <etotal_int>     -17.10120068 </etotal_int>
  total_electronic_charge: 8.00000000
  <eigenvalue_sum>  -2.05282428 </eigenvalue_sum>
  Anderson extrapolation: theta=1.93490902 (1.93490902)
  <etotal_int>     -17.10577914 </etotal_int>
  total_electronic_charge: 8.00000000
  <eigenvalue_sum>  -2.04819268 </eigenvalue_sum>
  Anderson extrapolation: theta=0.26610966 (0.26610966)
  <etotal_int>     -17.11187831 </etotal_int>
  total_electronic_charge: 8.00000000
  <eigenvalue_sum>  -2.05073000 </eigenvalue_sum>
  Anderson extrapolation: theta=1.89689660 (1.89689660)
  <etotal_int>     -17.11369623 </etotal_int>
  total_electronic_charge: 8.00000000
  <eigenvalue_sum>  -2.06078761 </eigenvalue_sum>
  Anderson extrapolation: theta=0.37444062 (0.37444062)
  <etotal_int>     -17.11624753 </etotal_int>
  total_electronic_charge: 8.00000000
  <eigenvalue_sum>  -2.06532188 </eigenvalue_sum>
  Anderson extrapolation: theta=1.56111840 (1.56111840)
  <etotal_int>     -17.11712673 </etotal_int>
  total_electronic_charge: 8.00000000
  <eigenvalue_sum>  -2.07234988 </eigenvalue_sum>
  Anderson extrapolation: theta=0.38081730 (0.38081730)
  <etotal_int>     -17.11803420 </etotal_int>
  total_electronic_charge: 8.00000000
  <eigenvalue_sum>  -2.07315970 </eigenvalue_sum>
  Anderson extrapolation: theta=1.38945832 (1.38945832)
  <etotal_int>     -17.11832480 </etotal_int>
  total_electronic_charge: 8.00000000
  <eigenvalue_sum>  -2.07306583 </eigenvalue_sum>
  Anderson extrapolation: theta=0.35294295 (0.35294295)
  <etotal_int>     -17.11856746 </etotal_int>
  total_electronic_charge: 8.00000000
  <eigenvalue_sum>  -2.07151163 </eigenvalue_sum>
  Anderson extrapolation: theta=1.46553843 (1.46553843)
  <etotal_int>     -17.11865793 </etotal_int>
  total_electronic_charge: 8.00000000
  <eigenvalue_sum>  -2.06848101 </eigenvalue_sum>
  Anderson extrapolation: theta=0.37056887 (0.37056887)
  <etotal_int>     -17.11875046 </etotal_int>
  total_electronic_charge: 8.00000000
  <eigenvalue_sum>  -2.06667418 </eigenvalue_sum>
  Anderson extrapolation: theta=1.60340241 (1.60340241)
  <etotal_int>     -17.11879721 </etotal_int>
  total_electronic_charge: 8.00000000
  <eigenvalue_sum>  -2.06356898 </eigenvalue_sum>
  Anderson extrapolation: theta=0.42150365 (0.42150365)
  <etotal_int>     -17.11885811 </etotal_int>
  total_electronic_charge: 8.00000000
  <eigenvalue_sum>  -2.06214418 </eigenvalue_sum>
  Anderson extrapolation: theta=1.64053167 (1.64053167)
  <etotal_int>     -17.11888979 </etotal_int>
  total_electronic_charge: 8.00000000
  <eigenvalue_sum>  -2.05997066 </eigenvalue_sum>
  Anderson extrapolation: theta=0.45638430 (0.45638430)
  <etotal_int>     -17.11893097 </etotal_int>
  total_electronic_charge: 8.00000000
  <eigenvalue_sum>  -2.05917060 </eigenvalue_sum>
  Anderson extrapolation: theta=1.52024582 (1.52024582)
  <etotal_int>     -17.11895028 </etotal_int>
  total_electronic_charge: 8.00000000
  <eigenvalue_sum>  -2.05824437 </eigenvalue_sum>
  Anderson extrapolation: theta=0.45220765 (0.45220765)
  <etotal_int>     -17.11897147 </etotal_int>
  total_electronic_charge: 8.00000000
  <eigenvalue_sum>  -2.05807628 </eigenvalue_sum>
  Anderson extrapolation: theta=1.39430589 (1.39430589)
  <etotal_int>     -17.11898032 </etotal_int>
  total_electronic_charge: 8.00000000
  <eigenvalue_sum>  -2.05807071 </eigenvalue_sum>
  Anderson extrapolation: theta=0.43048564 (0.43048564)
  <etotal_int>     -17.11898854 </etotal_int>
  total_electronic_charge: 8.00000000
  <eigenvalue_sum>  -2.05824336 </eigenvalue_sum>
  Anderson extrapolation: theta=1.36864437 (1.36864437)
  <etotal_int>     -17.11899202 </etotal_int>
  total_electronic_charge: 8.00000000
  <eigenvalue_sum>  -2.05860204 </eigenvalue_sum>
  Anderson extrapolation: theta=0.42276999 (0.42276999)
  <etotal_int>     -17.11899532 </etotal_int>
  total_electronic_charge: 8.00000000
  <eigenvalue_sum>  -2.05883798 </eigenvalue_sum>
  Anderson extrapolation: theta=1.44871924 (1.44871924)
  <etotal_int>     -17.11899703 </etotal_int>
  total_electronic_charge: 8.00000000
  <eigenvalue_sum>  -2.05922136 </eigenvalue_sum>
  Anderson extrapolation: theta=0.44554043 (0.44554043)
  <etotal_int>     -17.11899901 </etotal_int>
  total_electronic_charge: 8.00000000
  <eigenvalue_sum>  -2.05941139 </eigenvalue_sum>
  Anderson extrapolation: theta=1.54086127 (1.54086127)
  <etotal_int>     -17.11900013 </etotal_int>
  total_electronic_charge: 8.00000000
  <eigenvalue_sum>  -2.05969784 </eigenvalue_sum>
  Anderson extrapolation: theta=0.47830230 (0.47830230)
  <etotal_int>     -17.11900155 </etotal_int>
  total_electronic_charge: 8.00000000
  <eigenvalue_sum>  -2.05981730 </eigenvalue_sum>
  Anderson extrapolation: theta=1.51709631 (1.51709631)
  <etotal_int>     -17.11900231 </etotal_int>
  total_electronic_charge: 8.00000000
  <eigenvalue_sum>  -2.05997125 </eigenvalue_sum>
  Anderson extrapolation: theta=0.48372167 (0.48372167)
  <etotal_int>     -17.11900319 </etotal_int>
  total_electronic_charge: 8.00000000
  <eigenvalue_sum>  -2.06001565 </eigenvalue_sum>
  Anderson extrapolation: theta=1.41521235 (1.41521235)
  <etotal_int>     -17.11900361 </etotal_int>
  total_electronic_charge: 8.00000000
  <eigenvalue_sum>  -2.06004990 </eigenvalue_sum>
  Anderson extrapolation: theta=0.46555065 (0.46555065)
  <etotal_int>     -17.11900403 </etotal_int>
  total_electronic_charge: 8.00000000
  <eigenvalue_sum>  -2.06003957 </eigenvalue_sum>
  Anderson extrapolation: theta=1.36183033 (1.36183033)
  <etotal_int>     -17.11900422 </etotal_int>
  total_electronic_charge: 8.00000000
  <eigenvalue_sum>  -2.06000558 </eigenvalue_sum>
  Anderson extrapolation: theta=0.45416024 (0.45416024)
  <etotal_int>     -17.11900441 </etotal_int>
  total_electronic_charge: 8.00000000
  <eigenvalue_sum>  -2.05997402 </eigenvalue_sum>
  Anderson extrapolation: theta=1.39525503 (1.39525503)
  <etotal_int>     -17.11900450 </etotal_int>
  total_electronic_charge: 8.00000000
  <eigenvalue_sum>  -2.05992052 </eigenvalue_sum>
  Anderson extrapolation: theta=0.46408887 (0.46408887)
  <etotal_int>     -17.11900459 </etotal_int>
  total_electronic_charge: 8.00000000
  <eigenvalue_sum>  -2.05988941 </eigenvalue_sum>
  Anderson extrapolation: theta=1.45769546 (1.45769546)
  <etotal_int>     -17.11900465 </etotal_int>
  total_electronic_charge: 8.00000000
  <eigenvalue_sum>  -2.05984264 </eigenvalue_sum>
  Anderson extrapolation: theta=0.48433353 (0.48433353)
  <etotal_int>     -17.11900471 </etotal_int>
  total_electronic_charge: 8.00000000
  <eigenvalue_sum>  -2.05982052 </eigenvalue_sum>
  Anderson extrapolation: theta=1.46691063 (1.46691063)
  <etotal_int>     -17.11900475 </etotal_int>
  total_electronic_charge: 8.00000000
  <eigenvalue_sum>  -2.05979117 </eigenvalue_sum>
  Anderson extrapolation: theta=0.49289607 (0.49289607)
  <etotal_int>     -17.11900479 </etotal_int>
  total_electronic_charge: 8.00000000
  <eigenvalue_sum>  -2.05978049 </eigenvalue_sum>
  Anderson extrapolation: theta=1.41962812 (1.41962812)
  <etotal_int>     -17.11900481 </etotal_int>
  total_electronic_charge: 8.00000000
  <eigenvalue_sum>  -2.05976967 </eigenvalue_sum>
  Anderson extrapolation: theta=0.48681838 (0.48681838)
  <etotal_int>     -17.11900483 </etotal_int>
  total_electronic_charge: 8.00000000
  <eigenvalue_sum>  -2.05976853 </eigenvalue_sum>
  Anderson extrapolation: theta=1.38426958 (1.38426958)
  <etotal_int>     -17.11900484 </etotal_int>
  total_electronic_charge: 8.00000000
  <eigenvalue_sum>  -2.05977048 </eigenvalue_sum>
  Anderson extrapolation: theta=0.48320618 (0.48320618)
  <etotal_int>     -17.11900485 </etotal_int>
  total_electronic_charge: 8.00000000
  <eigenvalue_sum>  -2.05977434 </eigenvalue_sum>
  Anderson extrapolation: theta=1.39486273 (1.39486273)
  <etotal_int>     -17.11900486 </etotal_int>
  total_electronic_charge: 8.00000000
  <eigenvalue_sum>  -2.05978168 </eigenvalue_sum>
  Anderson extrapolation: theta=0.49101429 (0.49101429)
  <etotal_int>     -17.11900487 </etotal_int>
  total_electronic_charge: 8.00000000
  <eigenvalue_sum>  -2.05978662 </eigenvalue_sum>
  Anderson extrapolation: theta=1.41620460 (1.41620460)
  <etotal_int>     -17.11900487 </etotal_int>
  total_electronic_charge: 8.00000000
  <eigenvalue_sum>  -2.05979412 </eigenvalue_sum>
  Anderson extrapolation: theta=0.49982238 (0.49982238)
  <etotal_int>     -17.11900487 </etotal_int>
  total_electronic_charge: 8.00000000
  <eigenvalue_sum>  -2.05979795 </eigenvalue_sum>
  Anderson extrapolation: theta=1.40401936 (1.40401936)
  <etotal_int>     -17.11900488 </etotal_int>
  total_electronic_charge: 8.00000000
  <eigenvalue_sum>  -2.05980292 </eigenvalue_sum>
  Anderson extrapolation: theta=0.49730300 (0.49730300)
  <etotal_int>     -17.11900488 </etotal_int>
  total_electronic_charge: 8.00000000
  <eigenvalue_sum>  -2.05980481 </eigenvalue_sum>
  Anderson extrapolation: theta=1.37436629 (1.37436629)
  <etotal_int>     -17.11900488 </etotal_int>
  total_electronic_charge: 8.00000000
  <eigenvalue_sum>  -2.05980672 </eigenvalue_sum>
  Anderson extrapolation: theta=0.49017450 (0.49017450)
  <etotal_int>     -17.11900488 </etotal_int>
  total_electronic_charge: 8.00000000
  <eigenvalue_sum>  -2.05980697 </eigenvalue_sum>
  Anderson extrapolation: theta=1.37641124 (1.37641124)
  <etotal_int>     -17.11900488 </etotal_int>
  total_electronic_charge: 8.00000000
  <eigenvalue_sum>  -2.05980673 </eigenvalue_sum>
  Anderson extrapolation: theta=0.49524883 (0.49524883)
  <etotal_int>     -17.11900488 </etotal_int>
  total_electronic_charge: 8.00000000
  <eigenvalue_sum>  -2.05980614 </eigenvalue_sum>
  Anderson extrapolation: theta=1.41520519 (1.41520519)
  <etotal_int>     -17.11900488 </etotal_int>
  total_electronic_charge: 8.00000000
  <eigenvalue_sum>  -2.05980499 </eigenvalue_sum>
  Anderson extrapolation: theta=0.51429480 (0.51429480)
  <etotal_int>     -17.11900488 </etotal_int>
  total_electronic_charge: 8.00000000
  <ekin>        12.48865651 </ekin>
  <econf>        0.00000000 </econf>
  <eps>        -20.50262429 </eps>
  <enl>          2.02657379 </enl>
  <ecoul>       -7.01792562 </ecoul>
  <exc>         -4.11368527 </exc>
  <esr>          1.52555476 </esr>
  <eself>       10.10653777 </eself>
  <ets>          0.00000000 </ets>
  <eexf>         0.00000000 </eexf>
  <etotal>     -17.11900488 </etotal>
  <epv>          0.00000000 </epv>
  <eefield>      0.00000000 </eefield>
  <enthalpy>   -17.11900488 </enthalpy>
<atomset>
<unit_cell 
    a=" 16.00000000   0.00000000   0.00000000"
    b="  0.00000000  16.00000000   0.00000000"
    c="  0.00000000   0.00000000  16.00000000" />
  <atom name="O" species="oxygen">
    <position> 0.00000000 0.00000000 0.00000000 </position>
    <velocity> 0.00000000 0.00000000 0.00000000 </velocity>
    <force> -0.00000149 -0.00000007 -0.01808448 </force>
  </atom>
  <atom name="H1" species="hydrogen">
    <position> 0.00000000 1.43153712 1.10941390 </position>
    <velocity> 0.00000000 0.00000000 0.00000000 </velocity>
    <force> -0.00000020 0.01314791 0.00902400 </force>
  </atom>
  <atom name="H2" species="hydrogen">
    <position> 0.00000000 -1.43153712 1.10941390 </position>
    <velocity> 0.00000000 0.00000000 0.00000000 </velocity>
    <force> -0.00000030 -0.01314862 0.00902444 </force>
  </atom>
</atomset>
<unit_cell_a_norm> 16.000000 </unit_cell_a_norm>
<unit_cell_b_norm> 16.000000 </unit_cell_b_norm>
<unit_cell_c_norm> 16.000000 </unit_cell_c_norm>
<unit_cell_alpha>  90.000 </unit_cell_alpha>
<unit_cell_beta>   90.000 </unit_cell_beta>
<unit_cell_gamma>  90.000 </unit_cell_gamma>
<unit_cell_volume> 4096.000 </unit_cell_volume>
<timing name="iteration"       min="9.206" max="9.206"/>
</iteration>
<timing name="charge"          min="2.591" max="2.591"/>
<timing name="energy"          min="3.066" max="3.066"/>
<timing name="ortho_align"     min="0.133" max="0.133"/>
<timing name="psda_prec"       min="0.021" max="0.021"/>
<timing name="psda_residual"   min="0.073" max="0.073"/>
<timing name="psda_update_wf"  min="0.037" max="0.037"/>
<timing name="update_vhxc"     min="3.217" max="3.217"/>
<timing name="wf_update"       min="0.314" max="0.314"/>
<timing name="ekin"            min="0.060" max="0.060"/>
<timing name="exc"             min="1.599" max="1.599"/>
<timing name="hpsi"            min="2.407" max="2.407"/>
<timing name="nonlocal"        min="0.584" max="0.584"/>
<timing name="charge_compute"  min="1.266" max="1.266"/>
<timing name="charge_integral" min="0.098" max="0.098"/>
<timing name="charge_rowsum"   min="0.097" max="0.097"/>
<timing name="charge_vft"      min="1.127" max="1.127"/>
[qbox]  End of command stream 
<real_time> 9.628 </real_time>
<end_time> 2019-12-13T02:59:46Z </end_time>
</fpmd:simulation>
